Flow report for OA
Tue Feb 26 14:21:34 2019
Quartus II Version 9.1 Build 222 10/21/2009 SJ Full Version


---------------------
; Table of Contents ;
---------------------
  1. Legal Notice
  2. Flow Summary
  3. Flow Settings
  4. Flow Non-Default Global Settings
  5. Flow Elapsed Time
  6. Flow OS Summary
  7. Flow Log



----------------
; Legal Notice ;
----------------
Copyright (C) 1991-2009 Altera Corporation
Your use of Altera Corporation's design tools, logic functions 
and other software and tools, and its AMPP partner logic 
functions, and any output files from any of the foregoing 
(including device programming or simulation files), and any 
associated documentation or information are expressly subject 
to the terms and conditions of the Altera Program License 
Subscription Agreement, Altera MegaCore Function License 
Agreement, or other applicable license agreement, including, 
without limitation, that your use is for the sole purpose of 
programming logic devices manufactured by Altera and sold by 
Altera or its authorized distributors.  Please refer to the 
applicable agreement for further details.



+-------------------------------------------------------------------------------+
; Flow Summary                                                                  ;
+------------------------------------+------------------------------------------+
; Flow Status                        ; Successful - Tue Feb 26 14:21:29 2019    ;
; Quartus II Version                 ; 9.1 Build 222 10/21/2009 SJ Full Version ;
; Revision Name                      ; OA                                       ;
; Top-level Entity Name              ; OA                                       ;
; Family                             ; Cyclone III                              ;
; Device                             ; EP3C5F256C8                              ;
; Timing Models                      ; Final                                    ;
; Met timing requirements            ; N/A                                      ;
; Total logic elements               ; 186 / 5,136 ( 4 % )                      ;
;     Total combinational functions  ; 185 / 5,136 ( 4 % )                      ;
;     Dedicated logic registers      ; 84 / 5,136 ( 2 % )                       ;
; Total registers                    ; 84                                       ;
; Total pins                         ; 113 / 183 ( 62 % )                       ;
; Total virtual pins                 ; 0                                        ;
; Total memory bits                  ; 0 / 423,936 ( 0 % )                      ;
; Embedded Multiplier 9-bit elements ; 0 / 46 ( 0 % )                           ;
; Total PLLs                         ; 0 / 2 ( 0 % )                            ;
+------------------------------------+------------------------------------------+


+-----------------------------------------+
; Flow Settings                           ;
+-------------------+---------------------+
; Option            ; Setting             ;
+-------------------+---------------------+
; Start date & time ; 02/26/2019 14:21:10 ;
; Main task         ; Compilation         ;
; Revision Name     ; OA                  ;
+-------------------+---------------------+


+---------------------------------------------------------------------------------------------------------------------+
; Flow Non-Default Global Settings                                                                                    ;
+------------------------------------+---------------------------------+---------------+-------------+----------------+
; Assignment Name                    ; Value                           ; Default Value ; Entity Name ; Section Id     ;
+------------------------------------+---------------------------------+---------------+-------------+----------------+
; COMPILER_SIGNATURE_ID              ; 228800460517598.155118006902592 ; --            ; --          ; --             ;
; IP_TOOL_NAME                       ; LPM_SHIFTREG                    ; --            ; --          ; --             ;
; IP_TOOL_NAME                       ; LPM_SHIFTREG                    ; --            ; --          ; --             ;
; IP_TOOL_NAME                       ; LPM_XOR                         ; --            ; --          ; --             ;
; IP_TOOL_NAME                       ; LPM_MUX                         ; --            ; --          ; --             ;
; IP_TOOL_NAME                       ; LPM_MUX                         ; --            ; --          ; --             ;
; IP_TOOL_NAME                       ; LPM_AND                         ; --            ; --          ; --             ;
; IP_TOOL_NAME                       ; LPM_ADD_SUB                     ; --            ; --          ; --             ;
; IP_TOOL_NAME                       ; LPM_SHIFTREG                    ; --            ; --          ; --             ;
; IP_TOOL_NAME                       ; LPM_COUNTER                     ; --            ; --          ; --             ;
; IP_TOOL_NAME                       ; LPM_FF                          ; --            ; --          ; --             ;
; IP_TOOL_NAME                       ; LPM_ADD_SUB                     ; --            ; --          ; --             ;
; IP_TOOL_NAME                       ; LPM_COUNTER                     ; --            ; --          ; --             ;
; IP_TOOL_NAME                       ; LPM_OR                          ; --            ; --          ; --             ;
; IP_TOOL_NAME                       ; LPM_FF                          ; --            ; --          ; --             ;
; IP_TOOL_NAME                       ; LPM_CLSHIFT                     ; --            ; --          ; --             ;
; IP_TOOL_NAME                       ; LPM_FF                          ; --            ; --          ; --             ;
; IP_TOOL_VERSION                    ; 9.1                             ; --            ; --          ; --             ;
; IP_TOOL_VERSION                    ; 9.1                             ; --            ; --          ; --             ;
; IP_TOOL_VERSION                    ; 9.1                             ; --            ; --          ; --             ;
; IP_TOOL_VERSION                    ; 9.1                             ; --            ; --          ; --             ;
; IP_TOOL_VERSION                    ; 9.1                             ; --            ; --          ; --             ;
; IP_TOOL_VERSION                    ; 9.1                             ; --            ; --          ; --             ;
; IP_TOOL_VERSION                    ; 9.1                             ; --            ; --          ; --             ;
; IP_TOOL_VERSION                    ; 9.1                             ; --            ; --          ; --             ;
; IP_TOOL_VERSION                    ; 9.1                             ; --            ; --          ; --             ;
; IP_TOOL_VERSION                    ; 9.1                             ; --            ; --          ; --             ;
; IP_TOOL_VERSION                    ; 9.1                             ; --            ; --          ; --             ;
; IP_TOOL_VERSION                    ; 9.1                             ; --            ; --          ; --             ;
; IP_TOOL_VERSION                    ; 9.1                             ; --            ; --          ; --             ;
; IP_TOOL_VERSION                    ; 9.1                             ; --            ; --          ; --             ;
; IP_TOOL_VERSION                    ; 9.1                             ; --            ; --          ; --             ;
; IP_TOOL_VERSION                    ; 9.1                             ; --            ; --          ; --             ;
; MAX_CORE_JUNCTION_TEMP             ; 85                              ; --            ; --          ; --             ;
; MIN_CORE_JUNCTION_TEMP             ; 0                               ; --            ; --          ; --             ;
; MISC_FILE                          ; rg1.tdf                         ; --            ; --          ; --             ;
; MISC_FILE                          ; rg1.bsf                         ; --            ; --          ; --             ;
; MISC_FILE                          ; rg1.inc                         ; --            ; --          ; --             ;
; MISC_FILE                          ; rg1.cmp                         ; --            ; --          ; --             ;
; MISC_FILE                          ; rg2.tdf                         ; --            ; --          ; --             ;
; MISC_FILE                          ; rg2.bsf                         ; --            ; --          ; --             ;
; MISC_FILE                          ; rg2.inc                         ; --            ; --          ; --             ;
; MISC_FILE                          ; rg2.cmp                         ; --            ; --          ; --             ;
; MISC_FILE                          ; xor21.bsf                       ; --            ; --          ; --             ;
; MISC_FILE                          ; xor21.inc                       ; --            ; --          ; --             ;
; MISC_FILE                          ; xor21.cmp                       ; --            ; --          ; --             ;
; MISC_FILE                          ; mux21.bsf                       ; --            ; --          ; --             ;
; MISC_FILE                          ; mux21.inc                       ; --            ; --          ; --             ;
; MISC_FILE                          ; mux21.cmp                       ; --            ; --          ; --             ;
; MISC_FILE                          ; mux11.bsf                       ; --            ; --          ; --             ;
; MISC_FILE                          ; mux11.inc                       ; --            ; --          ; --             ;
; MISC_FILE                          ; mux11.cmp                       ; --            ; --          ; --             ;
; MISC_FILE                          ; and21.bsf                       ; --            ; --          ; --             ;
; MISC_FILE                          ; and21.inc                       ; --            ; --          ; --             ;
; MISC_FILE                          ; and21.cmp                       ; --            ; --          ; --             ;
; MISC_FILE                          ; sm1.bsf                         ; --            ; --          ; --             ;
; MISC_FILE                          ; sm1.inc                         ; --            ; --          ; --             ;
; MISC_FILE                          ; sm1.cmp                         ; --            ; --          ; --             ;
; MISC_FILE                          ; rg3.bsf                         ; --            ; --          ; --             ;
; MISC_FILE                          ; rg3.inc                         ; --            ; --          ; --             ;
; MISC_FILE                          ; rg3.cmp                         ; --            ; --          ; --             ;
; MISC_FILE                          ; ct2.bsf                         ; --            ; --          ; --             ;
; MISC_FILE                          ; ct2.inc                         ; --            ; --          ; --             ;
; MISC_FILE                          ; ct2.cmp                         ; --            ; --          ; --             ;
; MISC_FILE                          ; rg4.bsf                         ; --            ; --          ; --             ;
; MISC_FILE                          ; rg4.inc                         ; --            ; --          ; --             ;
; MISC_FILE                          ; rg4.cmp                         ; --            ; --          ; --             ;
; MISC_FILE                          ; sm2.bsf                         ; --            ; --          ; --             ;
; MISC_FILE                          ; sm2.inc                         ; --            ; --          ; --             ;
; MISC_FILE                          ; sm2.cmp                         ; --            ; --          ; --             ;
; MISC_FILE                          ; ct1.bsf                         ; --            ; --          ; --             ;
; MISC_FILE                          ; ct1.inc                         ; --            ; --          ; --             ;
; MISC_FILE                          ; ct1.cmp                         ; --            ; --          ; --             ;
; MISC_FILE                          ; ili4.bsf                        ; --            ; --          ; --             ;
; MISC_FILE                          ; ili4.inc                        ; --            ; --          ; --             ;
; MISC_FILE                          ; ili4.cmp                        ; --            ; --          ; --             ;
; MISC_FILE                          ; rg3_new.bsf                     ; --            ; --          ; --             ;
; MISC_FILE                          ; rg3_new.inc                     ; --            ; --          ; --             ;
; MISC_FILE                          ; leftshift.bsf                   ; --            ; --          ; --             ;
; MISC_FILE                          ; leftshift.inc                   ; --            ; --          ; --             ;
; MISC_FILE                          ; reg.bsf                         ; --            ; --          ; --             ;
; MISC_FILE                          ; reg.inc                         ; --            ; --          ; --             ;
; NOMINAL_CORE_SUPPLY_VOLTAGE        ; 1.2V                            ; --            ; --          ; --             ;
; PARTITION_COLOR                    ; 16764057                        ; --            ; --          ; Top            ;
; PARTITION_NETLIST_TYPE             ; SOURCE                          ; --            ; --          ; Top            ;
; USE_GENERATED_PHYSICAL_CONSTRAINTS ; Off                             ; --            ; --          ; eda_blast_fpga ;
+------------------------------------+---------------------------------+---------------+-------------+----------------+


+-------------------------------------------------------------------------------------------------------------------------------+
; Flow Elapsed Time                                                                                                             ;
+---------------------------+--------------+-------------------------+---------------------+------------------------------------+
; Module Name               ; Elapsed Time ; Average Processors Used ; Peak Virtual Memory ; Total CPU Time (on all processors) ;
+---------------------------+--------------+-------------------------+---------------------+------------------------------------+
; Analysis & Synthesis      ; 00:00:08     ; 1.0                     ; 277 MB              ; 00:00:07                           ;
; Fitter                    ; 00:00:09     ; 1.3                     ; 314 MB              ; 00:00:09                           ;
; TimeQuest Timing Analyzer ; 00:00:06     ; 1.0                     ; 246 MB              ; 00:00:04                           ;
; Assembler                 ; 00:00:01     ; 1.0                     ; 194 MB              ; 00:00:00                           ;
; Total                     ; 00:00:23     ; --                      ; --                  ; 00:00:20                           ;
+---------------------------+--------------+-------------------------+---------------------+------------------------------------+


+--------------------------------------------------------------------------------------------+
; Flow OS Summary                                                                            ;
+---------------------------+------------------+---------------+------------+----------------+
; Module Name               ; Machine Hostname ; OS Name       ; OS Version ; Processor type ;
+---------------------------+------------------+---------------+------------+----------------+
; Analysis & Synthesis      ; DESKTOP-TDT08OD  ; Windows Vista ; 6.2        ; x86_64         ;
; Fitter                    ; DESKTOP-TDT08OD  ; Windows Vista ; 6.2        ; x86_64         ;
; Assembler                 ; DESKTOP-TDT08OD  ; Windows Vista ; 6.2        ; x86_64         ;
; TimeQuest Timing Analyzer ; DESKTOP-TDT08OD  ; Windows Vista ; 6.2        ; x86_64         ;
+---------------------------+------------------+---------------+------------+----------------+


------------
; Flow Log ;
------------
quartus_map --read_settings_files=on --write_settings_files=off OA -c OA
quartus_fit --read_settings_files=off --write_settings_files=off OA -c OA
quartus_asm --read_settings_files=off --write_settings_files=off OA -c OA
quartus_sta OA -c OA



