Analysis & Synthesis report for OA
Sun Mar 10 17:26:34 2019
Quartus II Version 9.1 Build 222 10/21/2009 SJ Full Version


---------------------
; Table of Contents ;
---------------------
  1. Legal Notice
  2. Analysis & Synthesis Summary
  3. Analysis & Synthesis Settings
  4. Parallel Compilation
  5. Analysis & Synthesis Source Files Read
  6. Analysis & Synthesis Resource Usage Summary
  7. Analysis & Synthesis Resource Utilization by Entity
  8. General Register Statistics
  9. Source assignments for UA:inst6|ct4pm:UAinst24|lpm_counter:lpm_counter_component
 10. Source assignments for UA:inst6|ct4pm:UAinst24|lpm_counter:lpm_counter_component|cntr_ihi:auto_generated
 11. Source assignments for ct2:inst18|lpm_counter:lpm_counter_component
 12. Source assignments for ct1:inst24|lpm_counter:lpm_counter_component
 13. Parameter Settings for User Entity Instance: UA:inst6|reg:inst7|lpm_ff:lpm_ff_component
 14. Parameter Settings for User Entity Instance: UA:inst6|dc4:UAinst28|lpm_decode:lpm_decode_component
 15. Parameter Settings for User Entity Instance: UA:inst6|ct4pm:UAinst24|lpm_counter:lpm_counter_component
 16. Parameter Settings for User Entity Instance: ct2:inst18|lpm_counter:lpm_counter_component
 17. Parameter Settings for User Entity Instance: rg1:inst|lpm_shiftreg:lpm_shiftreg_component
 18. Parameter Settings for User Entity Instance: sm2:inst20|lpm_add_sub:lpm_add_sub_component
 19. Parameter Settings for User Entity Instance: rg4:inst19|lpm_ff:lpm_ff_component
 20. Parameter Settings for User Entity Instance: ct1:inst24|lpm_counter:lpm_counter_component
 21. Parameter Settings for User Entity Instance: ili4:inst28|LPM_OR:lpm_or_component
 22. Parameter Settings for User Entity Instance: rg3_new:inst1|lpm_ff:lpm_ff_component
 23. Parameter Settings for User Entity Instance: mux21:inst31|LPM_MUX:lpm_mux_component
 24. Parameter Settings for User Entity Instance: sm1:inst13|lpm_add_sub:lpm_add_sub_component
 25. Parameter Settings for User Entity Instance: and21:inst12|LPM_AND:lpm_and_component
 26. Parameter Settings for User Entity Instance: xor21:inst5|LPM_XOR:lpm_xor_component
 27. Parameter Settings for User Entity Instance: rg2:inst3|lpm_shiftreg:lpm_shiftreg_component
 28. Parameter Settings for User Entity Instance: mux11:inst8|LPM_MUX:lpm_mux_component
 29. Parameter Settings for User Entity Instance: mux21:inst11|LPM_MUX:lpm_mux_component
 30. Parameter Settings for User Entity Instance: mux21:inst7|LPM_MUX:lpm_mux_component
 31. Parameter Settings for User Entity Instance: leftshift:inst14|lpm_clshift:lpm_clshift_component
 32. lpm_shiftreg Parameter Settings by Entity Instance
 33. Analysis & Synthesis Messages



----------------
; Legal Notice ;
----------------
Copyright (C) 1991-2009 Altera Corporation
Your use of Altera Corporation's design tools, logic functions 
and other software and tools, and its AMPP partner logic 
functions, and any output files from any of the foregoing 
(including device programming or simulation files), and any 
associated documentation or information are expressly subject 
to the terms and conditions of the Altera Program License 
Subscription Agreement, Altera MegaCore Function License 
Agreement, or other applicable license agreement, including, 
without limitation, that your use is for the sole purpose of 
programming logic devices manufactured by Altera and sold by 
Altera or its authorized distributors.  Please refer to the 
applicable agreement for further details.



+-------------------------------------------------------------------------------+
; Analysis & Synthesis Summary                                                  ;
+------------------------------------+------------------------------------------+
; Analysis & Synthesis Status        ; Successful - Sun Mar 10 17:26:34 2019    ;
; Quartus II Version                 ; 9.1 Build 222 10/21/2009 SJ Full Version ;
; Revision Name                      ; OA                                       ;
; Top-level Entity Name              ; OA                                       ;
; Family                             ; Cyclone III                              ;
; Total logic elements               ; 168                                      ;
;     Total combinational functions  ; 162                                      ;
;     Dedicated logic registers      ; 83                                       ;
; Total registers                    ; 83                                       ;
; Total pins                         ; 115                                      ;
; Total virtual pins                 ; 0                                        ;
; Total memory bits                  ; 0                                        ;
; Embedded Multiplier 9-bit elements ; 0                                        ;
; Total PLLs                         ; 0                                        ;
+------------------------------------+------------------------------------------+


+----------------------------------------------------------------------------------------------------------------------+
; Analysis & Synthesis Settings                                                                                        ;
+----------------------------------------------------------------------------+--------------------+--------------------+
; Option                                                                     ; Setting            ; Default Value      ;
+----------------------------------------------------------------------------+--------------------+--------------------+
; Device                                                                     ; EP3C5F256C8        ;                    ;
; Top-level entity name                                                      ; OA                 ; OA                 ;
; Family name                                                                ; Cyclone III        ; Stratix II         ;
; Use Generated Physical Constraints File                                    ; Off                ;                    ;
; Use smart compilation                                                      ; Off                ; Off                ;
; Enable parallel Assembler and TimeQuest Timing Analyzer during compilation ; On                 ; On                 ;
; Enable compact report table                                                ; Off                ; Off                ;
; Restructure Multiplexers                                                   ; Auto               ; Auto               ;
; Create Debugging Nodes for IP Cores                                        ; Off                ; Off                ;
; Preserve fewer node names                                                  ; On                 ; On                 ;
; Disable OpenCore Plus hardware evaluation                                  ; Off                ; Off                ;
; Verilog Version                                                            ; Verilog_2001       ; Verilog_2001       ;
; VHDL Version                                                               ; VHDL_1993          ; VHDL_1993          ;
; State Machine Processing                                                   ; Auto               ; Auto               ;
; Safe State Machine                                                         ; Off                ; Off                ;
; Extract Verilog State Machines                                             ; On                 ; On                 ;
; Extract VHDL State Machines                                                ; On                 ; On                 ;
; Ignore Verilog initial constructs                                          ; Off                ; Off                ;
; Iteration limit for constant Verilog loops                                 ; 5000               ; 5000               ;
; Iteration limit for non-constant Verilog loops                             ; 250                ; 250                ;
; Add Pass-Through Logic to Inferred RAMs                                    ; On                 ; On                 ;
; Parallel Synthesis                                                         ; On                 ; On                 ;
; DSP Block Balancing                                                        ; Auto               ; Auto               ;
; NOT Gate Push-Back                                                         ; On                 ; On                 ;
; Power-Up Don't Care                                                        ; On                 ; On                 ;
; Remove Redundant Logic Cells                                               ; Off                ; Off                ;
; Remove Duplicate Registers                                                 ; On                 ; On                 ;
; Ignore CARRY Buffers                                                       ; Off                ; Off                ;
; Ignore CASCADE Buffers                                                     ; Off                ; Off                ;
; Ignore GLOBAL Buffers                                                      ; Off                ; Off                ;
; Ignore ROW GLOBAL Buffers                                                  ; Off                ; Off                ;
; Ignore LCELL Buffers                                                       ; Off                ; Off                ;
; Ignore SOFT Buffers                                                        ; On                 ; On                 ;
; Limit AHDL Integers to 32 Bits                                             ; Off                ; Off                ;
; Optimization Technique                                                     ; Balanced           ; Balanced           ;
; Carry Chain Length                                                         ; 70                 ; 70                 ;
; Auto Carry Chains                                                          ; On                 ; On                 ;
; Auto Open-Drain Pins                                                       ; On                 ; On                 ;
; Perform WYSIWYG Primitive Resynthesis                                      ; Off                ; Off                ;
; Auto ROM Replacement                                                       ; On                 ; On                 ;
; Auto RAM Replacement                                                       ; On                 ; On                 ;
; Auto DSP Block Replacement                                                 ; On                 ; On                 ;
; Auto Shift Register Replacement                                            ; Auto               ; Auto               ;
; Auto Clock Enable Replacement                                              ; On                 ; On                 ;
; Strict RAM Replacement                                                     ; Off                ; Off                ;
; Allow Synchronous Control Signals                                          ; On                 ; On                 ;
; Force Use of Synchronous Clear Signals                                     ; Off                ; Off                ;
; Auto RAM Block Balancing                                                   ; On                 ; On                 ;
; Auto RAM to Logic Cell Conversion                                          ; Off                ; Off                ;
; Auto Resource Sharing                                                      ; Off                ; Off                ;
; Allow Any RAM Size For Recognition                                         ; Off                ; Off                ;
; Allow Any ROM Size For Recognition                                         ; Off                ; Off                ;
; Allow Any Shift Register Size For Recognition                              ; Off                ; Off                ;
; Use LogicLock Constraints during Resource Balancing                        ; On                 ; On                 ;
; Ignore translate_off and synthesis_off directives                          ; Off                ; Off                ;
; Timing-Driven Synthesis                                                    ; On                 ; On                 ;
; Show Parameter Settings Tables in Synthesis Report                         ; On                 ; On                 ;
; Ignore Maximum Fan-Out Assignments                                         ; Off                ; Off                ;
; Synchronization Register Chain Length                                      ; 2                  ; 2                  ;
; PowerPlay Power Optimization                                               ; Normal compilation ; Normal compilation ;
; HDL message level                                                          ; Level2             ; Level2             ;
; Suppress Register Optimization Related Messages                            ; Off                ; Off                ;
; Number of Removed Registers Reported in Synthesis Report                   ; 100                ; 100                ;
; Number of Inverted Registers Reported in Synthesis Report                  ; 100                ; 100                ;
; Clock MUX Protection                                                       ; On                 ; On                 ;
; Auto Gated Clock Conversion                                                ; Off                ; Off                ;
; Block Design Naming                                                        ; Auto               ; Auto               ;
; SDC constraint protection                                                  ; Off                ; Off                ;
; Synthesis Effort                                                           ; Auto               ; Auto               ;
; Shift Register Replacement - Allow Asynchronous Clear Signal               ; On                 ; On                 ;
; Analysis & Synthesis Message Level                                         ; Medium             ; Medium             ;
; Disable Register Merging Across Hierarchies                                ; Auto               ; Auto               ;
; Resource Aware Inference For Block RAM                                     ; On                 ; On                 ;
+----------------------------------------------------------------------------+--------------------+--------------------+


+------------------------------------------+
; Parallel Compilation                     ;
+----------------------------+-------------+
; Processors                 ; Number      ;
+----------------------------+-------------+
; Number detected on machine ; 2           ;
; Maximum allowed            ; 2           ;
;                            ;             ;
; Average used               ; 1.00        ;
; Maximum used               ; 1           ;
;                            ;             ;
; Usage by Processor         ; % Time Used ;
;     1 processor            ; 100.0%      ;
;     2 processors           ;   0.0%      ;
+----------------------------+-------------+


+----------------------------------------------------------------------------------------------------------------------------------------------------------------------------+
; Analysis & Synthesis Source Files Read                                                                                                                                     ;
+----------------------------------+-----------------+------------------------------------+----------------------------------------------------------------------------------+
; File Name with User-Entered Path ; Used in Netlist ; File Type                          ; File Name with Absolute Path                                                     ;
+----------------------------------+-----------------+------------------------------------+----------------------------------------------------------------------------------+
; ../UA_Quartus/dc4.vhd            ; yes             ; User Wizard-Generated File         ; D:/Documents/1курс/2курс/Курсовой проект по ТА/UA_Quartus/dc4.vhd                ;
; ../UA_Quartus/ct4pm.vhd          ; yes             ; User Wizard-Generated File         ; D:/Documents/1курс/2курс/Курсовой проект по ТА/UA_Quartus/ct4pm.vhd              ;
; OA.bdf                           ; yes             ; User Block Diagram/Schematic File  ; D:/Documents/1курс/2курс/Курсовой проект по ТА/OA_Quartus/OA.bdf                 ;
; xor21.vhd                        ; yes             ; User Wizard-Generated File         ; D:/Documents/1курс/2курс/Курсовой проект по ТА/OA_Quartus/xor21.vhd              ;
; mux21.vhd                        ; yes             ; User Wizard-Generated File         ; D:/Documents/1курс/2курс/Курсовой проект по ТА/OA_Quartus/mux21.vhd              ;
; mux11.vhd                        ; yes             ; User Wizard-Generated File         ; D:/Documents/1курс/2курс/Курсовой проект по ТА/OA_Quartus/mux11.vhd              ;
; and21.vhd                        ; yes             ; User Wizard-Generated File         ; D:/Documents/1курс/2курс/Курсовой проект по ТА/OA_Quartus/and21.vhd              ;
; sm1.vhd                          ; yes             ; User Wizard-Generated File         ; D:/Documents/1курс/2курс/Курсовой проект по ТА/OA_Quartus/sm1.vhd                ;
; ct2.vhd                          ; yes             ; User Wizard-Generated File         ; D:/Documents/1курс/2курс/Курсовой проект по ТА/OA_Quartus/ct2.vhd                ;
; rg4.vhd                          ; yes             ; User Wizard-Generated File         ; D:/Documents/1курс/2курс/Курсовой проект по ТА/OA_Quartus/rg4.vhd                ;
; sm2.vhd                          ; yes             ; User Wizard-Generated File         ; D:/Documents/1курс/2курс/Курсовой проект по ТА/OA_Quartus/sm2.vhd                ;
; ct1.vhd                          ; yes             ; User Wizard-Generated File         ; D:/Documents/1курс/2курс/Курсовой проект по ТА/OA_Quartus/ct1.vhd                ;
; ili4.vhd                         ; yes             ; User Wizard-Generated File         ; D:/Documents/1курс/2курс/Курсовой проект по ТА/OA_Quartus/ili4.vhd               ;
; rg3_new.vhd                      ; yes             ; User Wizard-Generated File         ; D:/Documents/1курс/2курс/Курсовой проект по ТА/OA_Quartus/rg3_new.vhd            ;
; leftshift.vhd                    ; yes             ; User Wizard-Generated File         ; D:/Documents/1курс/2курс/Курсовой проект по ТА/OA_Quartus/leftshift.vhd          ;
; ../UA_Quartus/UA.bdf             ; yes             ; User Block Diagram/Schematic File  ; D:/Documents/1курс/2курс/Курсовой проект по ТА/UA_Quartus/UA.bdf                 ;
; reg.vhd                          ; yes             ; User Wizard-Generated File         ; D:/Documents/1курс/2курс/Курсовой проект по ТА/OA_Quartus/reg.vhd                ;
; lpm_ff.tdf                       ; yes             ; Megafunction                       ; c:/altera/91/quartus/libraries/megafunctions/lpm_ff.tdf                          ;
; lpm_decode.tdf                   ; yes             ; Megafunction                       ; c:/altera/91/quartus/libraries/megafunctions/lpm_decode.tdf                      ;
; db/decode_lbf.tdf                ; yes             ; Auto-Generated Megafunction        ; D:/Documents/1курс/2курс/Курсовой проект по ТА/OA_Quartus/db/decode_lbf.tdf      ;
; lpm_counter.tdf                  ; yes             ; Megafunction                       ; c:/altera/91/quartus/libraries/megafunctions/lpm_counter.tdf                     ;
; db/cntr_ihi.tdf                  ; yes             ; Auto-Generated Megafunction        ; D:/Documents/1курс/2курс/Курсовой проект по ТА/OA_Quartus/db/cntr_ihi.tdf        ;
; db/cntr_6cj.tdf                  ; yes             ; Auto-Generated Megafunction        ; D:/Documents/1курс/2курс/Курсовой проект по ТА/OA_Quartus/db/cntr_6cj.tdf        ;
; rg1.tdf                          ; yes             ; Auto-Found Wizard-Generated File   ; D:/Documents/1курс/2курс/Курсовой проект по ТА/OA_Quartus/rg1.tdf                ;
; lpm_shiftreg.inc                 ; yes             ; Auto-Found AHDL File               ; c:/altera/91/quartus/libraries/megafunctions/lpm_shiftreg.inc                    ;
; lpm_shiftreg.tdf                 ; yes             ; Megafunction                       ; c:/altera/91/quartus/libraries/megafunctions/lpm_shiftreg.tdf                    ;
; lpm_add_sub.tdf                  ; yes             ; Megafunction                       ; c:/altera/91/quartus/libraries/megafunctions/lpm_add_sub.tdf                     ;
; db/add_sub_d6i.tdf               ; yes             ; Auto-Generated Megafunction        ; D:/Documents/1курс/2курс/Курсовой проект по ТА/OA_Quartus/db/add_sub_d6i.tdf     ;
; db/cntr_d1k.tdf                  ; yes             ; Auto-Generated Megafunction        ; D:/Documents/1курс/2курс/Курсовой проект по ТА/OA_Quartus/db/cntr_d1k.tdf        ;
; lpm_or.tdf                       ; yes             ; Megafunction                       ; c:/altera/91/quartus/libraries/megafunctions/lpm_or.tdf                          ;
; lpm_mux.tdf                      ; yes             ; Megafunction                       ; c:/altera/91/quartus/libraries/megafunctions/lpm_mux.tdf                         ;
; db/mux_r7e.tdf                   ; yes             ; Auto-Generated Megafunction        ; D:/Documents/1курс/2курс/Курсовой проект по ТА/OA_Quartus/db/mux_r7e.tdf         ;
; db/add_sub_q3i.tdf               ; yes             ; Auto-Generated Megafunction        ; D:/Documents/1курс/2курс/Курсовой проект по ТА/OA_Quartus/db/add_sub_q3i.tdf     ;
; lpm_and.tdf                      ; yes             ; Megafunction                       ; c:/altera/91/quartus/libraries/megafunctions/lpm_and.tdf                         ;
; lpm_xor.tdf                      ; yes             ; Megafunction                       ; c:/altera/91/quartus/libraries/megafunctions/lpm_xor.tdf                         ;
; rg2.tdf                          ; yes             ; Auto-Found Wizard-Generated File   ; D:/Documents/1курс/2курс/Курсовой проект по ТА/OA_Quartus/rg2.tdf                ;
; db/mux_q7e.tdf                   ; yes             ; Auto-Generated Megafunction        ; D:/Documents/1курс/2курс/Курсовой проект по ТА/OA_Quartus/db/mux_q7e.tdf         ;
; lpm_clshift.tdf                  ; yes             ; Megafunction                       ; c:/altera/91/quartus/libraries/megafunctions/lpm_clshift.tdf                     ;
; db/lpm_clshift_okb.tdf           ; yes             ; Auto-Generated Megafunction        ; D:/Documents/1курс/2курс/Курсовой проект по ТА/OA_Quartus/db/lpm_clshift_okb.tdf ;
+----------------------------------+-----------------+------------------------------------+----------------------------------------------------------------------------------+


+---------------------------------------------------------+
; Analysis & Synthesis Resource Usage Summary             ;
+---------------------------------------------+-----------+
; Resource                                    ; Usage     ;
+---------------------------------------------+-----------+
; Estimated Total logic elements              ; 168       ;
;                                             ;           ;
; Total combinational functions               ; 162       ;
; Logic element usage by number of LUT inputs ;           ;
;     -- 4 input functions                    ; 20        ;
;     -- 3 input functions                    ; 108       ;
;     -- <=2 input functions                  ; 34        ;
;                                             ;           ;
; Logic elements by mode                      ;           ;
;     -- normal mode                          ; 125       ;
;     -- arithmetic mode                      ; 37        ;
;                                             ;           ;
; Total registers                             ; 83        ;
;     -- Dedicated logic registers            ; 83        ;
;     -- I/O registers                        ; 0         ;
;                                             ;           ;
; I/O pins                                    ; 115       ;
; Maximum fan-out node                        ; clk~input ;
; Maximum fan-out                             ; 82        ;
; Total fan-out                               ; 962       ;
; Average fan-out                             ; 2.03      ;
+---------------------------------------------+-----------+


+-----------------------------------------------------------------------------------------------------------------------------------------------------------------------------------------------------------------------------------------------------------------+
; Analysis & Synthesis Resource Utilization by Entity                                                                                                                                                                                                             ;
+----------------------------------------------+-------------------+--------------+-------------+--------------+---------+-----------+------+--------------+---------------------------------------------------------------------------------------+--------------+
; Compilation Hierarchy Node                   ; LC Combinationals ; LC Registers ; Memory Bits ; DSP Elements ; DSP 9x9 ; DSP 18x18 ; Pins ; Virtual Pins ; Full Hierarchy Name                                                                   ; Library Name ;
+----------------------------------------------+-------------------+--------------+-------------+--------------+---------+-----------+------+--------------+---------------------------------------------------------------------------------------+--------------+
; |OA                                          ; 162 (11)          ; 83 (2)       ; 0           ; 0            ; 0       ; 0         ; 115  ; 0            ; |OA                                                                                   ; work         ;
;    |UA:inst6|                                ; 31 (19)           ; 12 (0)       ; 0           ; 0            ; 0       ; 0         ; 0    ; 0            ; |OA|UA:inst6                                                                          ;              ;
;       |ct4pm:UAinst24|                       ; 7 (0)             ; 4 (0)        ; 0           ; 0            ; 0       ; 0         ; 0    ; 0            ; |OA|UA:inst6|ct4pm:UAinst24                                                           ; work         ;
;          |lpm_counter:lpm_counter_component| ; 7 (0)             ; 4 (0)        ; 0           ; 0            ; 0       ; 0         ; 0    ; 0            ; |OA|UA:inst6|ct4pm:UAinst24|lpm_counter:lpm_counter_component                         ; work         ;
;             |cntr_ihi:auto_generated|        ; 7 (7)             ; 4 (4)        ; 0           ; 0            ; 0       ; 0         ; 0    ; 0            ; |OA|UA:inst6|ct4pm:UAinst24|lpm_counter:lpm_counter_component|cntr_ihi:auto_generated ; work         ;
;       |dc4:UAinst28|                         ; 5 (0)             ; 0 (0)        ; 0           ; 0            ; 0       ; 0         ; 0    ; 0            ; |OA|UA:inst6|dc4:UAinst28                                                             ; work         ;
;          |lpm_decode:lpm_decode_component|   ; 5 (0)             ; 0 (0)        ; 0           ; 0            ; 0       ; 0         ; 0    ; 0            ; |OA|UA:inst6|dc4:UAinst28|lpm_decode:lpm_decode_component                             ; work         ;
;             |decode_lbf:auto_generated|      ; 5 (5)             ; 0 (0)        ; 0           ; 0            ; 0       ; 0         ; 0    ; 0            ; |OA|UA:inst6|dc4:UAinst28|lpm_decode:lpm_decode_component|decode_lbf:auto_generated   ; work         ;
;       |reg:inst7|                            ; 0 (0)             ; 8 (0)        ; 0           ; 0            ; 0       ; 0         ; 0    ; 0            ; |OA|UA:inst6|reg:inst7                                                                ; work         ;
;          |lpm_ff:lpm_ff_component|           ; 0 (0)             ; 8 (8)        ; 0           ; 0            ; 0       ; 0         ; 0    ; 0            ; |OA|UA:inst6|reg:inst7|lpm_ff:lpm_ff_component                                        ; work         ;
;    |and21:inst12|                            ; 21 (0)            ; 0 (0)        ; 0           ; 0            ; 0       ; 0         ; 0    ; 0            ; |OA|and21:inst12                                                                      ; work         ;
;       |lpm_and:lpm_and_component|            ; 21 (21)           ; 0 (0)        ; 0           ; 0            ; 0       ; 0         ; 0    ; 0            ; |OA|and21:inst12|lpm_and:lpm_and_component                                            ; work         ;
;    |ct1:inst24|                              ; 12 (0)            ; 5 (0)        ; 0           ; 0            ; 0       ; 0         ; 0    ; 0            ; |OA|ct1:inst24                                                                        ; work         ;
;       |lpm_counter:lpm_counter_component|    ; 12 (0)            ; 5 (0)        ; 0           ; 0            ; 0       ; 0         ; 0    ; 0            ; |OA|ct1:inst24|lpm_counter:lpm_counter_component                                      ; work         ;
;          |cntr_d1k:auto_generated|           ; 12 (12)           ; 5 (5)        ; 0           ; 0            ; 0       ; 0         ; 0    ; 0            ; |OA|ct1:inst24|lpm_counter:lpm_counter_component|cntr_d1k:auto_generated              ; work         ;
;    |ct2:inst18|                              ; 6 (0)             ; 5 (0)        ; 0           ; 0            ; 0       ; 0         ; 0    ; 0            ; |OA|ct2:inst18                                                                        ; work         ;
;       |lpm_counter:lpm_counter_component|    ; 6 (0)             ; 5 (0)        ; 0           ; 0            ; 0       ; 0         ; 0    ; 0            ; |OA|ct2:inst18|lpm_counter:lpm_counter_component                                      ; work         ;
;          |cntr_6cj:auto_generated|           ; 6 (6)             ; 5 (5)        ; 0           ; 0            ; 0       ; 0         ; 0    ; 0            ; |OA|ct2:inst18|lpm_counter:lpm_counter_component|cntr_6cj:auto_generated              ; work         ;
;    |rg1:inst|                                ; 11 (0)            ; 12 (0)       ; 0           ; 0            ; 0       ; 0         ; 0    ; 0            ; |OA|rg1:inst                                                                          ; work         ;
;       |lpm_shiftreg:lpm_shiftreg_component|  ; 11 (11)           ; 12 (12)      ; 0           ; 0            ; 0       ; 0         ; 0    ; 0            ; |OA|rg1:inst|lpm_shiftreg:lpm_shiftreg_component                                      ; work         ;
;    |rg2:inst3|                               ; 21 (0)            ; 21 (0)       ; 0           ; 0            ; 0       ; 0         ; 0    ; 0            ; |OA|rg2:inst3                                                                         ; work         ;
;       |lpm_shiftreg:lpm_shiftreg_component|  ; 21 (21)           ; 21 (21)      ; 0           ; 0            ; 0       ; 0         ; 0    ; 0            ; |OA|rg2:inst3|lpm_shiftreg:lpm_shiftreg_component                                     ; work         ;
;    |rg3_new:inst1|                           ; 0 (0)             ; 21 (0)       ; 0           ; 0            ; 0       ; 0         ; 0    ; 0            ; |OA|rg3_new:inst1                                                                     ; work         ;
;       |lpm_ff:lpm_ff_component|              ; 0 (0)             ; 21 (21)      ; 0           ; 0            ; 0       ; 0         ; 0    ; 0            ; |OA|rg3_new:inst1|lpm_ff:lpm_ff_component                                             ; work         ;
;    |rg4:inst19|                              ; 0 (0)             ; 5 (0)        ; 0           ; 0            ; 0       ; 0         ; 0    ; 0            ; |OA|rg4:inst19                                                                        ; work         ;
;       |lpm_ff:lpm_ff_component|              ; 0 (0)             ; 5 (5)        ; 0           ; 0            ; 0       ; 0         ; 0    ; 0            ; |OA|rg4:inst19|lpm_ff:lpm_ff_component                                                ; work         ;
;    |sm1:inst13|                              ; 43 (0)            ; 0 (0)        ; 0           ; 0            ; 0       ; 0         ; 0    ; 0            ; |OA|sm1:inst13                                                                        ; work         ;
;       |lpm_add_sub:lpm_add_sub_component|    ; 43 (0)            ; 0 (0)        ; 0           ; 0            ; 0       ; 0         ; 0    ; 0            ; |OA|sm1:inst13|lpm_add_sub:lpm_add_sub_component                                      ; work         ;
;          |add_sub_q3i:auto_generated|        ; 43 (43)           ; 0 (0)        ; 0           ; 0            ; 0       ; 0         ; 0    ; 0            ; |OA|sm1:inst13|lpm_add_sub:lpm_add_sub_component|add_sub_q3i:auto_generated           ; work         ;
;    |sm2:inst20|                              ; 6 (0)             ; 0 (0)        ; 0           ; 0            ; 0       ; 0         ; 0    ; 0            ; |OA|sm2:inst20                                                                        ; work         ;
;       |lpm_add_sub:lpm_add_sub_component|    ; 6 (0)             ; 0 (0)        ; 0           ; 0            ; 0       ; 0         ; 0    ; 0            ; |OA|sm2:inst20|lpm_add_sub:lpm_add_sub_component                                      ; work         ;
;          |add_sub_d6i:auto_generated|        ; 6 (6)             ; 0 (0)        ; 0           ; 0            ; 0       ; 0         ; 0    ; 0            ; |OA|sm2:inst20|lpm_add_sub:lpm_add_sub_component|add_sub_d6i:auto_generated           ; work         ;
+----------------------------------------------+-------------------+--------------+-------------+--------------+---------+-----------+------+--------------+---------------------------------------------------------------------------------------+--------------+
Note: For table entries with two numbers listed, the numbers in parentheses indicate the number of resources of the given type used by the specific entity alone. The numbers listed outside of parentheses indicate the total resources of the given type used by the specific entity and all of its sub-entities in the hierarchy.


+------------------------------------------------------+
; General Register Statistics                          ;
+----------------------------------------------+-------+
; Statistic                                    ; Value ;
+----------------------------------------------+-------+
; Total registers                              ; 83    ;
; Number of registers using Synchronous Clear  ; 21    ;
; Number of registers using Synchronous Load   ; 14    ;
; Number of registers using Asynchronous Clear ; 5     ;
; Number of registers using Asynchronous Load  ; 0     ;
; Number of registers using Clock Enable       ; 69    ;
; Number of registers using Preset             ; 0     ;
+----------------------------------------------+-------+


+----------------------------------------------------------------------------------+
; Source assignments for UA:inst6|ct4pm:UAinst24|lpm_counter:lpm_counter_component ;
+---------------------------+-------+------+---------------------------------------+
; Assignment                ; Value ; From ; To                                    ;
+---------------------------+-------+------+---------------------------------------+
; SUPPRESS_DA_RULE_INTERNAL ; a101  ; -    ; -                                     ;
; SUPPRESS_DA_RULE_INTERNAL ; s102  ; -    ; -                                     ;
; SUPPRESS_DA_RULE_INTERNAL ; s103  ; -    ; -                                     ;
+---------------------------+-------+------+---------------------------------------+


+----------------------------------------------------------------------------------------------------------+
; Source assignments for UA:inst6|ct4pm:UAinst24|lpm_counter:lpm_counter_component|cntr_ihi:auto_generated ;
+---------------------------+-------+------+---------------------------------------------------------------+
; Assignment                ; Value ; From ; To                                                            ;
+---------------------------+-------+------+---------------------------------------------------------------+
; SUPPRESS_DA_RULE_INTERNAL ; a101  ; -    ; -                                                             ;
; SUPPRESS_DA_RULE_INTERNAL ; s102  ; -    ; -                                                             ;
; SUPPRESS_DA_RULE_INTERNAL ; s103  ; -    ; -                                                             ;
+---------------------------+-------+------+---------------------------------------------------------------+


+---------------------------------------------------------------------+
; Source assignments for ct2:inst18|lpm_counter:lpm_counter_component ;
+---------------------------+-------+------+--------------------------+
; Assignment                ; Value ; From ; To                       ;
+---------------------------+-------+------+--------------------------+
; SUPPRESS_DA_RULE_INTERNAL ; a101  ; -    ; -                        ;
; SUPPRESS_DA_RULE_INTERNAL ; s102  ; -    ; -                        ;
; SUPPRESS_DA_RULE_INTERNAL ; s103  ; -    ; -                        ;
+---------------------------+-------+------+--------------------------+


+---------------------------------------------------------------------+
; Source assignments for ct1:inst24|lpm_counter:lpm_counter_component ;
+---------------------------+-------+------+--------------------------+
; Assignment                ; Value ; From ; To                       ;
+---------------------------+-------+------+--------------------------+
; SUPPRESS_DA_RULE_INTERNAL ; a101  ; -    ; -                        ;
; SUPPRESS_DA_RULE_INTERNAL ; s102  ; -    ; -                        ;
; SUPPRESS_DA_RULE_INTERNAL ; s103  ; -    ; -                        ;
+---------------------------+-------+------+--------------------------+


+-----------------------------------------------------------------------------------------+
; Parameter Settings for User Entity Instance: UA:inst6|reg:inst7|lpm_ff:lpm_ff_component ;
+------------------------+-------------+--------------------------------------------------+
; Parameter Name         ; Value       ; Type                                             ;
+------------------------+-------------+--------------------------------------------------+
; LPM_WIDTH              ; 8           ; Signed Integer                                   ;
; LPM_AVALUE             ; UNUSED      ; Untyped                                          ;
; LPM_SVALUE             ; UNUSED      ; Untyped                                          ;
; LPM_FFTYPE             ; DFF         ; Untyped                                          ;
; DEVICE_FAMILY          ; Cyclone III ; Untyped                                          ;
; CBXI_PARAMETER         ; NOTHING     ; Untyped                                          ;
; AUTO_CARRY_CHAINS      ; ON          ; AUTO_CARRY                                       ;
; IGNORE_CARRY_BUFFERS   ; OFF         ; IGNORE_CARRY                                     ;
; AUTO_CASCADE_CHAINS    ; ON          ; AUTO_CASCADE                                     ;
; IGNORE_CASCADE_BUFFERS ; OFF         ; IGNORE_CASCADE                                   ;
+------------------------+-------------+--------------------------------------------------+
Note: In order to hide this table in the UI and the text report file, please set the "Show Parameter Settings Tables in Synthesis Report" option in "Analysis and Synthesis Settings -> More Settings" to "Off".


+----------------------------------------------------------------------------------------------------+
; Parameter Settings for User Entity Instance: UA:inst6|dc4:UAinst28|lpm_decode:lpm_decode_component ;
+------------------------+-------------+-------------------------------------------------------------+
; Parameter Name         ; Value       ; Type                                                        ;
+------------------------+-------------+-------------------------------------------------------------+
; LPM_WIDTH              ; 4           ; Signed Integer                                              ;
; LPM_DECODES            ; 16          ; Signed Integer                                              ;
; LPM_PIPELINE           ; 0           ; Untyped                                                     ;
; CASCADE_CHAIN          ; MANUAL      ; Untyped                                                     ;
; DEVICE_FAMILY          ; Cyclone III ; Untyped                                                     ;
; CBXI_PARAMETER         ; decode_lbf  ; Untyped                                                     ;
; AUTO_CARRY_CHAINS      ; ON          ; AUTO_CARRY                                                  ;
; IGNORE_CARRY_BUFFERS   ; OFF         ; IGNORE_CARRY                                                ;
; AUTO_CASCADE_CHAINS    ; ON          ; AUTO_CASCADE                                                ;
; IGNORE_CASCADE_BUFFERS ; OFF         ; IGNORE_CASCADE                                              ;
+------------------------+-------------+-------------------------------------------------------------+
Note: In order to hide this table in the UI and the text report file, please set the "Show Parameter Settings Tables in Synthesis Report" option in "Analysis and Synthesis Settings -> More Settings" to "Off".


+--------------------------------------------------------------------------------------------------------+
; Parameter Settings for User Entity Instance: UA:inst6|ct4pm:UAinst24|lpm_counter:lpm_counter_component ;
+------------------------+-------------+-----------------------------------------------------------------+
; Parameter Name         ; Value       ; Type                                                            ;
+------------------------+-------------+-----------------------------------------------------------------+
; AUTO_CARRY_CHAINS      ; ON          ; AUTO_CARRY                                                      ;
; IGNORE_CARRY_BUFFERS   ; OFF         ; IGNORE_CARRY                                                    ;
; AUTO_CASCADE_CHAINS    ; ON          ; AUTO_CASCADE                                                    ;
; IGNORE_CASCADE_BUFFERS ; OFF         ; IGNORE_CASCADE                                                  ;
; LPM_WIDTH              ; 4           ; Signed Integer                                                  ;
; LPM_DIRECTION          ; DEFAULT     ; Untyped                                                         ;
; LPM_MODULUS            ; 0           ; Untyped                                                         ;
; LPM_AVALUE             ; UNUSED      ; Untyped                                                         ;
; LPM_SVALUE             ; UNUSED      ; Untyped                                                         ;
; LPM_PORT_UPDOWN        ; PORT_USED   ; Untyped                                                         ;
; DEVICE_FAMILY          ; Cyclone III ; Untyped                                                         ;
; CARRY_CHAIN            ; MANUAL      ; Untyped                                                         ;
; CARRY_CHAIN_LENGTH     ; 48          ; CARRY_CHAIN_LENGTH                                              ;
; NOT_GATE_PUSH_BACK     ; ON          ; NOT_GATE_PUSH_BACK                                              ;
; CARRY_CNT_EN           ; SMART       ; Untyped                                                         ;
; LABWIDE_SCLR           ; ON          ; Untyped                                                         ;
; USE_NEW_VERSION        ; TRUE        ; Untyped                                                         ;
; CBXI_PARAMETER         ; cntr_ihi    ; Untyped                                                         ;
+------------------------+-------------+-----------------------------------------------------------------+
Note: In order to hide this table in the UI and the text report file, please set the "Show Parameter Settings Tables in Synthesis Report" option in "Analysis and Synthesis Settings -> More Settings" to "Off".


+-------------------------------------------------------------------------------------------+
; Parameter Settings for User Entity Instance: ct2:inst18|lpm_counter:lpm_counter_component ;
+------------------------+-------------+----------------------------------------------------+
; Parameter Name         ; Value       ; Type                                               ;
+------------------------+-------------+----------------------------------------------------+
; AUTO_CARRY_CHAINS      ; ON          ; AUTO_CARRY                                         ;
; IGNORE_CARRY_BUFFERS   ; OFF         ; IGNORE_CARRY                                       ;
; AUTO_CASCADE_CHAINS    ; ON          ; AUTO_CASCADE                                       ;
; IGNORE_CASCADE_BUFFERS ; OFF         ; IGNORE_CASCADE                                     ;
; LPM_WIDTH              ; 5           ; Signed Integer                                     ;
; LPM_DIRECTION          ; UP          ; Untyped                                            ;
; LPM_MODULUS            ; 0           ; Untyped                                            ;
; LPM_AVALUE             ; UNUSED      ; Untyped                                            ;
; LPM_SVALUE             ; UNUSED      ; Untyped                                            ;
; LPM_PORT_UPDOWN        ; PORT_UNUSED ; Untyped                                            ;
; DEVICE_FAMILY          ; Cyclone III ; Untyped                                            ;
; CARRY_CHAIN            ; MANUAL      ; Untyped                                            ;
; CARRY_CHAIN_LENGTH     ; 48          ; CARRY_CHAIN_LENGTH                                 ;
; NOT_GATE_PUSH_BACK     ; ON          ; NOT_GATE_PUSH_BACK                                 ;
; CARRY_CNT_EN           ; SMART       ; Untyped                                            ;
; LABWIDE_SCLR           ; ON          ; Untyped                                            ;
; USE_NEW_VERSION        ; TRUE        ; Untyped                                            ;
; CBXI_PARAMETER         ; cntr_6cj    ; Untyped                                            ;
+------------------------+-------------+----------------------------------------------------+
Note: In order to hide this table in the UI and the text report file, please set the "Show Parameter Settings Tables in Synthesis Report" option in "Analysis and Synthesis Settings -> More Settings" to "Off".


+-------------------------------------------------------------------------------------------+
; Parameter Settings for User Entity Instance: rg1:inst|lpm_shiftreg:lpm_shiftreg_component ;
+------------------------+-------------+----------------------------------------------------+
; Parameter Name         ; Value       ; Type                                               ;
+------------------------+-------------+----------------------------------------------------+
; LPM_WIDTH              ; 12          ; Untyped                                            ;
; LPM_DIRECTION          ; RIGHT       ; Untyped                                            ;
; LPM_AVALUE             ; UNUSED      ; Untyped                                            ;
; LPM_SVALUE             ; UNUSED      ; Untyped                                            ;
; DEVICE_FAMILY          ; Cyclone III ; Untyped                                            ;
; AUTO_CARRY_CHAINS      ; ON          ; AUTO_CARRY                                         ;
; IGNORE_CARRY_BUFFERS   ; OFF         ; IGNORE_CARRY                                       ;
; AUTO_CASCADE_CHAINS    ; ON          ; AUTO_CASCADE                                       ;
; IGNORE_CASCADE_BUFFERS ; OFF         ; IGNORE_CASCADE                                     ;
+------------------------+-------------+----------------------------------------------------+
Note: In order to hide this table in the UI and the text report file, please set the "Show Parameter Settings Tables in Synthesis Report" option in "Analysis and Synthesis Settings -> More Settings" to "Off".


+-------------------------------------------------------------------------------------------+
; Parameter Settings for User Entity Instance: sm2:inst20|lpm_add_sub:lpm_add_sub_component ;
+------------------------+-------------+----------------------------------------------------+
; Parameter Name         ; Value       ; Type                                               ;
+------------------------+-------------+----------------------------------------------------+
; LPM_WIDTH              ; 5           ; Signed Integer                                     ;
; LPM_REPRESENTATION     ; UNSIGNED    ; Untyped                                            ;
; LPM_DIRECTION          ; ADD         ; Untyped                                            ;
; ONE_INPUT_IS_CONSTANT  ; NO          ; Untyped                                            ;
; LPM_PIPELINE           ; 0           ; Untyped                                            ;
; MAXIMIZE_SPEED         ; 5           ; Untyped                                            ;
; REGISTERED_AT_END      ; 0           ; Untyped                                            ;
; OPTIMIZE_FOR_SPEED     ; 5           ; Untyped                                            ;
; USE_CS_BUFFERS         ; 1           ; Untyped                                            ;
; CARRY_CHAIN            ; MANUAL      ; Untyped                                            ;
; CARRY_CHAIN_LENGTH     ; 48          ; CARRY_CHAIN_LENGTH                                 ;
; DEVICE_FAMILY          ; Cyclone III ; Untyped                                            ;
; USE_WYS                ; OFF         ; Untyped                                            ;
; STYLE                  ; FAST        ; Untyped                                            ;
; CBXI_PARAMETER         ; add_sub_d6i ; Untyped                                            ;
; AUTO_CARRY_CHAINS      ; ON          ; AUTO_CARRY                                         ;
; IGNORE_CARRY_BUFFERS   ; OFF         ; IGNORE_CARRY                                       ;
; AUTO_CASCADE_CHAINS    ; ON          ; AUTO_CASCADE                                       ;
; IGNORE_CASCADE_BUFFERS ; OFF         ; IGNORE_CASCADE                                     ;
+------------------------+-------------+----------------------------------------------------+
Note: In order to hide this table in the UI and the text report file, please set the "Show Parameter Settings Tables in Synthesis Report" option in "Analysis and Synthesis Settings -> More Settings" to "Off".


+---------------------------------------------------------------------------------+
; Parameter Settings for User Entity Instance: rg4:inst19|lpm_ff:lpm_ff_component ;
+------------------------+-------------+------------------------------------------+
; Parameter Name         ; Value       ; Type                                     ;
+------------------------+-------------+------------------------------------------+
; LPM_WIDTH              ; 5           ; Signed Integer                           ;
; LPM_AVALUE             ; UNUSED      ; Untyped                                  ;
; LPM_SVALUE             ; UNUSED      ; Untyped                                  ;
; LPM_FFTYPE             ; DFF         ; Untyped                                  ;
; DEVICE_FAMILY          ; Cyclone III ; Untyped                                  ;
; CBXI_PARAMETER         ; NOTHING     ; Untyped                                  ;
; AUTO_CARRY_CHAINS      ; ON          ; AUTO_CARRY                               ;
; IGNORE_CARRY_BUFFERS   ; OFF         ; IGNORE_CARRY                             ;
; AUTO_CASCADE_CHAINS    ; ON          ; AUTO_CASCADE                             ;
; IGNORE_CASCADE_BUFFERS ; OFF         ; IGNORE_CASCADE                           ;
+------------------------+-------------+------------------------------------------+
Note: In order to hide this table in the UI and the text report file, please set the "Show Parameter Settings Tables in Synthesis Report" option in "Analysis and Synthesis Settings -> More Settings" to "Off".


+-------------------------------------------------------------------------------------------+
; Parameter Settings for User Entity Instance: ct1:inst24|lpm_counter:lpm_counter_component ;
+------------------------+-------------+----------------------------------------------------+
; Parameter Name         ; Value       ; Type                                               ;
+------------------------+-------------+----------------------------------------------------+
; AUTO_CARRY_CHAINS      ; ON          ; AUTO_CARRY                                         ;
; IGNORE_CARRY_BUFFERS   ; OFF         ; IGNORE_CARRY                                       ;
; AUTO_CASCADE_CHAINS    ; ON          ; AUTO_CASCADE                                       ;
; IGNORE_CASCADE_BUFFERS ; OFF         ; IGNORE_CASCADE                                     ;
; LPM_WIDTH              ; 5           ; Signed Integer                                     ;
; LPM_DIRECTION          ; DOWN        ; Untyped                                            ;
; LPM_MODULUS            ; 0           ; Untyped                                            ;
; LPM_AVALUE             ; UNUSED      ; Untyped                                            ;
; LPM_SVALUE             ; UNUSED      ; Untyped                                            ;
; LPM_PORT_UPDOWN        ; PORT_UNUSED ; Untyped                                            ;
; DEVICE_FAMILY          ; Cyclone III ; Untyped                                            ;
; CARRY_CHAIN            ; MANUAL      ; Untyped                                            ;
; CARRY_CHAIN_LENGTH     ; 48          ; CARRY_CHAIN_LENGTH                                 ;
; NOT_GATE_PUSH_BACK     ; ON          ; NOT_GATE_PUSH_BACK                                 ;
; CARRY_CNT_EN           ; SMART       ; Untyped                                            ;
; LABWIDE_SCLR           ; ON          ; Untyped                                            ;
; USE_NEW_VERSION        ; TRUE        ; Untyped                                            ;
; CBXI_PARAMETER         ; cntr_d1k    ; Untyped                                            ;
+------------------------+-------------+----------------------------------------------------+
Note: In order to hide this table in the UI and the text report file, please set the "Show Parameter Settings Tables in Synthesis Report" option in "Analysis and Synthesis Settings -> More Settings" to "Off".


+----------------------------------------------------------------------------------+
; Parameter Settings for User Entity Instance: ili4:inst28|LPM_OR:lpm_or_component ;
+------------------------+-------------+-------------------------------------------+
; Parameter Name         ; Value       ; Type                                      ;
+------------------------+-------------+-------------------------------------------+
; AUTO_CARRY_CHAINS      ; ON          ; AUTO_CARRY                                ;
; IGNORE_CARRY_BUFFERS   ; OFF         ; IGNORE_CARRY                              ;
; AUTO_CASCADE_CHAINS    ; ON          ; AUTO_CASCADE                              ;
; IGNORE_CASCADE_BUFFERS ; OFF         ; IGNORE_CASCADE                            ;
; LPM_WIDTH              ; 1           ; Signed Integer                            ;
; LPM_SIZE               ; 4           ; Signed Integer                            ;
; CARRY_CHAIN_LENGTH     ; 48          ; CARRY_CHAIN_LENGTH                        ;
; CARRY_CHAIN            ; MANUAL      ; Untyped                                   ;
; CASCADE_CHAIN          ; MANUAL      ; Untyped                                   ;
; DEVICE_FAMILY          ; Cyclone III ; Untyped                                   ;
+------------------------+-------------+-------------------------------------------+
Note: In order to hide this table in the UI and the text report file, please set the "Show Parameter Settings Tables in Synthesis Report" option in "Analysis and Synthesis Settings -> More Settings" to "Off".


+------------------------------------------------------------------------------------+
; Parameter Settings for User Entity Instance: rg3_new:inst1|lpm_ff:lpm_ff_component ;
+------------------------+-------------+---------------------------------------------+
; Parameter Name         ; Value       ; Type                                        ;
+------------------------+-------------+---------------------------------------------+
; LPM_WIDTH              ; 21          ; Signed Integer                              ;
; LPM_AVALUE             ; UNUSED      ; Untyped                                     ;
; LPM_SVALUE             ; UNUSED      ; Untyped                                     ;
; LPM_FFTYPE             ; DFF         ; Untyped                                     ;
; DEVICE_FAMILY          ; Cyclone III ; Untyped                                     ;
; CBXI_PARAMETER         ; NOTHING     ; Untyped                                     ;
; AUTO_CARRY_CHAINS      ; ON          ; AUTO_CARRY                                  ;
; IGNORE_CARRY_BUFFERS   ; OFF         ; IGNORE_CARRY                                ;
; AUTO_CASCADE_CHAINS    ; ON          ; AUTO_CASCADE                                ;
; IGNORE_CASCADE_BUFFERS ; OFF         ; IGNORE_CASCADE                              ;
+------------------------+-------------+---------------------------------------------+
Note: In order to hide this table in the UI and the text report file, please set the "Show Parameter Settings Tables in Synthesis Report" option in "Analysis and Synthesis Settings -> More Settings" to "Off".


+-------------------------------------------------------------------------------------+
; Parameter Settings for User Entity Instance: mux21:inst31|LPM_MUX:lpm_mux_component ;
+------------------------+-------------+----------------------------------------------+
; Parameter Name         ; Value       ; Type                                         ;
+------------------------+-------------+----------------------------------------------+
; AUTO_CARRY_CHAINS      ; ON          ; AUTO_CARRY                                   ;
; IGNORE_CARRY_BUFFERS   ; OFF         ; IGNORE_CARRY                                 ;
; AUTO_CASCADE_CHAINS    ; ON          ; AUTO_CASCADE                                 ;
; IGNORE_CASCADE_BUFFERS ; OFF         ; IGNORE_CASCADE                               ;
; LPM_WIDTH              ; 21          ; Signed Integer                               ;
; LPM_SIZE               ; 2           ; Signed Integer                               ;
; LPM_WIDTHS             ; 1           ; Signed Integer                               ;
; LPM_PIPELINE           ; 0           ; Signed Integer                               ;
; CBXI_PARAMETER         ; mux_r7e     ; Untyped                                      ;
; DEVICE_FAMILY          ; Cyclone III ; Untyped                                      ;
+------------------------+-------------+----------------------------------------------+
Note: In order to hide this table in the UI and the text report file, please set the "Show Parameter Settings Tables in Synthesis Report" option in "Analysis and Synthesis Settings -> More Settings" to "Off".


+-------------------------------------------------------------------------------------------+
; Parameter Settings for User Entity Instance: sm1:inst13|lpm_add_sub:lpm_add_sub_component ;
+------------------------+-------------+----------------------------------------------------+
; Parameter Name         ; Value       ; Type                                               ;
+------------------------+-------------+----------------------------------------------------+
; LPM_WIDTH              ; 21          ; Signed Integer                                     ;
; LPM_REPRESENTATION     ; UNSIGNED    ; Untyped                                            ;
; LPM_DIRECTION          ; ADD         ; Untyped                                            ;
; ONE_INPUT_IS_CONSTANT  ; NO          ; Untyped                                            ;
; LPM_PIPELINE           ; 0           ; Untyped                                            ;
; MAXIMIZE_SPEED         ; 5           ; Untyped                                            ;
; REGISTERED_AT_END      ; 0           ; Untyped                                            ;
; OPTIMIZE_FOR_SPEED     ; 5           ; Untyped                                            ;
; USE_CS_BUFFERS         ; 1           ; Untyped                                            ;
; CARRY_CHAIN            ; MANUAL      ; Untyped                                            ;
; CARRY_CHAIN_LENGTH     ; 48          ; CARRY_CHAIN_LENGTH                                 ;
; DEVICE_FAMILY          ; Cyclone III ; Untyped                                            ;
; USE_WYS                ; OFF         ; Untyped                                            ;
; STYLE                  ; FAST        ; Untyped                                            ;
; CBXI_PARAMETER         ; add_sub_q3i ; Untyped                                            ;
; AUTO_CARRY_CHAINS      ; ON          ; AUTO_CARRY                                         ;
; IGNORE_CARRY_BUFFERS   ; OFF         ; IGNORE_CARRY                                       ;
; AUTO_CASCADE_CHAINS    ; ON          ; AUTO_CASCADE                                       ;
; IGNORE_CASCADE_BUFFERS ; OFF         ; IGNORE_CASCADE                                     ;
+------------------------+-------------+----------------------------------------------------+
Note: In order to hide this table in the UI and the text report file, please set the "Show Parameter Settings Tables in Synthesis Report" option in "Analysis and Synthesis Settings -> More Settings" to "Off".


+-------------------------------------------------------------------------------------+
; Parameter Settings for User Entity Instance: and21:inst12|LPM_AND:lpm_and_component ;
+------------------------+-------------+----------------------------------------------+
; Parameter Name         ; Value       ; Type                                         ;
+------------------------+-------------+----------------------------------------------+
; AUTO_CARRY_CHAINS      ; ON          ; AUTO_CARRY                                   ;
; IGNORE_CARRY_BUFFERS   ; OFF         ; IGNORE_CARRY                                 ;
; AUTO_CASCADE_CHAINS    ; ON          ; AUTO_CASCADE                                 ;
; IGNORE_CASCADE_BUFFERS ; OFF         ; IGNORE_CASCADE                               ;
; LPM_WIDTH              ; 21          ; Signed Integer                               ;
; LPM_SIZE               ; 2           ; Signed Integer                               ;
; CARRY_CHAIN_LENGTH     ; 48          ; CARRY_CHAIN_LENGTH                           ;
; CARRY_CHAIN            ; MANUAL      ; Untyped                                      ;
; CASCADE_CHAIN          ; MANUAL      ; Untyped                                      ;
; DEVICE_FAMILY          ; Cyclone III ; Untyped                                      ;
+------------------------+-------------+----------------------------------------------+
Note: In order to hide this table in the UI and the text report file, please set the "Show Parameter Settings Tables in Synthesis Report" option in "Analysis and Synthesis Settings -> More Settings" to "Off".


+------------------------------------------------------------------------------------+
; Parameter Settings for User Entity Instance: xor21:inst5|LPM_XOR:lpm_xor_component ;
+----------------+-------+-----------------------------------------------------------+
; Parameter Name ; Value ; Type                                                      ;
+----------------+-------+-----------------------------------------------------------+
; LPM_WIDTH      ; 21    ; Signed Integer                                            ;
; LPM_SIZE       ; 2     ; Signed Integer                                            ;
+----------------+-------+-----------------------------------------------------------+
Note: In order to hide this table in the UI and the text report file, please set the "Show Parameter Settings Tables in Synthesis Report" option in "Analysis and Synthesis Settings -> More Settings" to "Off".


+--------------------------------------------------------------------------------------------+
; Parameter Settings for User Entity Instance: rg2:inst3|lpm_shiftreg:lpm_shiftreg_component ;
+------------------------+-------------+-----------------------------------------------------+
; Parameter Name         ; Value       ; Type                                                ;
+------------------------+-------------+-----------------------------------------------------+
; LPM_WIDTH              ; 21          ; Untyped                                             ;
; LPM_DIRECTION          ; LEFT        ; Untyped                                             ;
; LPM_AVALUE             ; UNUSED      ; Untyped                                             ;
; LPM_SVALUE             ; UNUSED      ; Untyped                                             ;
; DEVICE_FAMILY          ; Cyclone III ; Untyped                                             ;
; AUTO_CARRY_CHAINS      ; ON          ; AUTO_CARRY                                          ;
; IGNORE_CARRY_BUFFERS   ; OFF         ; IGNORE_CARRY                                        ;
; AUTO_CASCADE_CHAINS    ; ON          ; AUTO_CASCADE                                        ;
; IGNORE_CASCADE_BUFFERS ; OFF         ; IGNORE_CASCADE                                      ;
+------------------------+-------------+-----------------------------------------------------+
Note: In order to hide this table in the UI and the text report file, please set the "Show Parameter Settings Tables in Synthesis Report" option in "Analysis and Synthesis Settings -> More Settings" to "Off".


+------------------------------------------------------------------------------------+
; Parameter Settings for User Entity Instance: mux11:inst8|LPM_MUX:lpm_mux_component ;
+------------------------+-------------+---------------------------------------------+
; Parameter Name         ; Value       ; Type                                        ;
+------------------------+-------------+---------------------------------------------+
; AUTO_CARRY_CHAINS      ; ON          ; AUTO_CARRY                                  ;
; IGNORE_CARRY_BUFFERS   ; OFF         ; IGNORE_CARRY                                ;
; AUTO_CASCADE_CHAINS    ; ON          ; AUTO_CASCADE                                ;
; IGNORE_CASCADE_BUFFERS ; OFF         ; IGNORE_CASCADE                              ;
; LPM_WIDTH              ; 11          ; Signed Integer                              ;
; LPM_SIZE               ; 2           ; Signed Integer                              ;
; LPM_WIDTHS             ; 1           ; Signed Integer                              ;
; LPM_PIPELINE           ; 0           ; Signed Integer                              ;
; CBXI_PARAMETER         ; mux_q7e     ; Untyped                                     ;
; DEVICE_FAMILY          ; Cyclone III ; Untyped                                     ;
+------------------------+-------------+---------------------------------------------+
Note: In order to hide this table in the UI and the text report file, please set the "Show Parameter Settings Tables in Synthesis Report" option in "Analysis and Synthesis Settings -> More Settings" to "Off".


+-------------------------------------------------------------------------------------+
; Parameter Settings for User Entity Instance: mux21:inst11|LPM_MUX:lpm_mux_component ;
+------------------------+-------------+----------------------------------------------+
; Parameter Name         ; Value       ; Type                                         ;
+------------------------+-------------+----------------------------------------------+
; AUTO_CARRY_CHAINS      ; ON          ; AUTO_CARRY                                   ;
; IGNORE_CARRY_BUFFERS   ; OFF         ; IGNORE_CARRY                                 ;
; AUTO_CASCADE_CHAINS    ; ON          ; AUTO_CASCADE                                 ;
; IGNORE_CASCADE_BUFFERS ; OFF         ; IGNORE_CASCADE                               ;
; LPM_WIDTH              ; 21          ; Signed Integer                               ;
; LPM_SIZE               ; 2           ; Signed Integer                               ;
; LPM_WIDTHS             ; 1           ; Signed Integer                               ;
; LPM_PIPELINE           ; 0           ; Signed Integer                               ;
; CBXI_PARAMETER         ; mux_r7e     ; Untyped                                      ;
; DEVICE_FAMILY          ; Cyclone III ; Untyped                                      ;
+------------------------+-------------+----------------------------------------------+
Note: In order to hide this table in the UI and the text report file, please set the "Show Parameter Settings Tables in Synthesis Report" option in "Analysis and Synthesis Settings -> More Settings" to "Off".


+------------------------------------------------------------------------------------+
; Parameter Settings for User Entity Instance: mux21:inst7|LPM_MUX:lpm_mux_component ;
+------------------------+-------------+---------------------------------------------+
; Parameter Name         ; Value       ; Type                                        ;
+------------------------+-------------+---------------------------------------------+
; AUTO_CARRY_CHAINS      ; ON          ; AUTO_CARRY                                  ;
; IGNORE_CARRY_BUFFERS   ; OFF         ; IGNORE_CARRY                                ;
; AUTO_CASCADE_CHAINS    ; ON          ; AUTO_CASCADE                                ;
; IGNORE_CASCADE_BUFFERS ; OFF         ; IGNORE_CASCADE                              ;
; LPM_WIDTH              ; 21          ; Signed Integer                              ;
; LPM_SIZE               ; 2           ; Signed Integer                              ;
; LPM_WIDTHS             ; 1           ; Signed Integer                              ;
; LPM_PIPELINE           ; 0           ; Signed Integer                              ;
; CBXI_PARAMETER         ; mux_r7e     ; Untyped                                     ;
; DEVICE_FAMILY          ; Cyclone III ; Untyped                                     ;
+------------------------+-------------+---------------------------------------------+
Note: In order to hide this table in the UI and the text report file, please set the "Show Parameter Settings Tables in Synthesis Report" option in "Analysis and Synthesis Settings -> More Settings" to "Off".


+-------------------------------------------------------------------------------------------------+
; Parameter Settings for User Entity Instance: leftshift:inst14|lpm_clshift:lpm_clshift_component ;
+----------------+-----------------+--------------------------------------------------------------+
; Parameter Name ; Value           ; Type                                                         ;
+----------------+-----------------+--------------------------------------------------------------+
; LPM_PIPELINE   ; 0               ; Untyped                                                      ;
; LPM_SHIFTTYPE  ; LOGICAL         ; Untyped                                                      ;
; LPM_WIDTH      ; 21              ; Signed Integer                                               ;
; LPM_WIDTHDIST  ; 1               ; Signed Integer                                               ;
; CBXI_PARAMETER ; lpm_clshift_okb ; Untyped                                                      ;
+----------------+-----------------+--------------------------------------------------------------+
Note: In order to hide this table in the UI and the text report file, please set the "Show Parameter Settings Tables in Synthesis Report" option in "Analysis and Synthesis Settings -> More Settings" to "Off".


+----------------------------------------------------------------------------+
; lpm_shiftreg Parameter Settings by Entity Instance                         ;
+----------------------------+-----------------------------------------------+
; Name                       ; Value                                         ;
+----------------------------+-----------------------------------------------+
; Number of entity instances ; 2                                             ;
; Entity Instance            ; rg1:inst|lpm_shiftreg:lpm_shiftreg_component  ;
;     -- LPM_WIDTH           ; 12                                            ;
;     -- LPM_DIRECTION       ; RIGHT                                         ;
; Entity Instance            ; rg2:inst3|lpm_shiftreg:lpm_shiftreg_component ;
;     -- LPM_WIDTH           ; 21                                            ;
;     -- LPM_DIRECTION       ; LEFT                                          ;
+----------------------------+-----------------------------------------------+


+-------------------------------+
; Analysis & Synthesis Messages ;
+-------------------------------+
Info: *******************************************************************
Info: Running Quartus II Analysis & Synthesis
    Info: Version 9.1 Build 222 10/21/2009 SJ Full Version
    Info: Processing started: Sun Mar 10 17:26:25 2019
Info: Command: quartus_map --read_settings_files=on --write_settings_files=off OA -c OA
Info: Parallel compilation is enabled and will use 2 of the 2 processors detected
Info: Found 2 design units, including 1 entities, in source file /documents/1курс/2курс/Курсовой проект по ТА/ua_quartus/dc4.vhd
    Info: Found design unit 1: dc4-SYN
    Info: Found entity 1: dc4
Info: Found 2 design units, including 1 entities, in source file /documents/1курс/2курс/Курсовой проект по ТА/ua_quartus/ct4pm.vhd
    Info: Found design unit 1: ct4pm-SYN
    Info: Found entity 1: ct4pm
Info: Found 1 design units, including 1 entities, in source file ua_1.bdf
    Info: Found entity 1: UA_1
Info: Found 1 design units, including 1 entities, in source file oa.bdf
    Info: Found entity 1: OA
Info: Found 2 design units, including 1 entities, in source file xor21.vhd
    Info: Found design unit 1: xor21-SYN
    Info: Found entity 1: xor21
Info: Found 2 design units, including 1 entities, in source file mux21.vhd
    Info: Found design unit 1: mux21-SYN
    Info: Found entity 1: mux21
Info: Found 2 design units, including 1 entities, in source file mux11.vhd
    Info: Found design unit 1: mux11-SYN
    Info: Found entity 1: mux11
Info: Found 2 design units, including 1 entities, in source file and21.vhd
    Info: Found design unit 1: and21-SYN
    Info: Found entity 1: and21
Info: Found 2 design units, including 1 entities, in source file sm1.vhd
    Info: Found design unit 1: sm1-SYN
    Info: Found entity 1: sm1
Info: Found 2 design units, including 1 entities, in source file rg3.vhd
    Info: Found design unit 1: rg3-SYN
    Info: Found entity 1: rg3
Info: Found 2 design units, including 1 entities, in source file ct2.vhd
    Info: Found design unit 1: ct2-SYN
    Info: Found entity 1: ct2
Info: Found 2 design units, including 1 entities, in source file rg4.vhd
    Info: Found design unit 1: rg4-SYN
    Info: Found entity 1: rg4
Info: Found 2 design units, including 1 entities, in source file sm2.vhd
    Info: Found design unit 1: sm2-SYN
    Info: Found entity 1: sm2
Info: Found 2 design units, including 1 entities, in source file ct1.vhd
    Info: Found design unit 1: ct1-SYN
    Info: Found entity 1: ct1
Info: Found 2 design units, including 1 entities, in source file ili4.vhd
    Info: Found design unit 1: ili4-SYN
    Info: Found entity 1: ili4
Info: Found 2 design units, including 1 entities, in source file rg3_new.vhd
    Info: Found design unit 1: rg3_new-SYN
    Info: Found entity 1: rg3_new
Info: Found 2 design units, including 1 entities, in source file leftshift.vhd
    Info: Found design unit 1: leftshift-SYN
    Info: Found entity 1: leftshift
Info: Found 1 design units, including 1 entities, in source file /documents/1курс/2курс/Курсовой проект по ТА/ua_quartus/ua.bdf
    Info: Found entity 1: UA
Info: Found 2 design units, including 1 entities, in source file reg.vhd
    Info: Found design unit 1: reg-SYN
    Info: Found entity 1: reg
Info: Found 1 design units, including 1 entities, in source file block1.bdf
    Info: Found entity 1: Block1
Info: Elaborating entity "OA" for the top level hierarchy
Info: Elaborating entity "UA" for hierarchy "UA:inst6"
Warning: Not all bits in bus "nx[7..0]" are used
Warning: Not all bits in bus "y[7..0]" are used
Warning: No superset bus at connection
Info: Elaborating entity "reg" for hierarchy "UA:inst6|reg:inst7"
Info: Elaborating entity "lpm_ff" for hierarchy "UA:inst6|reg:inst7|lpm_ff:lpm_ff_component"
Info: Elaborated megafunction instantiation "UA:inst6|reg:inst7|lpm_ff:lpm_ff_component"
Info: Instantiated megafunction "UA:inst6|reg:inst7|lpm_ff:lpm_ff_component" with the following parameter:
    Info: Parameter "lpm_fftype" = "DFF"
    Info: Parameter "lpm_type" = "LPM_FF"
    Info: Parameter "lpm_width" = "8"
Info: Elaborating entity "dc4" for hierarchy "UA:inst6|dc4:UAinst28"
Info: Elaborating entity "lpm_decode" for hierarchy "UA:inst6|dc4:UAinst28|lpm_decode:lpm_decode_component"
Info: Elaborated megafunction instantiation "UA:inst6|dc4:UAinst28|lpm_decode:lpm_decode_component"
Info: Instantiated megafunction "UA:inst6|dc4:UAinst28|lpm_decode:lpm_decode_component" with the following parameter:
    Info: Parameter "lpm_decodes" = "16"
    Info: Parameter "lpm_type" = "LPM_DECODE"
    Info: Parameter "lpm_width" = "4"
Info: Found 1 design units, including 1 entities, in source file db/decode_lbf.tdf
    Info: Found entity 1: decode_lbf
Info: Elaborating entity "decode_lbf" for hierarchy "UA:inst6|dc4:UAinst28|lpm_decode:lpm_decode_component|decode_lbf:auto_generated"
Info: Elaborating entity "ct4pm" for hierarchy "UA:inst6|ct4pm:UAinst24"
Info: Elaborating entity "lpm_counter" for hierarchy "UA:inst6|ct4pm:UAinst24|lpm_counter:lpm_counter_component"
Info: Elaborated megafunction instantiation "UA:inst6|ct4pm:UAinst24|lpm_counter:lpm_counter_component"
Info: Instantiated megafunction "UA:inst6|ct4pm:UAinst24|lpm_counter:lpm_counter_component" with the following parameter:
    Info: Parameter "lpm_direction" = "UNUSED"
    Info: Parameter "lpm_port_updown" = "PORT_USED"
    Info: Parameter "lpm_type" = "LPM_COUNTER"
    Info: Parameter "lpm_width" = "4"
Warning: Assertion warning: Counter will power up to an undefined state.  An asynchronous signal should be asserted before the counter reaches a known state.
Info: Found 1 design units, including 1 entities, in source file db/cntr_ihi.tdf
    Info: Found entity 1: cntr_ihi
Info: Elaborating entity "cntr_ihi" for hierarchy "UA:inst6|ct4pm:UAinst24|lpm_counter:lpm_counter_component|cntr_ihi:auto_generated"
Info: Elaborating entity "ct2" for hierarchy "ct2:inst18"
Info: Elaborating entity "lpm_counter" for hierarchy "ct2:inst18|lpm_counter:lpm_counter_component"
Info: Elaborated megafunction instantiation "ct2:inst18|lpm_counter:lpm_counter_component"
Info: Instantiated megafunction "ct2:inst18|lpm_counter:lpm_counter_component" with the following parameter:
    Info: Parameter "lpm_direction" = "UP"
    Info: Parameter "lpm_port_updown" = "PORT_UNUSED"
    Info: Parameter "lpm_type" = "LPM_COUNTER"
    Info: Parameter "lpm_width" = "5"
Info: Found 1 design units, including 1 entities, in source file db/cntr_6cj.tdf
    Info: Found entity 1: cntr_6cj
Info: Elaborating entity "cntr_6cj" for hierarchy "ct2:inst18|lpm_counter:lpm_counter_component|cntr_6cj:auto_generated"
Warning: Using design file rg1.tdf, which is not specified as a design file for the current project, but contains definitions for 1 design units and 1 entities in project
    Info: Found entity 1: rg1
Info: Elaborating entity "rg1" for hierarchy "rg1:inst"
Info: Elaborating entity "lpm_shiftreg" for hierarchy "rg1:inst|lpm_shiftreg:lpm_shiftreg_component"
Info: Elaborated megafunction instantiation "rg1:inst|lpm_shiftreg:lpm_shiftreg_component"
Info: Instantiated megafunction "rg1:inst|lpm_shiftreg:lpm_shiftreg_component" with the following parameter:
    Info: Parameter "LPM_TYPE" = "LPM_SHIFTREG"
    Info: Parameter "LPM_WIDTH" = "12"
    Info: Parameter "LPM_DIRECTION" = "RIGHT"
Info: Elaborating entity "sm2" for hierarchy "sm2:inst20"
Info: Elaborating entity "lpm_add_sub" for hierarchy "sm2:inst20|lpm_add_sub:lpm_add_sub_component"
Info: Elaborated megafunction instantiation "sm2:inst20|lpm_add_sub:lpm_add_sub_component"
Info: Instantiated megafunction "sm2:inst20|lpm_add_sub:lpm_add_sub_component" with the following parameter:
    Info: Parameter "lpm_direction" = "ADD"
    Info: Parameter "lpm_hint" = "ONE_INPUT_IS_CONSTANT=NO,CIN_USED=NO"
    Info: Parameter "lpm_representation" = "UNSIGNED"
    Info: Parameter "lpm_type" = "LPM_ADD_SUB"
    Info: Parameter "lpm_width" = "5"
Info: Found 1 design units, including 1 entities, in source file db/add_sub_d6i.tdf
    Info: Found entity 1: add_sub_d6i
Info: Elaborating entity "add_sub_d6i" for hierarchy "sm2:inst20|lpm_add_sub:lpm_add_sub_component|add_sub_d6i:auto_generated"
Info: Elaborating entity "rg4" for hierarchy "rg4:inst19"
Info: Elaborating entity "lpm_ff" for hierarchy "rg4:inst19|lpm_ff:lpm_ff_component"
Info: Elaborated megafunction instantiation "rg4:inst19|lpm_ff:lpm_ff_component"
Info: Instantiated megafunction "rg4:inst19|lpm_ff:lpm_ff_component" with the following parameter:
    Info: Parameter "lpm_fftype" = "DFF"
    Info: Parameter "lpm_type" = "LPM_FF"
    Info: Parameter "lpm_width" = "5"
Info: Elaborating entity "ct1" for hierarchy "ct1:inst24"
Info: Elaborating entity "lpm_counter" for hierarchy "ct1:inst24|lpm_counter:lpm_counter_component"
Info: Elaborated megafunction instantiation "ct1:inst24|lpm_counter:lpm_counter_component"
Info: Instantiated megafunction "ct1:inst24|lpm_counter:lpm_counter_component" with the following parameter:
    Info: Parameter "lpm_direction" = "DOWN"
    Info: Parameter "lpm_port_updown" = "PORT_UNUSED"
    Info: Parameter "lpm_type" = "LPM_COUNTER"
    Info: Parameter "lpm_width" = "5"
Info: Found 1 design units, including 1 entities, in source file db/cntr_d1k.tdf
    Info: Found entity 1: cntr_d1k
Info: Elaborating entity "cntr_d1k" for hierarchy "ct1:inst24|lpm_counter:lpm_counter_component|cntr_d1k:auto_generated"
Info: Elaborating entity "ili4" for hierarchy "ili4:inst28"
Info: Elaborating entity "LPM_OR" for hierarchy "ili4:inst28|LPM_OR:lpm_or_component"
Info: Elaborated megafunction instantiation "ili4:inst28|LPM_OR:lpm_or_component"
Info: Instantiated megafunction "ili4:inst28|LPM_OR:lpm_or_component" with the following parameter:
    Info: Parameter "LPM_WIDTH" = "1"
    Info: Parameter "LPM_SIZE" = "4"
    Info: Parameter "LPM_TYPE" = "LPM_OR"
    Info: Parameter "LPM_HINT" = "UNUSED"
Info: Elaborating entity "rg3_new" for hierarchy "rg3_new:inst1"
Info: Elaborating entity "lpm_ff" for hierarchy "rg3_new:inst1|lpm_ff:lpm_ff_component"
Info: Elaborated megafunction instantiation "rg3_new:inst1|lpm_ff:lpm_ff_component"
Info: Instantiated megafunction "rg3_new:inst1|lpm_ff:lpm_ff_component" with the following parameter:
    Info: Parameter "lpm_fftype" = "DFF"
    Info: Parameter "lpm_type" = "LPM_FF"
    Info: Parameter "lpm_width" = "21"
Info: Elaborating entity "mux21" for hierarchy "mux21:inst31"
Info: Elaborating entity "LPM_MUX" for hierarchy "mux21:inst31|LPM_MUX:lpm_mux_component"
Info: Elaborated megafunction instantiation "mux21:inst31|LPM_MUX:lpm_mux_component"
Info: Instantiated megafunction "mux21:inst31|LPM_MUX:lpm_mux_component" with the following parameter:
    Info: Parameter "LPM_WIDTH" = "21"
    Info: Parameter "LPM_SIZE" = "2"
    Info: Parameter "LPM_WIDTHS" = "1"
    Info: Parameter "LPM_PIPELINE" = "0"
    Info: Parameter "LPM_TYPE" = "LPM_MUX"
    Info: Parameter "LPM_HINT" = "UNUSED"
Info: Found 1 design units, including 1 entities, in source file db/mux_r7e.tdf
    Info: Found entity 1: mux_r7e
Info: Elaborating entity "mux_r7e" for hierarchy "mux21:inst31|LPM_MUX:lpm_mux_component|mux_r7e:auto_generated"
Info: Elaborating entity "sm1" for hierarchy "sm1:inst13"
Info: Elaborating entity "lpm_add_sub" for hierarchy "sm1:inst13|lpm_add_sub:lpm_add_sub_component"
Info: Elaborated megafunction instantiation "sm1:inst13|lpm_add_sub:lpm_add_sub_component"
Info: Instantiated megafunction "sm1:inst13|lpm_add_sub:lpm_add_sub_component" with the following parameter:
    Info: Parameter "lpm_direction" = "ADD"
    Info: Parameter "lpm_hint" = "ONE_INPUT_IS_CONSTANT=NO,CIN_USED=YES"
    Info: Parameter "lpm_representation" = "UNSIGNED"
    Info: Parameter "lpm_type" = "LPM_ADD_SUB"
    Info: Parameter "lpm_width" = "21"
Info: Found 1 design units, including 1 entities, in source file db/add_sub_q3i.tdf
    Info: Found entity 1: add_sub_q3i
Info: Elaborating entity "add_sub_q3i" for hierarchy "sm1:inst13|lpm_add_sub:lpm_add_sub_component|add_sub_q3i:auto_generated"
Info: Elaborating entity "and21" for hierarchy "and21:inst12"
Info: Elaborating entity "LPM_AND" for hierarchy "and21:inst12|LPM_AND:lpm_and_component"
Info: Elaborated megafunction instantiation "and21:inst12|LPM_AND:lpm_and_component"
Info: Instantiated megafunction "and21:inst12|LPM_AND:lpm_and_component" with the following parameter:
    Info: Parameter "LPM_WIDTH" = "21"
    Info: Parameter "LPM_SIZE" = "2"
    Info: Parameter "LPM_TYPE" = "LPM_AND"
    Info: Parameter "LPM_HINT" = "UNUSED"
Info: Elaborating entity "xor21" for hierarchy "xor21:inst5"
Info: Elaborating entity "LPM_XOR" for hierarchy "xor21:inst5|LPM_XOR:lpm_xor_component"
Info: Elaborated megafunction instantiation "xor21:inst5|LPM_XOR:lpm_xor_component"
Info: Instantiated megafunction "xor21:inst5|LPM_XOR:lpm_xor_component" with the following parameter:
    Info: Parameter "LPM_WIDTH" = "21"
    Info: Parameter "LPM_SIZE" = "2"
    Info: Parameter "LPM_TYPE" = "LPM_XOR"
    Info: Parameter "LPM_HINT" = "UNUSED"
Warning: Using design file rg2.tdf, which is not specified as a design file for the current project, but contains definitions for 1 design units and 1 entities in project
    Info: Found entity 1: rg2
Info: Elaborating entity "rg2" for hierarchy "rg2:inst3"
Info: Elaborating entity "lpm_shiftreg" for hierarchy "rg2:inst3|lpm_shiftreg:lpm_shiftreg_component"
Info: Elaborated megafunction instantiation "rg2:inst3|lpm_shiftreg:lpm_shiftreg_component"
Info: Instantiated megafunction "rg2:inst3|lpm_shiftreg:lpm_shiftreg_component" with the following parameter:
    Info: Parameter "LPM_TYPE" = "LPM_SHIFTREG"
    Info: Parameter "LPM_WIDTH" = "21"
    Info: Parameter "LPM_DIRECTION" = "LEFT"
Info: Elaborating entity "mux11" for hierarchy "mux11:inst8"
Info: Elaborating entity "LPM_MUX" for hierarchy "mux11:inst8|LPM_MUX:lpm_mux_component"
Info: Elaborated megafunction instantiation "mux11:inst8|LPM_MUX:lpm_mux_component"
Info: Instantiated megafunction "mux11:inst8|LPM_MUX:lpm_mux_component" with the following parameter:
    Info: Parameter "LPM_WIDTH" = "11"
    Info: Parameter "LPM_SIZE" = "2"
    Info: Parameter "LPM_WIDTHS" = "1"
    Info: Parameter "LPM_PIPELINE" = "0"
    Info: Parameter "LPM_TYPE" = "LPM_MUX"
    Info: Parameter "LPM_HINT" = "UNUSED"
Info: Found 1 design units, including 1 entities, in source file db/mux_q7e.tdf
    Info: Found entity 1: mux_q7e
Info: Elaborating entity "mux_q7e" for hierarchy "mux11:inst8|LPM_MUX:lpm_mux_component|mux_q7e:auto_generated"
Info: Elaborating entity "leftshift" for hierarchy "leftshift:inst14"
Info: Elaborating entity "lpm_clshift" for hierarchy "leftshift:inst14|lpm_clshift:lpm_clshift_component"
Info: Elaborated megafunction instantiation "leftshift:inst14|lpm_clshift:lpm_clshift_component"
Info: Instantiated megafunction "leftshift:inst14|lpm_clshift:lpm_clshift_component" with the following parameter:
    Info: Parameter "lpm_shifttype" = "LOGICAL"
    Info: Parameter "lpm_type" = "LPM_CLSHIFT"
    Info: Parameter "lpm_width" = "21"
    Info: Parameter "lpm_widthdist" = "1"
Info: Found 1 design units, including 1 entities, in source file db/lpm_clshift_okb.tdf
    Info: Found entity 1: lpm_clshift_okb
Info: Elaborating entity "lpm_clshift_okb" for hierarchy "leftshift:inst14|lpm_clshift:lpm_clshift_component|lpm_clshift_okb:auto_generated"
Info: Timing-Driven Synthesis is running
Info: Implemented 284 device resources after synthesis - the final resource count might be different
    Info: Implemented 18 input pins
    Info: Implemented 97 output pins
    Info: Implemented 169 logic cells
Info: Quartus II Analysis & Synthesis was successful. 0 errors, 6 warnings
    Info: Peak virtual memory: 281 megabytes
    Info: Processing ended: Sun Mar 10 17:26:34 2019
    Info: Elapsed time: 00:00:09
    Info: Total CPU time (on all processors): 00:00:07


