Analysis & Synthesis report for FirstProgramm
Fri May 31 11:04:55 2019
Quartus II Version 9.1 Build 350 03/24/2010 Service Pack 2 SJ Web Edition


---------------------
; Table of Contents ;
---------------------
  1. Legal Notice
  2. Analysis & Synthesis Summary
  3. Analysis & Synthesis Settings
  4. Parallel Compilation
  5. Analysis & Synthesis Source Files Read
  6. Analysis & Synthesis Resource Usage Summary
  7. Analysis & Synthesis Resource Utilization by Entity
  8. General Register Statistics
  9. Multiplexer Restructuring Statistics (Restructuring Performed)
 10. Source assignments for UA:inst30|ct4pm:UAinst24|lpm_counter:lpm_counter_component
 11. Source assignments for UA:inst30|ct4pm:UAinst24|lpm_counter:lpm_counter_component|cntr_ihi:auto_generated
 12. Source assignments for ct1:inst9|lpm_counter:lpm_counter_component
 13. Source assignments for ct:inst14|lpm_counter:lpm_counter_component
 14. Parameter Settings for User Entity Instance: UA:inst30|reg:inst7|lpm_ff:lpm_ff_component
 15. Parameter Settings for User Entity Instance: UA:inst30|dc4:UAinst28|lpm_decode:lpm_decode_component
 16. Parameter Settings for User Entity Instance: UA:inst30|ct4pm:UAinst24|lpm_counter:lpm_counter_component
 17. Parameter Settings for User Entity Instance: ct1:inst9|lpm_counter:lpm_counter_component
 18. Parameter Settings for User Entity Instance: sm2:inst8|lpm_add_sub:lpm_add_sub_component
 19. Parameter Settings for User Entity Instance: rg5:inst4|lpm_ff:lpm_ff_component
 20. Parameter Settings for User Entity Instance: ct:inst14|lpm_counter:lpm_counter_component
 21. Parameter Settings for User Entity Instance: rgsh:inst21|lpm_shiftreg:lpm_shiftreg_component
 22. Parameter Settings for User Entity Instance: ms2:inst23|lpm_mux:lpm_mux_component
 23. Parameter Settings for User Entity Instance: sm1:inst10|lpm_add_sub:lpm_add_sub_component
 24. Parameter Settings for User Entity Instance: rg10:inst3|lpm_ff:lpm_ff_component
 25. Parameter Settings for User Entity Instance: shifter:inst24|lpm_clshift:lpm_clshift_component
 26. Parameter Settings for User Entity Instance: rgshift:inst|lpm_shiftreg:lpm_shiftreg_component
 27. Parameter Settings for User Entity Instance: ili4:inst17|lpm_or:lpm_or_component
 28. Parameter Settings for User Entity Instance: ili10:inst11|lpm_or:lpm_or_component
 29. lpm_shiftreg Parameter Settings by Entity Instance
 30. Analysis & Synthesis Messages



----------------
; Legal Notice ;
----------------
Copyright (C) 1991-2010 Altera Corporation
Your use of Altera Corporation's design tools, logic functions 
and other software and tools, and its AMPP partner logic 
functions, and any output files from any of the foregoing 
(including device programming or simulation files), and any 
associated documentation or information are expressly subject 
to the terms and conditions of the Altera Program License 
Subscription Agreement, Altera MegaCore Function License 
Agreement, or other applicable license agreement, including, 
without limitation, that your use is for the sole purpose of 
programming logic devices manufactured by Altera and sold by 
Altera or its authorized distributors.  Please refer to the 
applicable agreement for further details.



+-----------------------------------------------------------------------------------+
; Analysis & Synthesis Summary                                                      ;
+------------------------------------+----------------------------------------------+
; Analysis & Synthesis Status        ; Successful - Fri May 31 11:04:55 2019        ;
; Quartus II Version                 ; 9.1 Build 350 03/24/2010 SP 2 SJ Web Edition ;
; Revision Name                      ; FirstProgramm                                ;
; Top-level Entity Name              ; FirstProgramm                                ;
; Family                             ; Cyclone III                                  ;
; Total logic elements               ; 140                                          ;
;     Total combinational functions  ; 124                                          ;
;     Dedicated logic registers      ; 63                                           ;
; Total registers                    ; 63                                           ;
; Total pins                         ; 96                                           ;
; Total virtual pins                 ; 0                                            ;
; Total memory bits                  ; 0                                            ;
; Embedded Multiplier 9-bit elements ; 0                                            ;
; Total PLLs                         ; 0                                            ;
+------------------------------------+----------------------------------------------+


+----------------------------------------------------------------------------------------------------------------------+
; Analysis & Synthesis Settings                                                                                        ;
+----------------------------------------------------------------------------+--------------------+--------------------+
; Option                                                                     ; Setting            ; Default Value      ;
+----------------------------------------------------------------------------+--------------------+--------------------+
; Device                                                                     ; EP3C5F256A7        ;                    ;
; Top-level entity name                                                      ; FirstProgramm      ; FirstProgramm      ;
; Family name                                                                ; Cyclone III        ; Stratix II         ;
; Use Generated Physical Constraints File                                    ; Off                ;                    ;
; Use smart compilation                                                      ; Off                ; Off                ;
; Enable parallel Assembler and TimeQuest Timing Analyzer during compilation ; On                 ; On                 ;
; Enable compact report table                                                ; Off                ; Off                ;
; Restructure Multiplexers                                                   ; Auto               ; Auto               ;
; Create Debugging Nodes for IP Cores                                        ; Off                ; Off                ;
; Preserve fewer node names                                                  ; On                 ; On                 ;
; Disable OpenCore Plus hardware evaluation                                  ; Off                ; Off                ;
; Verilog Version                                                            ; Verilog_2001       ; Verilog_2001       ;
; VHDL Version                                                               ; VHDL_1993          ; VHDL_1993          ;
; State Machine Processing                                                   ; Auto               ; Auto               ;
; Safe State Machine                                                         ; Off                ; Off                ;
; Extract Verilog State Machines                                             ; On                 ; On                 ;
; Extract VHDL State Machines                                                ; On                 ; On                 ;
; Ignore Verilog initial constructs                                          ; Off                ; Off                ;
; Iteration limit for constant Verilog loops                                 ; 5000               ; 5000               ;
; Iteration limit for non-constant Verilog loops                             ; 250                ; 250                ;
; Add Pass-Through Logic to Inferred RAMs                                    ; On                 ; On                 ;
; Parallel Synthesis                                                         ; Off                ; Off                ;
; DSP Block Balancing                                                        ; Auto               ; Auto               ;
; NOT Gate Push-Back                                                         ; On                 ; On                 ;
; Power-Up Don't Care                                                        ; On                 ; On                 ;
; Remove Redundant Logic Cells                                               ; Off                ; Off                ;
; Remove Duplicate Registers                                                 ; On                 ; On                 ;
; Ignore CARRY Buffers                                                       ; Off                ; Off                ;
; Ignore CASCADE Buffers                                                     ; Off                ; Off                ;
; Ignore GLOBAL Buffers                                                      ; Off                ; Off                ;
; Ignore ROW GLOBAL Buffers                                                  ; Off                ; Off                ;
; Ignore LCELL Buffers                                                       ; Off                ; Off                ;
; Ignore SOFT Buffers                                                        ; On                 ; On                 ;
; Limit AHDL Integers to 32 Bits                                             ; Off                ; Off                ;
; Optimization Technique                                                     ; Balanced           ; Balanced           ;
; Carry Chain Length                                                         ; 70                 ; 70                 ;
; Auto Carry Chains                                                          ; On                 ; On                 ;
; Auto Open-Drain Pins                                                       ; On                 ; On                 ;
; Perform WYSIWYG Primitive Resynthesis                                      ; Off                ; Off                ;
; Auto ROM Replacement                                                       ; On                 ; On                 ;
; Auto RAM Replacement                                                       ; On                 ; On                 ;
; Auto DSP Block Replacement                                                 ; On                 ; On                 ;
; Auto Shift Register Replacement                                            ; Auto               ; Auto               ;
; Auto Clock Enable Replacement                                              ; On                 ; On                 ;
; Strict RAM Replacement                                                     ; Off                ; Off                ;
; Allow Synchronous Control Signals                                          ; On                 ; On                 ;
; Force Use of Synchronous Clear Signals                                     ; Off                ; Off                ;
; Auto RAM Block Balancing                                                   ; On                 ; On                 ;
; Auto RAM to Logic Cell Conversion                                          ; Off                ; Off                ;
; Auto Resource Sharing                                                      ; Off                ; Off                ;
; Allow Any RAM Size For Recognition                                         ; Off                ; Off                ;
; Allow Any ROM Size For Recognition                                         ; Off                ; Off                ;
; Allow Any Shift Register Size For Recognition                              ; Off                ; Off                ;
; Use LogicLock Constraints during Resource Balancing                        ; On                 ; On                 ;
; Ignore translate_off and synthesis_off directives                          ; Off                ; Off                ;
; Timing-Driven Synthesis                                                    ; Off                ; Off                ;
; Show Parameter Settings Tables in Synthesis Report                         ; On                 ; On                 ;
; Ignore Maximum Fan-Out Assignments                                         ; Off                ; Off                ;
; Synchronization Register Chain Length                                      ; 2                  ; 2                  ;
; PowerPlay Power Optimization                                               ; Normal compilation ; Normal compilation ;
; HDL message level                                                          ; Level2             ; Level2             ;
; Suppress Register Optimization Related Messages                            ; Off                ; Off                ;
; Number of Removed Registers Reported in Synthesis Report                   ; 100                ; 100                ;
; Number of Inverted Registers Reported in Synthesis Report                  ; 100                ; 100                ;
; Clock MUX Protection                                                       ; On                 ; On                 ;
; Auto Gated Clock Conversion                                                ; Off                ; Off                ;
; Block Design Naming                                                        ; Auto               ; Auto               ;
; SDC constraint protection                                                  ; Off                ; Off                ;
; Synthesis Effort                                                           ; Auto               ; Auto               ;
; Shift Register Replacement - Allow Asynchronous Clear Signal               ; On                 ; On                 ;
; Analysis & Synthesis Message Level                                         ; Medium             ; Medium             ;
; Disable Register Merging Across Hierarchies                                ; Auto               ; Auto               ;
; Resource Aware Inference For Block RAM                                     ; On                 ; On                 ;
+----------------------------------------------------------------------------+--------------------+--------------------+


Parallel compilation was disabled, but you have multiple processors available. Enable parallel compilation to reduce compilation time.
+-------------------------------------+
; Parallel Compilation                ;
+----------------------------+--------+
; Processors                 ; Number ;
+----------------------------+--------+
; Number detected on machine ; 2      ;
; Maximum allowed            ; 1      ;
+----------------------------+--------+


+-----------------------------------------------------------------------------------------------------------------------------------------------------------------------------------------------+
; Analysis & Synthesis Source Files Read                                                                                                                                                        ;
+----------------------------------------------------------+-----------------+------------------------------------+-----------------------------------------------------------------------------+
; File Name with User-Entered Path                         ; Used in Netlist ; File Type                          ; File Name with Absolute Path                                                ;
+----------------------------------------------------------+-----------------+------------------------------------+-----------------------------------------------------------------------------+
; ../../Курсовой проект по ТА/UA_Quartus(Xomyak)/ct4pm.vhd ; yes             ; User Wizard-Generated File         ; D:/Documents/1курс/2курс/Курсовой проект по ТА/UA_Quartus(Xomyak)/ct4pm.vhd ;
; ../../Курсовой проект по ТА/UA_Quartus(Xomyak)/dc4.vhd   ; yes             ; User Wizard-Generated File         ; D:/Documents/1курс/2курс/Курсовой проект по ТА/UA_Quartus(Xomyak)/dc4.vhd   ;
; ../../Курсовой проект по ТА/UA_Quartus(Xomyak)/reg.vhd   ; yes             ; User Wizard-Generated File         ; D:/Documents/1курс/2курс/Курсовой проект по ТА/UA_Quartus(Xomyak)/reg.vhd   ;
; ../../Курсовой проект по ТА/UA_Quartus(Xomyak)/UA.bdf    ; yes             ; User Block Diagram/Schematic File  ; D:/Documents/1курс/2курс/Курсовой проект по ТА/UA_Quartus(Xomyak)/UA.bdf    ;
; ct.tdf                                                   ; yes             ; User Wizard-Generated File         ; D:/Documents/1курс/2курс/Теория автоматов/0lab/ct.tdf                       ;
; ct1.tdf                                                  ; yes             ; User Wizard-Generated File         ; D:/Documents/1курс/2курс/Теория автоматов/0lab/ct1.tdf                      ;
; FirstProgramm.bdf                                        ; yes             ; User Block Diagram/Schematic File  ; D:/Documents/1курс/2курс/Теория автоматов/0lab/FirstProgramm.bdf            ;
; ili10.tdf                                                ; yes             ; User Wizard-Generated File         ; D:/Documents/1курс/2курс/Теория автоматов/0lab/ili10.tdf                    ;
; ili4.tdf                                                 ; yes             ; User Wizard-Generated File         ; D:/Documents/1курс/2курс/Теория автоматов/0lab/ili4.tdf                     ;
; ms2.tdf                                                  ; yes             ; User Wizard-Generated File         ; D:/Documents/1курс/2курс/Теория автоматов/0lab/ms2.tdf                      ;
; rg10.tdf                                                 ; yes             ; User Wizard-Generated File         ; D:/Documents/1курс/2курс/Теория автоматов/0lab/rg10.tdf                     ;
; rg5.tdf                                                  ; yes             ; User Wizard-Generated File         ; D:/Documents/1курс/2курс/Теория автоматов/0lab/rg5.tdf                      ;
; rgsh.tdf                                                 ; yes             ; User Wizard-Generated File         ; D:/Documents/1курс/2курс/Теория автоматов/0lab/rgsh.tdf                     ;
; rgshift.tdf                                              ; yes             ; User Wizard-Generated File         ; D:/Documents/1курс/2курс/Теория автоматов/0lab/rgshift.tdf                  ;
; shifter.tdf                                              ; yes             ; User Wizard-Generated File         ; D:/Documents/1курс/2курс/Теория автоматов/0lab/shifter.tdf                  ;
; sm1.tdf                                                  ; yes             ; User Wizard-Generated File         ; D:/Documents/1курс/2курс/Теория автоматов/0lab/sm1.tdf                      ;
; sm2.tdf                                                  ; yes             ; User Wizard-Generated File         ; D:/Documents/1курс/2курс/Теория автоматов/0lab/sm2.tdf                      ;
; lpm_counter.inc                                          ; yes             ; Megafunction                       ; c:/altera/91sp2/quartus/libraries/megafunctions/lpm_counter.inc             ;
; lpm_or.inc                                               ; yes             ; Auto-Found AHDL File               ; c:/altera/91sp2/quartus/libraries/megafunctions/lpm_or.inc                  ;
; lpm_mux.inc                                              ; yes             ; Auto-Found AHDL File               ; c:/altera/91sp2/quartus/libraries/megafunctions/lpm_mux.inc                 ;
; lpm_ff.inc                                               ; yes             ; Auto-Found AHDL File               ; c:/altera/91sp2/quartus/libraries/megafunctions/lpm_ff.inc                  ;
; lpm_shiftreg.inc                                         ; yes             ; Auto-Found AHDL File               ; c:/altera/91sp2/quartus/libraries/megafunctions/lpm_shiftreg.inc            ;
; lpm_clshift.inc                                          ; yes             ; Auto-Found AHDL File               ; c:/altera/91sp2/quartus/libraries/megafunctions/lpm_clshift.inc             ;
; lpm_add_sub.inc                                          ; yes             ; Megafunction                       ; c:/altera/91sp2/quartus/libraries/megafunctions/lpm_add_sub.inc             ;
; lpm_ff.tdf                                               ; yes             ; Megafunction                       ; c:/altera/91sp2/quartus/libraries/megafunctions/lpm_ff.tdf                  ;
; lpm_decode.tdf                                           ; yes             ; Megafunction                       ; c:/altera/91sp2/quartus/libraries/megafunctions/lpm_decode.tdf              ;
; db/decode_lbf.tdf                                        ; yes             ; Auto-Generated Megafunction        ; D:/Documents/1курс/2курс/Теория автоматов/0lab/db/decode_lbf.tdf            ;
; lpm_counter.tdf                                          ; yes             ; Megafunction                       ; c:/altera/91sp2/quartus/libraries/megafunctions/lpm_counter.tdf             ;
; db/cntr_ihi.tdf                                          ; yes             ; Auto-Generated Megafunction        ; D:/Documents/1курс/2курс/Теория автоматов/0lab/db/cntr_ihi.tdf              ;
; db/cntr_e1k.tdf                                          ; yes             ; Auto-Generated Megafunction        ; D:/Documents/1курс/2курс/Теория автоматов/0lab/db/cntr_e1k.tdf              ;
; lpm_add_sub.tdf                                          ; yes             ; Megafunction                       ; c:/altera/91sp2/quartus/libraries/megafunctions/lpm_add_sub.tdf             ;
; db/add_sub_d6i.tdf                                       ; yes             ; Auto-Generated Megafunction        ; D:/Documents/1курс/2курс/Теория автоматов/0lab/db/add_sub_d6i.tdf           ;
; db/cntr_6cj.tdf                                          ; yes             ; Auto-Generated Megafunction        ; D:/Documents/1курс/2курс/Теория автоматов/0lab/db/cntr_6cj.tdf              ;
; lpm_shiftreg.tdf                                         ; yes             ; Megafunction                       ; c:/altera/91sp2/quartus/libraries/megafunctions/lpm_shiftreg.tdf            ;
; lpm_mux.tdf                                              ; yes             ; Megafunction                       ; c:/altera/91sp2/quartus/libraries/megafunctions/lpm_mux.tdf                 ;
; db/mux_frc.tdf                                           ; yes             ; Auto-Generated Megafunction        ; D:/Documents/1курс/2курс/Теория автоматов/0lab/db/mux_frc.tdf               ;
; db/add_sub_p7i.tdf                                       ; yes             ; Auto-Generated Megafunction        ; D:/Documents/1курс/2курс/Теория автоматов/0lab/db/add_sub_p7i.tdf           ;
; lpm_clshift.tdf                                          ; yes             ; Megafunction                       ; c:/altera/91sp2/quartus/libraries/megafunctions/lpm_clshift.tdf             ;
; db/lpm_clshift_nkb.tdf                                   ; yes             ; Auto-Generated Megafunction        ; D:/Documents/1курс/2курс/Теория автоматов/0lab/db/lpm_clshift_nkb.tdf       ;
; lpm_or.tdf                                               ; yes             ; Megafunction                       ; c:/altera/91sp2/quartus/libraries/megafunctions/lpm_or.tdf                  ;
+----------------------------------------------------------+-----------------+------------------------------------+-----------------------------------------------------------------------------+


+---------------------------------------------------------+
; Analysis & Synthesis Resource Usage Summary             ;
+---------------------------------------------+-----------+
; Resource                                    ; Usage     ;
+---------------------------------------------+-----------+
; Estimated Total logic elements              ; 140       ;
;                                             ;           ;
; Total combinational functions               ; 124       ;
; Logic element usage by number of LUT inputs ;           ;
;     -- 4 input functions                    ; 44        ;
;     -- 3 input functions                    ; 50        ;
;     -- <=2 input functions                  ; 30        ;
;                                             ;           ;
; Logic elements by mode                      ;           ;
;     -- normal mode                          ; 97        ;
;     -- arithmetic mode                      ; 27        ;
;                                             ;           ;
; Total registers                             ; 63        ;
;     -- Dedicated logic registers            ; 63        ;
;     -- I/O registers                        ; 0         ;
;                                             ;           ;
; I/O pins                                    ; 96        ;
; Maximum fan-out node                        ; clk~input ;
; Maximum fan-out                             ; 62        ;
; Total fan-out                               ; 770       ;
; Average fan-out                             ; 2.03      ;
+---------------------------------------------+-----------+


+-----------------------------------------------------------------------------------------------------------------------------------------------------------------------------------------------------------------------------------------------------------------------------+
; Analysis & Synthesis Resource Utilization by Entity                                                                                                                                                                                                                         ;
+----------------------------------------------+-------------------+--------------+-------------+--------------+---------+-----------+------+--------------+---------------------------------------------------------------------------------------------------+--------------+
; Compilation Hierarchy Node                   ; LC Combinationals ; LC Registers ; Memory Bits ; DSP Elements ; DSP 9x9 ; DSP 18x18 ; Pins ; Virtual Pins ; Full Hierarchy Name                                                                               ; Library Name ;
+----------------------------------------------+-------------------+--------------+-------------+--------------+---------+-----------+------+--------------+---------------------------------------------------------------------------------------------------+--------------+
; |FirstProgramm                               ; 124 (9)           ; 63 (2)       ; 0           ; 0            ; 0       ; 0         ; 96   ; 0            ; |FirstProgramm                                                                                    ; work         ;
;    |UA:inst30|                               ; 33 (21)           ; 13 (0)       ; 0           ; 0            ; 0       ; 0         ; 0    ; 0            ; |FirstProgramm|UA:inst30                                                                          ;              ;
;       |ct4pm:UAinst24|                       ; 8 (0)             ; 4 (0)        ; 0           ; 0            ; 0       ; 0         ; 0    ; 0            ; |FirstProgramm|UA:inst30|ct4pm:UAinst24                                                           ; work         ;
;          |lpm_counter:lpm_counter_component| ; 8 (0)             ; 4 (0)        ; 0           ; 0            ; 0       ; 0         ; 0    ; 0            ; |FirstProgramm|UA:inst30|ct4pm:UAinst24|lpm_counter:lpm_counter_component                         ; work         ;
;             |cntr_ihi:auto_generated|        ; 8 (8)             ; 4 (4)        ; 0           ; 0            ; 0       ; 0         ; 0    ; 0            ; |FirstProgramm|UA:inst30|ct4pm:UAinst24|lpm_counter:lpm_counter_component|cntr_ihi:auto_generated ; work         ;
;       |dc4:UAinst28|                         ; 4 (0)             ; 0 (0)        ; 0           ; 0            ; 0       ; 0         ; 0    ; 0            ; |FirstProgramm|UA:inst30|dc4:UAinst28                                                             ; work         ;
;          |lpm_decode:lpm_decode_component|   ; 4 (0)             ; 0 (0)        ; 0           ; 0            ; 0       ; 0         ; 0    ; 0            ; |FirstProgramm|UA:inst30|dc4:UAinst28|lpm_decode:lpm_decode_component                             ; work         ;
;             |decode_lbf:auto_generated|      ; 4 (4)             ; 0 (0)        ; 0           ; 0            ; 0       ; 0         ; 0    ; 0            ; |FirstProgramm|UA:inst30|dc4:UAinst28|lpm_decode:lpm_decode_component|decode_lbf:auto_generated   ; work         ;
;       |reg:inst7|                            ; 0 (0)             ; 9 (0)        ; 0           ; 0            ; 0       ; 0         ; 0    ; 0            ; |FirstProgramm|UA:inst30|reg:inst7                                                                ; work         ;
;          |lpm_ff:lpm_ff_component|           ; 0 (0)             ; 9 (9)        ; 0           ; 0            ; 0       ; 0         ; 0    ; 0            ; |FirstProgramm|UA:inst30|reg:inst7|lpm_ff:lpm_ff_component                                        ; work         ;
;    |ct1:inst9|                               ; 8 (0)             ; 6 (0)        ; 0           ; 0            ; 0       ; 0         ; 0    ; 0            ; |FirstProgramm|ct1:inst9                                                                          ; work         ;
;       |lpm_counter:lpm_counter_component|    ; 8 (0)             ; 6 (0)        ; 0           ; 0            ; 0       ; 0         ; 0    ; 0            ; |FirstProgramm|ct1:inst9|lpm_counter:lpm_counter_component                                        ; work         ;
;          |cntr_e1k:auto_generated|           ; 8 (8)             ; 6 (6)        ; 0           ; 0            ; 0       ; 0         ; 0    ; 0            ; |FirstProgramm|ct1:inst9|lpm_counter:lpm_counter_component|cntr_e1k:auto_generated                ; work         ;
;    |ct:inst14|                               ; 6 (0)             ; 5 (0)        ; 0           ; 0            ; 0       ; 0         ; 0    ; 0            ; |FirstProgramm|ct:inst14                                                                          ; work         ;
;       |lpm_counter:lpm_counter_component|    ; 6 (0)             ; 5 (0)        ; 0           ; 0            ; 0       ; 0         ; 0    ; 0            ; |FirstProgramm|ct:inst14|lpm_counter:lpm_counter_component                                        ; work         ;
;          |cntr_6cj:auto_generated|           ; 6 (6)             ; 5 (5)        ; 0           ; 0            ; 0       ; 0         ; 0    ; 0            ; |FirstProgramm|ct:inst14|lpm_counter:lpm_counter_component|cntr_6cj:auto_generated                ; work         ;
;    |ili10:inst11|                            ; 3 (0)             ; 0 (0)        ; 0           ; 0            ; 0       ; 0         ; 0    ; 0            ; |FirstProgramm|ili10:inst11                                                                       ; work         ;
;       |lpm_or:lpm_or_component|              ; 3 (3)             ; 0 (0)        ; 0           ; 0            ; 0       ; 0         ; 0    ; 0            ; |FirstProgramm|ili10:inst11|lpm_or:lpm_or_component                                               ; work         ;
;    |rg10:inst3|                              ; 0 (0)             ; 10 (0)       ; 0           ; 0            ; 0       ; 0         ; 0    ; 0            ; |FirstProgramm|rg10:inst3                                                                         ; work         ;
;       |lpm_ff:lpm_ff_component|              ; 0 (0)             ; 10 (10)      ; 0           ; 0            ; 0       ; 0         ; 0    ; 0            ; |FirstProgramm|rg10:inst3|lpm_ff:lpm_ff_component                                                 ; work         ;
;    |rg5:inst4|                               ; 0 (0)             ; 5 (0)        ; 0           ; 0            ; 0       ; 0         ; 0    ; 0            ; |FirstProgramm|rg5:inst4                                                                          ; work         ;
;       |lpm_ff:lpm_ff_component|              ; 0 (0)             ; 5 (5)        ; 0           ; 0            ; 0       ; 0         ; 0    ; 0            ; |FirstProgramm|rg5:inst4|lpm_ff:lpm_ff_component                                                  ; work         ;
;    |rgsh:inst21|                             ; 21 (0)            ; 11 (0)       ; 0           ; 0            ; 0       ; 0         ; 0    ; 0            ; |FirstProgramm|rgsh:inst21                                                                        ; work         ;
;       |lpm_shiftreg:lpm_shiftreg_component|  ; 21 (21)           ; 11 (11)      ; 0           ; 0            ; 0       ; 0         ; 0    ; 0            ; |FirstProgramm|rgsh:inst21|lpm_shiftreg:lpm_shiftreg_component                                    ; work         ;
;    |rgshift:inst|                            ; 11 (0)            ; 11 (0)       ; 0           ; 0            ; 0       ; 0         ; 0    ; 0            ; |FirstProgramm|rgshift:inst                                                                       ; work         ;
;       |lpm_shiftreg:lpm_shiftreg_component|  ; 11 (11)           ; 11 (11)      ; 0           ; 0            ; 0       ; 0         ; 0    ; 0            ; |FirstProgramm|rgshift:inst|lpm_shiftreg:lpm_shiftreg_component                                   ; work         ;
;    |shifter:inst24|                          ; 10 (0)            ; 0 (0)        ; 0           ; 0            ; 0       ; 0         ; 0    ; 0            ; |FirstProgramm|shifter:inst24                                                                     ; work         ;
;       |lpm_clshift:lpm_clshift_component|    ; 10 (0)            ; 0 (0)        ; 0           ; 0            ; 0       ; 0         ; 0    ; 0            ; |FirstProgramm|shifter:inst24|lpm_clshift:lpm_clshift_component                                   ; work         ;
;          |lpm_clshift_nkb:auto_generated|    ; 10 (10)           ; 0 (0)        ; 0           ; 0            ; 0       ; 0         ; 0    ; 0            ; |FirstProgramm|shifter:inst24|lpm_clshift:lpm_clshift_component|lpm_clshift_nkb:auto_generated    ; work         ;
;    |sm1:inst10|                              ; 11 (0)            ; 0 (0)        ; 0           ; 0            ; 0       ; 0         ; 0    ; 0            ; |FirstProgramm|sm1:inst10                                                                         ; work         ;
;       |lpm_add_sub:lpm_add_sub_component|    ; 11 (0)            ; 0 (0)        ; 0           ; 0            ; 0       ; 0         ; 0    ; 0            ; |FirstProgramm|sm1:inst10|lpm_add_sub:lpm_add_sub_component                                       ; work         ;
;          |add_sub_p7i:auto_generated|        ; 11 (11)           ; 0 (0)        ; 0           ; 0            ; 0       ; 0         ; 0    ; 0            ; |FirstProgramm|sm1:inst10|lpm_add_sub:lpm_add_sub_component|add_sub_p7i:auto_generated            ; work         ;
;    |sm2:inst8|                               ; 12 (0)            ; 0 (0)        ; 0           ; 0            ; 0       ; 0         ; 0    ; 0            ; |FirstProgramm|sm2:inst8                                                                          ; work         ;
;       |lpm_add_sub:lpm_add_sub_component|    ; 12 (0)            ; 0 (0)        ; 0           ; 0            ; 0       ; 0         ; 0    ; 0            ; |FirstProgramm|sm2:inst8|lpm_add_sub:lpm_add_sub_component                                        ; work         ;
;          |add_sub_d6i:auto_generated|        ; 12 (12)           ; 0 (0)        ; 0           ; 0            ; 0       ; 0         ; 0    ; 0            ; |FirstProgramm|sm2:inst8|lpm_add_sub:lpm_add_sub_component|add_sub_d6i:auto_generated             ; work         ;
+----------------------------------------------+-------------------+--------------+-------------+--------------+---------+-----------+------+--------------+---------------------------------------------------------------------------------------------------+--------------+
Note: For table entries with two numbers listed, the numbers in parentheses indicate the number of resources of the given type used by the specific entity alone. The numbers listed outside of parentheses indicate the total resources of the given type used by the specific entity and all of its sub-entities in the hierarchy.


+------------------------------------------------------+
; General Register Statistics                          ;
+----------------------------------------------+-------+
; Statistic                                    ; Value ;
+----------------------------------------------+-------+
; Total registers                              ; 63    ;
; Number of registers using Synchronous Clear  ; 10    ;
; Number of registers using Synchronous Load   ; 15    ;
; Number of registers using Asynchronous Clear ; 5     ;
; Number of registers using Asynchronous Load  ; 0     ;
; Number of registers using Clock Enable       ; 52    ;
; Number of registers using Preset             ; 0     ;
+----------------------------------------------+-------+


+--------------------------------------------------------------------------------------------------------------------------------------------------------------------------------+
; Multiplexer Restructuring Statistics (Restructuring Performed)                                                                                                                 ;
+--------------------+-----------+---------------+----------------------+------------------------+------------+------------------------------------------------------------------+
; Multiplexer Inputs ; Bus Width ; Baseline Area ; Area if Restructured ; Saving if Restructured ; Registered ; Example Multiplexer Output                                       ;
+--------------------+-----------+---------------+----------------------+------------------------+------------+------------------------------------------------------------------+
; 3:1                ; 10 bits   ; 20 LEs        ; 20 LEs               ; 0 LEs                  ; No         ; |FirstProgramm|rgsh:inst21|lpm_shiftreg:lpm_shiftreg_component|_ ;
+--------------------+-----------+---------------+----------------------+------------------------+------------+------------------------------------------------------------------+


+-----------------------------------------------------------------------------------+
; Source assignments for UA:inst30|ct4pm:UAinst24|lpm_counter:lpm_counter_component ;
+---------------------------+-------+------+----------------------------------------+
; Assignment                ; Value ; From ; To                                     ;
+---------------------------+-------+------+----------------------------------------+
; SUPPRESS_DA_RULE_INTERNAL ; a101  ; -    ; -                                      ;
; SUPPRESS_DA_RULE_INTERNAL ; s102  ; -    ; -                                      ;
; SUPPRESS_DA_RULE_INTERNAL ; s103  ; -    ; -                                      ;
+---------------------------+-------+------+----------------------------------------+


+-----------------------------------------------------------------------------------------------------------+
; Source assignments for UA:inst30|ct4pm:UAinst24|lpm_counter:lpm_counter_component|cntr_ihi:auto_generated ;
+---------------------------+-------+------+----------------------------------------------------------------+
; Assignment                ; Value ; From ; To                                                             ;
+---------------------------+-------+------+----------------------------------------------------------------+
; SUPPRESS_DA_RULE_INTERNAL ; a101  ; -    ; -                                                              ;
; SUPPRESS_DA_RULE_INTERNAL ; s102  ; -    ; -                                                              ;
; SUPPRESS_DA_RULE_INTERNAL ; s103  ; -    ; -                                                              ;
+---------------------------+-------+------+----------------------------------------------------------------+


+--------------------------------------------------------------------+
; Source assignments for ct1:inst9|lpm_counter:lpm_counter_component ;
+---------------------------+-------+------+-------------------------+
; Assignment                ; Value ; From ; To                      ;
+---------------------------+-------+------+-------------------------+
; SUPPRESS_DA_RULE_INTERNAL ; a101  ; -    ; -                       ;
; SUPPRESS_DA_RULE_INTERNAL ; s102  ; -    ; -                       ;
; SUPPRESS_DA_RULE_INTERNAL ; s103  ; -    ; -                       ;
+---------------------------+-------+------+-------------------------+


+--------------------------------------------------------------------+
; Source assignments for ct:inst14|lpm_counter:lpm_counter_component ;
+---------------------------+-------+------+-------------------------+
; Assignment                ; Value ; From ; To                      ;
+---------------------------+-------+------+-------------------------+
; SUPPRESS_DA_RULE_INTERNAL ; a101  ; -    ; -                       ;
; SUPPRESS_DA_RULE_INTERNAL ; s102  ; -    ; -                       ;
; SUPPRESS_DA_RULE_INTERNAL ; s103  ; -    ; -                       ;
+---------------------------+-------+------+-------------------------+


+------------------------------------------------------------------------------------------+
; Parameter Settings for User Entity Instance: UA:inst30|reg:inst7|lpm_ff:lpm_ff_component ;
+------------------------+-------------+---------------------------------------------------+
; Parameter Name         ; Value       ; Type                                              ;
+------------------------+-------------+---------------------------------------------------+
; LPM_WIDTH              ; 9           ; Signed Integer                                    ;
; LPM_AVALUE             ; UNUSED      ; Untyped                                           ;
; LPM_SVALUE             ; UNUSED      ; Untyped                                           ;
; LPM_FFTYPE             ; DFF         ; Untyped                                           ;
; DEVICE_FAMILY          ; Cyclone III ; Untyped                                           ;
; CBXI_PARAMETER         ; NOTHING     ; Untyped                                           ;
; AUTO_CARRY_CHAINS      ; ON          ; AUTO_CARRY                                        ;
; IGNORE_CARRY_BUFFERS   ; OFF         ; IGNORE_CARRY                                      ;
; AUTO_CASCADE_CHAINS    ; ON          ; AUTO_CASCADE                                      ;
; IGNORE_CASCADE_BUFFERS ; OFF         ; IGNORE_CASCADE                                    ;
+------------------------+-------------+---------------------------------------------------+
Note: In order to hide this table in the UI and the text report file, please set the "Show Parameter Settings Tables in Synthesis Report" option in "Analysis and Synthesis Settings -> More Settings" to "Off".


+-----------------------------------------------------------------------------------------------------+
; Parameter Settings for User Entity Instance: UA:inst30|dc4:UAinst28|lpm_decode:lpm_decode_component ;
+------------------------+-------------+--------------------------------------------------------------+
; Parameter Name         ; Value       ; Type                                                         ;
+------------------------+-------------+--------------------------------------------------------------+
; LPM_WIDTH              ; 4           ; Signed Integer                                               ;
; LPM_DECODES            ; 16          ; Signed Integer                                               ;
; LPM_PIPELINE           ; 0           ; Untyped                                                      ;
; CASCADE_CHAIN          ; MANUAL      ; Untyped                                                      ;
; DEVICE_FAMILY          ; Cyclone III ; Untyped                                                      ;
; CBXI_PARAMETER         ; decode_lbf  ; Untyped                                                      ;
; AUTO_CARRY_CHAINS      ; ON          ; AUTO_CARRY                                                   ;
; IGNORE_CARRY_BUFFERS   ; OFF         ; IGNORE_CARRY                                                 ;
; AUTO_CASCADE_CHAINS    ; ON          ; AUTO_CASCADE                                                 ;
; IGNORE_CASCADE_BUFFERS ; OFF         ; IGNORE_CASCADE                                               ;
+------------------------+-------------+--------------------------------------------------------------+
Note: In order to hide this table in the UI and the text report file, please set the "Show Parameter Settings Tables in Synthesis Report" option in "Analysis and Synthesis Settings -> More Settings" to "Off".


+---------------------------------------------------------------------------------------------------------+
; Parameter Settings for User Entity Instance: UA:inst30|ct4pm:UAinst24|lpm_counter:lpm_counter_component ;
+------------------------+-------------+------------------------------------------------------------------+
; Parameter Name         ; Value       ; Type                                                             ;
+------------------------+-------------+------------------------------------------------------------------+
; AUTO_CARRY_CHAINS      ; ON          ; AUTO_CARRY                                                       ;
; IGNORE_CARRY_BUFFERS   ; OFF         ; IGNORE_CARRY                                                     ;
; AUTO_CASCADE_CHAINS    ; ON          ; AUTO_CASCADE                                                     ;
; IGNORE_CASCADE_BUFFERS ; OFF         ; IGNORE_CASCADE                                                   ;
; LPM_WIDTH              ; 4           ; Signed Integer                                                   ;
; LPM_DIRECTION          ; DEFAULT     ; Untyped                                                          ;
; LPM_MODULUS            ; 0           ; Untyped                                                          ;
; LPM_AVALUE             ; UNUSED      ; Untyped                                                          ;
; LPM_SVALUE             ; UNUSED      ; Untyped                                                          ;
; LPM_PORT_UPDOWN        ; PORT_USED   ; Untyped                                                          ;
; DEVICE_FAMILY          ; Cyclone III ; Untyped                                                          ;
; CARRY_CHAIN            ; MANUAL      ; Untyped                                                          ;
; CARRY_CHAIN_LENGTH     ; 48          ; CARRY_CHAIN_LENGTH                                               ;
; NOT_GATE_PUSH_BACK     ; ON          ; NOT_GATE_PUSH_BACK                                               ;
; CARRY_CNT_EN           ; SMART       ; Untyped                                                          ;
; LABWIDE_SCLR           ; ON          ; Untyped                                                          ;
; USE_NEW_VERSION        ; TRUE        ; Untyped                                                          ;
; CBXI_PARAMETER         ; cntr_ihi    ; Untyped                                                          ;
+------------------------+-------------+------------------------------------------------------------------+
Note: In order to hide this table in the UI and the text report file, please set the "Show Parameter Settings Tables in Synthesis Report" option in "Analysis and Synthesis Settings -> More Settings" to "Off".


+------------------------------------------------------------------------------------------+
; Parameter Settings for User Entity Instance: ct1:inst9|lpm_counter:lpm_counter_component ;
+------------------------+-------------+---------------------------------------------------+
; Parameter Name         ; Value       ; Type                                              ;
+------------------------+-------------+---------------------------------------------------+
; AUTO_CARRY_CHAINS      ; ON          ; AUTO_CARRY                                        ;
; IGNORE_CARRY_BUFFERS   ; OFF         ; IGNORE_CARRY                                      ;
; AUTO_CASCADE_CHAINS    ; ON          ; AUTO_CASCADE                                      ;
; IGNORE_CASCADE_BUFFERS ; OFF         ; IGNORE_CASCADE                                    ;
; LPM_WIDTH              ; 6           ; Untyped                                           ;
; LPM_DIRECTION          ; DOWN        ; Untyped                                           ;
; LPM_MODULUS            ; 0           ; Untyped                                           ;
; LPM_AVALUE             ; UNUSED      ; Untyped                                           ;
; LPM_SVALUE             ; UNUSED      ; Untyped                                           ;
; LPM_PORT_UPDOWN        ; PORT_UNUSED ; Untyped                                           ;
; DEVICE_FAMILY          ; Cyclone III ; Untyped                                           ;
; CARRY_CHAIN            ; MANUAL      ; Untyped                                           ;
; CARRY_CHAIN_LENGTH     ; 48          ; CARRY_CHAIN_LENGTH                                ;
; NOT_GATE_PUSH_BACK     ; ON          ; NOT_GATE_PUSH_BACK                                ;
; CARRY_CNT_EN           ; SMART       ; Untyped                                           ;
; LABWIDE_SCLR           ; ON          ; Untyped                                           ;
; USE_NEW_VERSION        ; TRUE        ; Untyped                                           ;
; CBXI_PARAMETER         ; cntr_e1k    ; Untyped                                           ;
+------------------------+-------------+---------------------------------------------------+
Note: In order to hide this table in the UI and the text report file, please set the "Show Parameter Settings Tables in Synthesis Report" option in "Analysis and Synthesis Settings -> More Settings" to "Off".


+------------------------------------------------------------------------------------------+
; Parameter Settings for User Entity Instance: sm2:inst8|lpm_add_sub:lpm_add_sub_component ;
+------------------------+-------------+---------------------------------------------------+
; Parameter Name         ; Value       ; Type                                              ;
+------------------------+-------------+---------------------------------------------------+
; LPM_WIDTH              ; 5           ; Untyped                                           ;
; LPM_REPRESENTATION     ; UNSIGNED    ; Untyped                                           ;
; LPM_DIRECTION          ; ADD         ; Untyped                                           ;
; ONE_INPUT_IS_CONSTANT  ; NO          ; Untyped                                           ;
; LPM_PIPELINE           ; 0           ; Untyped                                           ;
; MAXIMIZE_SPEED         ; 5           ; Untyped                                           ;
; REGISTERED_AT_END      ; 0           ; Untyped                                           ;
; OPTIMIZE_FOR_SPEED     ; 5           ; Untyped                                           ;
; USE_CS_BUFFERS         ; 1           ; Untyped                                           ;
; CARRY_CHAIN            ; MANUAL      ; Untyped                                           ;
; CARRY_CHAIN_LENGTH     ; 48          ; CARRY_CHAIN_LENGTH                                ;
; DEVICE_FAMILY          ; Cyclone III ; Untyped                                           ;
; USE_WYS                ; OFF         ; Untyped                                           ;
; STYLE                  ; FAST        ; Untyped                                           ;
; CBXI_PARAMETER         ; add_sub_d6i ; Untyped                                           ;
; AUTO_CARRY_CHAINS      ; ON          ; AUTO_CARRY                                        ;
; IGNORE_CARRY_BUFFERS   ; OFF         ; IGNORE_CARRY                                      ;
; AUTO_CASCADE_CHAINS    ; ON          ; AUTO_CASCADE                                      ;
; IGNORE_CASCADE_BUFFERS ; OFF         ; IGNORE_CASCADE                                    ;
+------------------------+-------------+---------------------------------------------------+
Note: In order to hide this table in the UI and the text report file, please set the "Show Parameter Settings Tables in Synthesis Report" option in "Analysis and Synthesis Settings -> More Settings" to "Off".


+--------------------------------------------------------------------------------+
; Parameter Settings for User Entity Instance: rg5:inst4|lpm_ff:lpm_ff_component ;
+------------------------+-------------+-----------------------------------------+
; Parameter Name         ; Value       ; Type                                    ;
+------------------------+-------------+-----------------------------------------+
; LPM_WIDTH              ; 5           ; Untyped                                 ;
; LPM_AVALUE             ; UNUSED      ; Untyped                                 ;
; LPM_SVALUE             ; UNUSED      ; Untyped                                 ;
; LPM_FFTYPE             ; DFF         ; Untyped                                 ;
; DEVICE_FAMILY          ; Cyclone III ; Untyped                                 ;
; CBXI_PARAMETER         ; NOTHING     ; Untyped                                 ;
; AUTO_CARRY_CHAINS      ; ON          ; AUTO_CARRY                              ;
; IGNORE_CARRY_BUFFERS   ; OFF         ; IGNORE_CARRY                            ;
; AUTO_CASCADE_CHAINS    ; ON          ; AUTO_CASCADE                            ;
; IGNORE_CASCADE_BUFFERS ; OFF         ; IGNORE_CASCADE                          ;
+------------------------+-------------+-----------------------------------------+
Note: In order to hide this table in the UI and the text report file, please set the "Show Parameter Settings Tables in Synthesis Report" option in "Analysis and Synthesis Settings -> More Settings" to "Off".


+------------------------------------------------------------------------------------------+
; Parameter Settings for User Entity Instance: ct:inst14|lpm_counter:lpm_counter_component ;
+------------------------+-------------+---------------------------------------------------+
; Parameter Name         ; Value       ; Type                                              ;
+------------------------+-------------+---------------------------------------------------+
; AUTO_CARRY_CHAINS      ; ON          ; AUTO_CARRY                                        ;
; IGNORE_CARRY_BUFFERS   ; OFF         ; IGNORE_CARRY                                      ;
; AUTO_CASCADE_CHAINS    ; ON          ; AUTO_CASCADE                                      ;
; IGNORE_CASCADE_BUFFERS ; OFF         ; IGNORE_CASCADE                                    ;
; LPM_WIDTH              ; 5           ; Untyped                                           ;
; LPM_DIRECTION          ; UP          ; Untyped                                           ;
; LPM_MODULUS            ; 0           ; Untyped                                           ;
; LPM_AVALUE             ; UNUSED      ; Untyped                                           ;
; LPM_SVALUE             ; UNUSED      ; Untyped                                           ;
; LPM_PORT_UPDOWN        ; PORT_UNUSED ; Untyped                                           ;
; DEVICE_FAMILY          ; Cyclone III ; Untyped                                           ;
; CARRY_CHAIN            ; MANUAL      ; Untyped                                           ;
; CARRY_CHAIN_LENGTH     ; 48          ; CARRY_CHAIN_LENGTH                                ;
; NOT_GATE_PUSH_BACK     ; ON          ; NOT_GATE_PUSH_BACK                                ;
; CARRY_CNT_EN           ; SMART       ; Untyped                                           ;
; LABWIDE_SCLR           ; ON          ; Untyped                                           ;
; USE_NEW_VERSION        ; TRUE        ; Untyped                                           ;
; CBXI_PARAMETER         ; cntr_6cj    ; Untyped                                           ;
+------------------------+-------------+---------------------------------------------------+
Note: In order to hide this table in the UI and the text report file, please set the "Show Parameter Settings Tables in Synthesis Report" option in "Analysis and Synthesis Settings -> More Settings" to "Off".


+----------------------------------------------------------------------------------------------+
; Parameter Settings for User Entity Instance: rgsh:inst21|lpm_shiftreg:lpm_shiftreg_component ;
+------------------------+-------------+-------------------------------------------------------+
; Parameter Name         ; Value       ; Type                                                  ;
+------------------------+-------------+-------------------------------------------------------+
; LPM_WIDTH              ; 11          ; Untyped                                               ;
; LPM_DIRECTION          ; RIGHT       ; Untyped                                               ;
; LPM_AVALUE             ; UNUSED      ; Untyped                                               ;
; LPM_SVALUE             ; UNUSED      ; Untyped                                               ;
; DEVICE_FAMILY          ; Cyclone III ; Untyped                                               ;
; AUTO_CARRY_CHAINS      ; ON          ; AUTO_CARRY                                            ;
; IGNORE_CARRY_BUFFERS   ; OFF         ; IGNORE_CARRY                                          ;
; AUTO_CASCADE_CHAINS    ; ON          ; AUTO_CASCADE                                          ;
; IGNORE_CASCADE_BUFFERS ; OFF         ; IGNORE_CASCADE                                        ;
+------------------------+-------------+-------------------------------------------------------+
Note: In order to hide this table in the UI and the text report file, please set the "Show Parameter Settings Tables in Synthesis Report" option in "Analysis and Synthesis Settings -> More Settings" to "Off".


+-----------------------------------------------------------------------------------+
; Parameter Settings for User Entity Instance: ms2:inst23|lpm_mux:lpm_mux_component ;
+------------------------+-------------+--------------------------------------------+
; Parameter Name         ; Value       ; Type                                       ;
+------------------------+-------------+--------------------------------------------+
; AUTO_CARRY_CHAINS      ; ON          ; AUTO_CARRY                                 ;
; IGNORE_CARRY_BUFFERS   ; OFF         ; IGNORE_CARRY                               ;
; AUTO_CASCADE_CHAINS    ; ON          ; AUTO_CASCADE                               ;
; IGNORE_CASCADE_BUFFERS ; OFF         ; IGNORE_CASCADE                             ;
; LPM_WIDTH              ; 11          ; Untyped                                    ;
; LPM_SIZE               ; 2           ; Untyped                                    ;
; LPM_WIDTHS             ; 1           ; Untyped                                    ;
; LPM_PIPELINE           ; 0           ; Untyped                                    ;
; CBXI_PARAMETER         ; mux_frc     ; Untyped                                    ;
; DEVICE_FAMILY          ; Cyclone III ; Untyped                                    ;
+------------------------+-------------+--------------------------------------------+
Note: In order to hide this table in the UI and the text report file, please set the "Show Parameter Settings Tables in Synthesis Report" option in "Analysis and Synthesis Settings -> More Settings" to "Off".


+-------------------------------------------------------------------------------------------+
; Parameter Settings for User Entity Instance: sm1:inst10|lpm_add_sub:lpm_add_sub_component ;
+------------------------+-------------+----------------------------------------------------+
; Parameter Name         ; Value       ; Type                                               ;
+------------------------+-------------+----------------------------------------------------+
; LPM_WIDTH              ; 10          ; Untyped                                            ;
; LPM_REPRESENTATION     ; UNSIGNED    ; Untyped                                            ;
; LPM_DIRECTION          ; ADD         ; Untyped                                            ;
; ONE_INPUT_IS_CONSTANT  ; NO          ; Untyped                                            ;
; LPM_PIPELINE           ; 0           ; Untyped                                            ;
; MAXIMIZE_SPEED         ; 5           ; Untyped                                            ;
; REGISTERED_AT_END      ; 0           ; Untyped                                            ;
; OPTIMIZE_FOR_SPEED     ; 5           ; Untyped                                            ;
; USE_CS_BUFFERS         ; 1           ; Untyped                                            ;
; CARRY_CHAIN            ; MANUAL      ; Untyped                                            ;
; CARRY_CHAIN_LENGTH     ; 48          ; CARRY_CHAIN_LENGTH                                 ;
; DEVICE_FAMILY          ; Cyclone III ; Untyped                                            ;
; USE_WYS                ; OFF         ; Untyped                                            ;
; STYLE                  ; FAST        ; Untyped                                            ;
; CBXI_PARAMETER         ; add_sub_p7i ; Untyped                                            ;
; AUTO_CARRY_CHAINS      ; ON          ; AUTO_CARRY                                         ;
; IGNORE_CARRY_BUFFERS   ; OFF         ; IGNORE_CARRY                                       ;
; AUTO_CASCADE_CHAINS    ; ON          ; AUTO_CASCADE                                       ;
; IGNORE_CASCADE_BUFFERS ; OFF         ; IGNORE_CASCADE                                     ;
+------------------------+-------------+----------------------------------------------------+
Note: In order to hide this table in the UI and the text report file, please set the "Show Parameter Settings Tables in Synthesis Report" option in "Analysis and Synthesis Settings -> More Settings" to "Off".


+---------------------------------------------------------------------------------+
; Parameter Settings for User Entity Instance: rg10:inst3|lpm_ff:lpm_ff_component ;
+------------------------+-------------+------------------------------------------+
; Parameter Name         ; Value       ; Type                                     ;
+------------------------+-------------+------------------------------------------+
; LPM_WIDTH              ; 10          ; Untyped                                  ;
; LPM_AVALUE             ; UNUSED      ; Untyped                                  ;
; LPM_SVALUE             ; UNUSED      ; Untyped                                  ;
; LPM_FFTYPE             ; DFF         ; Untyped                                  ;
; DEVICE_FAMILY          ; Cyclone III ; Untyped                                  ;
; CBXI_PARAMETER         ; NOTHING     ; Untyped                                  ;
; AUTO_CARRY_CHAINS      ; ON          ; AUTO_CARRY                               ;
; IGNORE_CARRY_BUFFERS   ; OFF         ; IGNORE_CARRY                             ;
; AUTO_CASCADE_CHAINS    ; ON          ; AUTO_CASCADE                             ;
; IGNORE_CASCADE_BUFFERS ; OFF         ; IGNORE_CASCADE                           ;
+------------------------+-------------+------------------------------------------+
Note: In order to hide this table in the UI and the text report file, please set the "Show Parameter Settings Tables in Synthesis Report" option in "Analysis and Synthesis Settings -> More Settings" to "Off".


+-----------------------------------------------------------------------------------------------+
; Parameter Settings for User Entity Instance: shifter:inst24|lpm_clshift:lpm_clshift_component ;
+----------------+-----------------+------------------------------------------------------------+
; Parameter Name ; Value           ; Type                                                       ;
+----------------+-----------------+------------------------------------------------------------+
; LPM_PIPELINE   ; 0               ; Untyped                                                    ;
; LPM_SHIFTTYPE  ; LOGICAL         ; Untyped                                                    ;
; LPM_WIDTH      ; 11              ; Untyped                                                    ;
; LPM_WIDTHDIST  ; 1               ; Untyped                                                    ;
; CBXI_PARAMETER ; lpm_clshift_nkb ; Untyped                                                    ;
+----------------+-----------------+------------------------------------------------------------+
Note: In order to hide this table in the UI and the text report file, please set the "Show Parameter Settings Tables in Synthesis Report" option in "Analysis and Synthesis Settings -> More Settings" to "Off".


+-----------------------------------------------------------------------------------------------+
; Parameter Settings for User Entity Instance: rgshift:inst|lpm_shiftreg:lpm_shiftreg_component ;
+------------------------+-------------+--------------------------------------------------------+
; Parameter Name         ; Value       ; Type                                                   ;
+------------------------+-------------+--------------------------------------------------------+
; LPM_WIDTH              ; 11          ; Untyped                                                ;
; LPM_DIRECTION          ; RIGHT       ; Untyped                                                ;
; LPM_AVALUE             ; UNUSED      ; Untyped                                                ;
; LPM_SVALUE             ; UNUSED      ; Untyped                                                ;
; DEVICE_FAMILY          ; Cyclone III ; Untyped                                                ;
; AUTO_CARRY_CHAINS      ; ON          ; AUTO_CARRY                                             ;
; IGNORE_CARRY_BUFFERS   ; OFF         ; IGNORE_CARRY                                           ;
; AUTO_CASCADE_CHAINS    ; ON          ; AUTO_CASCADE                                           ;
; IGNORE_CASCADE_BUFFERS ; OFF         ; IGNORE_CASCADE                                         ;
+------------------------+-------------+--------------------------------------------------------+
Note: In order to hide this table in the UI and the text report file, please set the "Show Parameter Settings Tables in Synthesis Report" option in "Analysis and Synthesis Settings -> More Settings" to "Off".


+----------------------------------------------------------------------------------+
; Parameter Settings for User Entity Instance: ili4:inst17|lpm_or:lpm_or_component ;
+------------------------+-------------+-------------------------------------------+
; Parameter Name         ; Value       ; Type                                      ;
+------------------------+-------------+-------------------------------------------+
; AUTO_CARRY_CHAINS      ; ON          ; AUTO_CARRY                                ;
; IGNORE_CARRY_BUFFERS   ; OFF         ; IGNORE_CARRY                              ;
; AUTO_CASCADE_CHAINS    ; ON          ; AUTO_CASCADE                              ;
; IGNORE_CASCADE_BUFFERS ; OFF         ; IGNORE_CASCADE                            ;
; LPM_WIDTH              ; 1           ; Untyped                                   ;
; LPM_SIZE               ; 4           ; Untyped                                   ;
; CARRY_CHAIN_LENGTH     ; 48          ; CARRY_CHAIN_LENGTH                        ;
; CARRY_CHAIN            ; MANUAL      ; Untyped                                   ;
; CASCADE_CHAIN          ; MANUAL      ; Untyped                                   ;
; DEVICE_FAMILY          ; Cyclone III ; Untyped                                   ;
+------------------------+-------------+-------------------------------------------+
Note: In order to hide this table in the UI and the text report file, please set the "Show Parameter Settings Tables in Synthesis Report" option in "Analysis and Synthesis Settings -> More Settings" to "Off".


+-----------------------------------------------------------------------------------+
; Parameter Settings for User Entity Instance: ili10:inst11|lpm_or:lpm_or_component ;
+------------------------+-------------+--------------------------------------------+
; Parameter Name         ; Value       ; Type                                       ;
+------------------------+-------------+--------------------------------------------+
; AUTO_CARRY_CHAINS      ; ON          ; AUTO_CARRY                                 ;
; IGNORE_CARRY_BUFFERS   ; OFF         ; IGNORE_CARRY                               ;
; AUTO_CASCADE_CHAINS    ; ON          ; AUTO_CASCADE                               ;
; IGNORE_CASCADE_BUFFERS ; OFF         ; IGNORE_CASCADE                             ;
; LPM_WIDTH              ; 1           ; Untyped                                    ;
; LPM_SIZE               ; 10          ; Untyped                                    ;
; CARRY_CHAIN_LENGTH     ; 48          ; CARRY_CHAIN_LENGTH                         ;
; CARRY_CHAIN            ; MANUAL      ; Untyped                                    ;
; CASCADE_CHAIN          ; MANUAL      ; Untyped                                    ;
; DEVICE_FAMILY          ; Cyclone III ; Untyped                                    ;
+------------------------+-------------+--------------------------------------------+
Note: In order to hide this table in the UI and the text report file, please set the "Show Parameter Settings Tables in Synthesis Report" option in "Analysis and Synthesis Settings -> More Settings" to "Off".


+-------------------------------------------------------------------------------+
; lpm_shiftreg Parameter Settings by Entity Instance                            ;
+----------------------------+--------------------------------------------------+
; Name                       ; Value                                            ;
+----------------------------+--------------------------------------------------+
; Number of entity instances ; 2                                                ;
; Entity Instance            ; rgsh:inst21|lpm_shiftreg:lpm_shiftreg_component  ;
;     -- LPM_WIDTH           ; 11                                               ;
;     -- LPM_DIRECTION       ; RIGHT                                            ;
; Entity Instance            ; rgshift:inst|lpm_shiftreg:lpm_shiftreg_component ;
;     -- LPM_WIDTH           ; 11                                               ;
;     -- LPM_DIRECTION       ; RIGHT                                            ;
+----------------------------+--------------------------------------------------+


+-------------------------------+
; Analysis & Synthesis Messages ;
+-------------------------------+
Info: *******************************************************************
Info: Running Quartus II Analysis & Synthesis
    Info: Version 9.1 Build 350 03/24/2010 Service Pack 2 SJ Web Edition
    Info: Processing started: Fri May 31 11:04:48 2019
Info: Command: quartus_map --read_settings_files=on --write_settings_files=off FirstProgramm -c FirstProgramm
Info: Found 2 design units, including 1 entities, in source file /documents/1курс/2курс/Курсовой проект по ТА/ua_quartus(xomyak)/ct4pm.vhd
    Info: Found design unit 1: ct4pm-SYN
    Info: Found entity 1: ct4pm
Info: Found 2 design units, including 1 entities, in source file /documents/1курс/2курс/Курсовой проект по ТА/ua_quartus(xomyak)/dc4.vhd
    Info: Found design unit 1: dc4-SYN
    Info: Found entity 1: dc4
Info: Found 2 design units, including 1 entities, in source file /documents/1курс/2курс/Курсовой проект по ТА/ua_quartus(xomyak)/reg.vhd
    Info: Found design unit 1: reg-SYN
    Info: Found entity 1: reg
Info: Found 2 design units, including 1 entities, in source file /documents/1курс/2курс/Курсовой проект по ТА/ua_quartus(xomyak)/rg.vhd
    Info: Found design unit 1: rg-SYN
    Info: Found entity 1: rg
Info: Found 1 design units, including 1 entities, in source file /documents/1курс/2курс/Курсовой проект по ТА/ua_quartus(xomyak)/ua.bdf
    Info: Found entity 1: UA
Info: Found 1 design units, including 1 entities, in source file ct.tdf
    Info: Found entity 1: ct
Info: Found 1 design units, including 1 entities, in source file ct1.tdf
    Info: Found entity 1: ct1
Info: Found 1 design units, including 1 entities, in source file firstprogramm.bdf
    Info: Found entity 1: FirstProgramm
Info: Found 1 design units, including 1 entities, in source file ili10.tdf
    Info: Found entity 1: ili10
Info: Found 1 design units, including 1 entities, in source file ili4.tdf
    Info: Found entity 1: ili4
Info: Found 1 design units, including 1 entities, in source file ms10.tdf
    Info: Found entity 1: ms10
Info: Found 1 design units, including 1 entities, in source file ms2.tdf
    Info: Found entity 1: ms2
Info: Found 1 design units, including 1 entities, in source file rg10.tdf
    Info: Found entity 1: rg10
Info: Found 1 design units, including 1 entities, in source file rg5.tdf
    Info: Found entity 1: rg5
Info: Found 1 design units, including 1 entities, in source file rgsh.tdf
    Info: Found entity 1: rgsh
Info: Found 1 design units, including 1 entities, in source file rgshift.tdf
    Info: Found entity 1: rgshift
Info: Found 1 design units, including 1 entities, in source file shifter.tdf
    Info: Found entity 1: shifter
Info: Found 1 design units, including 1 entities, in source file sm1.tdf
    Info: Found entity 1: sm1
Info: Found 1 design units, including 1 entities, in source file sm2.tdf
    Info: Found entity 1: sm2
Warning: Can't analyze file -- file UA.v is missing
Info: Elaborating entity "FirstProgramm" for the top level hierarchy
Warning: Not all bits in bus "p_[7..1]" are used
Warning: Primitive "DFF" of instance "inst13" not used
Info: Elaborating entity "UA" for hierarchy "UA:inst30"
Warning: Not all bits in bus "y[7..0]" are used
Warning: No superset bus at connection
Info: Elaborating entity "reg" for hierarchy "UA:inst30|reg:inst7"
Info: Elaborating entity "lpm_ff" for hierarchy "UA:inst30|reg:inst7|lpm_ff:lpm_ff_component"
Info: Elaborated megafunction instantiation "UA:inst30|reg:inst7|lpm_ff:lpm_ff_component"
Info: Instantiated megafunction "UA:inst30|reg:inst7|lpm_ff:lpm_ff_component" with the following parameter:
    Info: Parameter "lpm_fftype" = "DFF"
    Info: Parameter "lpm_type" = "LPM_FF"
    Info: Parameter "lpm_width" = "9"
Info: Elaborating entity "dc4" for hierarchy "UA:inst30|dc4:UAinst28"
Info: Elaborating entity "lpm_decode" for hierarchy "UA:inst30|dc4:UAinst28|lpm_decode:lpm_decode_component"
Info: Elaborated megafunction instantiation "UA:inst30|dc4:UAinst28|lpm_decode:lpm_decode_component"
Info: Instantiated megafunction "UA:inst30|dc4:UAinst28|lpm_decode:lpm_decode_component" with the following parameter:
    Info: Parameter "lpm_decodes" = "16"
    Info: Parameter "lpm_type" = "LPM_DECODE"
    Info: Parameter "lpm_width" = "4"
Info: Found 1 design units, including 1 entities, in source file db/decode_lbf.tdf
    Info: Found entity 1: decode_lbf
Info: Elaborating entity "decode_lbf" for hierarchy "UA:inst30|dc4:UAinst28|lpm_decode:lpm_decode_component|decode_lbf:auto_generated"
Info: Elaborating entity "ct4pm" for hierarchy "UA:inst30|ct4pm:UAinst24"
Info: Elaborating entity "lpm_counter" for hierarchy "UA:inst30|ct4pm:UAinst24|lpm_counter:lpm_counter_component"
Info: Elaborated megafunction instantiation "UA:inst30|ct4pm:UAinst24|lpm_counter:lpm_counter_component"
Info: Instantiated megafunction "UA:inst30|ct4pm:UAinst24|lpm_counter:lpm_counter_component" with the following parameter:
    Info: Parameter "lpm_direction" = "UNUSED"
    Info: Parameter "lpm_port_updown" = "PORT_USED"
    Info: Parameter "lpm_type" = "LPM_COUNTER"
    Info: Parameter "lpm_width" = "4"
Warning: Assertion warning: Counter will power up to an undefined state.  An asynchronous signal should be asserted before the counter reaches a known state.
Info: Found 1 design units, including 1 entities, in source file db/cntr_ihi.tdf
    Info: Found entity 1: cntr_ihi
Info: Elaborating entity "cntr_ihi" for hierarchy "UA:inst30|ct4pm:UAinst24|lpm_counter:lpm_counter_component|cntr_ihi:auto_generated"
Info: Elaborating entity "ct1" for hierarchy "ct1:inst9"
Info: Elaborating entity "lpm_counter" for hierarchy "ct1:inst9|lpm_counter:lpm_counter_component"
Info: Elaborated megafunction instantiation "ct1:inst9|lpm_counter:lpm_counter_component"
Info: Instantiated megafunction "ct1:inst9|lpm_counter:lpm_counter_component" with the following parameter:
    Info: Parameter "LPM_TYPE" = "LPM_COUNTER"
    Info: Parameter "LPM_WIDTH" = "6"
    Info: Parameter "LPM_DIRECTION" = "DOWN"
    Info: Parameter "LPM_PORT_UPDOWN" = "PORT_UNUSED"
Info: Found 1 design units, including 1 entities, in source file db/cntr_e1k.tdf
    Info: Found entity 1: cntr_e1k
Info: Elaborating entity "cntr_e1k" for hierarchy "ct1:inst9|lpm_counter:lpm_counter_component|cntr_e1k:auto_generated"
Info: Elaborating entity "sm2" for hierarchy "sm2:inst8"
Info: Elaborating entity "lpm_add_sub" for hierarchy "sm2:inst8|lpm_add_sub:lpm_add_sub_component"
Info: Elaborated megafunction instantiation "sm2:inst8|lpm_add_sub:lpm_add_sub_component"
Info: Instantiated megafunction "sm2:inst8|lpm_add_sub:lpm_add_sub_component" with the following parameter:
    Info: Parameter "LPM_TYPE" = "LPM_ADD_SUB"
    Info: Parameter "LPM_HINT" = "ONE_INPUT_IS_CONSTANT=NO,CIN_USED=NO"
    Info: Parameter "LPM_WIDTH" = "5"
    Info: Parameter "LPM_REPRESENTATION" = "UNSIGNED"
    Info: Parameter "LPM_DIRECTION" = "ADD"
Info: Found 1 design units, including 1 entities, in source file db/add_sub_d6i.tdf
    Info: Found entity 1: add_sub_d6i
Info: Elaborating entity "add_sub_d6i" for hierarchy "sm2:inst8|lpm_add_sub:lpm_add_sub_component|add_sub_d6i:auto_generated"
Info: Elaborating entity "rg5" for hierarchy "rg5:inst4"
Info: Elaborating entity "lpm_ff" for hierarchy "rg5:inst4|lpm_ff:lpm_ff_component"
Info: Elaborated megafunction instantiation "rg5:inst4|lpm_ff:lpm_ff_component"
Info: Instantiated megafunction "rg5:inst4|lpm_ff:lpm_ff_component" with the following parameter:
    Info: Parameter "LPM_TYPE" = "LPM_FF"
    Info: Parameter "LPM_WIDTH" = "5"
    Info: Parameter "LPM_FFTYPE" = "DFF"
Info: Elaborating entity "ct" for hierarchy "ct:inst14"
Info: Elaborating entity "lpm_counter" for hierarchy "ct:inst14|lpm_counter:lpm_counter_component"
Info: Elaborated megafunction instantiation "ct:inst14|lpm_counter:lpm_counter_component"
Info: Instantiated megafunction "ct:inst14|lpm_counter:lpm_counter_component" with the following parameter:
    Info: Parameter "LPM_TYPE" = "LPM_COUNTER"
    Info: Parameter "LPM_WIDTH" = "5"
    Info: Parameter "LPM_DIRECTION" = "UP"
    Info: Parameter "LPM_PORT_UPDOWN" = "PORT_UNUSED"
Info: Found 1 design units, including 1 entities, in source file db/cntr_6cj.tdf
    Info: Found entity 1: cntr_6cj
Info: Elaborating entity "cntr_6cj" for hierarchy "ct:inst14|lpm_counter:lpm_counter_component|cntr_6cj:auto_generated"
Info: Elaborating entity "rgsh" for hierarchy "rgsh:inst21"
Info: Elaborating entity "lpm_shiftreg" for hierarchy "rgsh:inst21|lpm_shiftreg:lpm_shiftreg_component"
Info: Elaborated megafunction instantiation "rgsh:inst21|lpm_shiftreg:lpm_shiftreg_component"
Info: Instantiated megafunction "rgsh:inst21|lpm_shiftreg:lpm_shiftreg_component" with the following parameter:
    Info: Parameter "LPM_TYPE" = "LPM_SHIFTREG"
    Info: Parameter "LPM_WIDTH" = "11"
    Info: Parameter "LPM_DIRECTION" = "RIGHT"
Info: Elaborating entity "ms2" for hierarchy "ms2:inst23"
Info: Elaborating entity "lpm_mux" for hierarchy "ms2:inst23|lpm_mux:lpm_mux_component"
Info: Elaborated megafunction instantiation "ms2:inst23|lpm_mux:lpm_mux_component"
Info: Instantiated megafunction "ms2:inst23|lpm_mux:lpm_mux_component" with the following parameter:
    Info: Parameter "LPM_TYPE" = "LPM_MUX"
    Info: Parameter "LPM_WIDTH" = "11"
    Info: Parameter "LPM_SIZE" = "2"
    Info: Parameter "LPM_WIDTHS" = "1"
Info: Found 1 design units, including 1 entities, in source file db/mux_frc.tdf
    Info: Found entity 1: mux_frc
Info: Elaborating entity "mux_frc" for hierarchy "ms2:inst23|lpm_mux:lpm_mux_component|mux_frc:auto_generated"
Info: Elaborating entity "sm1" for hierarchy "sm1:inst10"
Info: Elaborating entity "lpm_add_sub" for hierarchy "sm1:inst10|lpm_add_sub:lpm_add_sub_component"
Info: Elaborated megafunction instantiation "sm1:inst10|lpm_add_sub:lpm_add_sub_component"
Info: Instantiated megafunction "sm1:inst10|lpm_add_sub:lpm_add_sub_component" with the following parameter:
    Info: Parameter "LPM_TYPE" = "LPM_ADD_SUB"
    Info: Parameter "LPM_HINT" = "ONE_INPUT_IS_CONSTANT=NO,CIN_USED=NO"
    Info: Parameter "LPM_WIDTH" = "10"
    Info: Parameter "LPM_REPRESENTATION" = "UNSIGNED"
    Info: Parameter "LPM_DIRECTION" = "ADD"
Info: Found 1 design units, including 1 entities, in source file db/add_sub_p7i.tdf
    Info: Found entity 1: add_sub_p7i
Info: Elaborating entity "add_sub_p7i" for hierarchy "sm1:inst10|lpm_add_sub:lpm_add_sub_component|add_sub_p7i:auto_generated"
Info: Elaborating entity "rg10" for hierarchy "rg10:inst3"
Info: Elaborating entity "lpm_ff" for hierarchy "rg10:inst3|lpm_ff:lpm_ff_component"
Info: Elaborated megafunction instantiation "rg10:inst3|lpm_ff:lpm_ff_component"
Info: Instantiated megafunction "rg10:inst3|lpm_ff:lpm_ff_component" with the following parameter:
    Info: Parameter "LPM_TYPE" = "LPM_FF"
    Info: Parameter "LPM_WIDTH" = "10"
    Info: Parameter "LPM_FFTYPE" = "DFF"
Info: Elaborating entity "shifter" for hierarchy "shifter:inst24"
Info: Elaborating entity "lpm_clshift" for hierarchy "shifter:inst24|lpm_clshift:lpm_clshift_component"
Info: Elaborated megafunction instantiation "shifter:inst24|lpm_clshift:lpm_clshift_component"
Info: Instantiated megafunction "shifter:inst24|lpm_clshift:lpm_clshift_component" with the following parameter:
    Info: Parameter "LPM_TYPE" = "LPM_CLSHIFT"
    Info: Parameter "LPM_SHIFTTYPE" = "LOGICAL"
    Info: Parameter "LPM_WIDTH" = "11"
    Info: Parameter "LPM_WIDTHDIST" = "1"
Info: Found 1 design units, including 1 entities, in source file db/lpm_clshift_nkb.tdf
    Info: Found entity 1: lpm_clshift_nkb
Info: Elaborating entity "lpm_clshift_nkb" for hierarchy "shifter:inst24|lpm_clshift:lpm_clshift_component|lpm_clshift_nkb:auto_generated"
Info: Elaborating entity "rgshift" for hierarchy "rgshift:inst"
Info: Elaborating entity "ili4" for hierarchy "ili4:inst17"
Info: Elaborating entity "lpm_or" for hierarchy "ili4:inst17|lpm_or:lpm_or_component"
Info: Elaborated megafunction instantiation "ili4:inst17|lpm_or:lpm_or_component"
Info: Instantiated megafunction "ili4:inst17|lpm_or:lpm_or_component" with the following parameter:
    Info: Parameter "LPM_TYPE" = "LPM_OR"
    Info: Parameter "LPM_WIDTH" = "1"
    Info: Parameter "LPM_SIZE" = "4"
Info: Elaborating entity "ili10" for hierarchy "ili10:inst11"
Info: Elaborating entity "lpm_or" for hierarchy "ili10:inst11|lpm_or:lpm_or_component"
Info: Elaborated megafunction instantiation "ili10:inst11|lpm_or:lpm_or_component"
Info: Instantiated megafunction "ili10:inst11|lpm_or:lpm_or_component" with the following parameter:
    Info: Parameter "LPM_TYPE" = "LPM_OR"
    Info: Parameter "LPM_WIDTH" = "1"
    Info: Parameter "LPM_SIZE" = "10"
Info: Implemented 237 device resources after synthesis - the final resource count might be different
    Info: Implemented 18 input pins
    Info: Implemented 78 output pins
    Info: Implemented 141 logic cells
Info: Quartus II Analysis & Synthesis was successful. 0 errors, 6 warnings
    Info: Peak virtual memory: 280 megabytes
    Info: Processing ended: Fri May 31 11:04:55 2019
    Info: Elapsed time: 00:00:07
    Info: Total CPU time (on all processors): 00:00:07


