Flow report for laba1
Tue Mar 12 01:15:52 2019
Quartus II 64-Bit Version 9.1 Build 222 10/21/2009 SJ Full Version


---------------------
; Table of Contents ;
---------------------
  1. Legal Notice
  2. Flow Summary
  3. Flow Settings
  4. Flow Non-Default Global Settings
  5. Flow Elapsed Time
  6. Flow OS Summary
  7. Flow Log



----------------
; Legal Notice ;
----------------
Copyright (C) 1991-2009 Altera Corporation
Your use of Altera Corporation's design tools, logic functions 
and other software and tools, and its AMPP partner logic 
functions, and any output files from any of the foregoing 
(including device programming or simulation files), and any 
associated documentation or information are expressly subject 
to the terms and conditions of the Altera Program License 
Subscription Agreement, Altera MegaCore Function License 
Agreement, or other applicable license agreement, including, 
without limitation, that your use is for the sole purpose of 
programming logic devices manufactured by Altera and sold by 
Altera or its authorized distributors.  Please refer to the 
applicable agreement for further details.



+-------------------------------------------------------------------------------+
; Flow Summary                                                                  ;
+------------------------------------+------------------------------------------+
; Flow Status                        ; Successful - Tue Mar 12 01:15:47 2019    ;
; Quartus II 64-Bit Version          ; 9.1 Build 222 10/21/2009 SJ Full Version ;
; Revision Name                      ; laba1                                    ;
; Top-level Entity Name              ; laba1                                    ;
; Family                             ; Cyclone III                              ;
; Device                             ; EP3C5F256C8                              ;
; Timing Models                      ; Final                                    ;
; Met timing requirements            ; N/A                                      ;
; Total logic elements               ; 161 / 5,136 ( 3 % )                      ;
;     Total combinational functions  ; 161 / 5,136 ( 3 % )                      ;
;     Dedicated logic registers      ; 66 / 5,136 ( 1 % )                       ;
; Total registers                    ; 66                                       ;
; Total pins                         ; 53 / 183 ( 29 % )                        ;
; Total virtual pins                 ; 0                                        ;
; Total memory bits                  ; 0 / 423,936 ( 0 % )                      ;
; Embedded Multiplier 9-bit elements ; 0 / 46 ( 0 % )                           ;
; Total PLLs                         ; 0 / 2 ( 0 % )                            ;
+------------------------------------+------------------------------------------+


+-----------------------------------------+
; Flow Settings                           ;
+-------------------+---------------------+
; Option            ; Setting             ;
+-------------------+---------------------+
; Start date & time ; 03/12/2019 01:15:11 ;
; Main task         ; Compilation         ;
; Revision Name     ; laba1               ;
+-------------------+---------------------+


+---------------------------------------------------------------------------------------------------------------------+
; Flow Non-Default Global Settings                                                                                    ;
+------------------------------------+---------------------------------+---------------+-------------+----------------+
; Assignment Name                    ; Value                           ; Default Value ; Entity Name ; Section Id     ;
+------------------------------------+---------------------------------+---------------+-------------+----------------+
; COMPILER_SIGNATURE_ID              ; 228800460517598.155234251113604 ; --            ; --          ; --             ;
; IP_TOOL_NAME                       ; LPM_SHIFTREG                    ; --            ; --          ; --             ;
; IP_TOOL_NAME                       ; LPM_SHIFTREG                    ; --            ; --          ; --             ;
; IP_TOOL_NAME                       ; LPM_SHIFTREG                    ; --            ; --          ; --             ;
; IP_TOOL_NAME                       ; LPM_COUNTER                     ; --            ; --          ; --             ;
; IP_TOOL_NAME                       ; LPM_ADD_SUB                     ; --            ; --          ; --             ;
; IP_TOOL_NAME                       ; LPM_XOR                         ; --            ; --          ; --             ;
; IP_TOOL_NAME                       ; LPM_MUX                         ; --            ; --          ; --             ;
; IP_TOOL_NAME                       ; LPM_AND                         ; --            ; --          ; --             ;
; IP_TOOL_NAME                       ; LPM_ADD_SUB                     ; --            ; --          ; --             ;
; IP_TOOL_NAME                       ; LPM_SHIFTREG                    ; --            ; --          ; --             ;
; IP_TOOL_NAME                       ; LPM_AND                         ; --            ; --          ; --             ;
; IP_TOOL_NAME                       ; LPM_OR                          ; --            ; --          ; --             ;
; IP_TOOL_NAME                       ; LPM_CLSHIFT                     ; --            ; --          ; --             ;
; IP_TOOL_NAME                       ; LPM_AND                         ; --            ; --          ; --             ;
; IP_TOOL_VERSION                    ; 9.1                             ; --            ; --          ; --             ;
; IP_TOOL_VERSION                    ; 9.1                             ; --            ; --          ; --             ;
; IP_TOOL_VERSION                    ; 9.1                             ; --            ; --          ; --             ;
; IP_TOOL_VERSION                    ; 9.1                             ; --            ; --          ; --             ;
; IP_TOOL_VERSION                    ; 9.1                             ; --            ; --          ; --             ;
; IP_TOOL_VERSION                    ; 9.1                             ; --            ; --          ; --             ;
; IP_TOOL_VERSION                    ; 9.1                             ; --            ; --          ; --             ;
; IP_TOOL_VERSION                    ; 9.0                             ; --            ; --          ; --             ;
; IP_TOOL_VERSION                    ; 9.1                             ; --            ; --          ; --             ;
; IP_TOOL_VERSION                    ; 9.1                             ; --            ; --          ; --             ;
; IP_TOOL_VERSION                    ; 9.0                             ; --            ; --          ; --             ;
; IP_TOOL_VERSION                    ; 9.0                             ; --            ; --          ; --             ;
; IP_TOOL_VERSION                    ; 9.1                             ; --            ; --          ; --             ;
; IP_TOOL_VERSION                    ; 9.0                             ; --            ; --          ; --             ;
; MAX_CORE_JUNCTION_TEMP             ; 85                              ; --            ; --          ; --             ;
; MIN_CORE_JUNCTION_TEMP             ; 0                               ; --            ; --          ; --             ;
; MISC_FILE                          ; RG.tdf                          ; --            ; --          ; --             ;
; MISC_FILE                          ; RG.bsf                          ; --            ; --          ; --             ;
; MISC_FILE                          ; RG.inc                          ; --            ; --          ; --             ;
; MISC_FILE                          ; RG2.tdf                         ; --            ; --          ; --             ;
; MISC_FILE                          ; RG2.bsf                         ; --            ; --          ; --             ;
; MISC_FILE                          ; RG2.inc                         ; --            ; --          ; --             ;
; MISC_FILE                          ; rg4.tdf                         ; --            ; --          ; --             ;
; MISC_FILE                          ; rg4.bsf                         ; --            ; --          ; --             ;
; MISC_FILE                          ; rg4.inc                         ; --            ; --          ; --             ;
; MISC_FILE                          ; ct.tdf                          ; --            ; --          ; --             ;
; MISC_FILE                          ; ct.bsf                          ; --            ; --          ; --             ;
; MISC_FILE                          ; ct.inc                          ; --            ; --          ; --             ;
; MISC_FILE                          ; sm.tdf                          ; --            ; --          ; --             ;
; MISC_FILE                          ; sm.bsf                          ; --            ; --          ; --             ;
; MISC_FILE                          ; sm.inc                          ; --            ; --          ; --             ;
; MISC_FILE                          ; xorks.tdf                       ; --            ; --          ; --             ;
; MISC_FILE                          ; xorks.bsf                       ; --            ; --          ; --             ;
; MISC_FILE                          ; xorks.inc                       ; --            ; --          ; --             ;
; MISC_FILE                          ; xorks.cmp                       ; --            ; --          ; --             ;
; MISC_FILE                          ; mux11.tdf                       ; --            ; --          ; --             ;
; MISC_FILE                          ; mux11.bsf                       ; --            ; --          ; --             ;
; MISC_FILE                          ; mux11.inc                       ; --            ; --          ; --             ;
; MISC_FILE                          ; mux11.cmp                       ; --            ; --          ; --             ;
; MISC_FILE                          ; and11.tdf                       ; --            ; --          ; --             ;
; MISC_FILE                          ; and11.bsf                       ; --            ; --          ; --             ;
; MISC_FILE                          ; and11.inc                       ; --            ; --          ; --             ;
; MISC_FILE                          ; sum11.tdf                       ; --            ; --          ; --             ;
; MISC_FILE                          ; sum11.bsf                       ; --            ; --          ; --             ;
; MISC_FILE                          ; sum11.inc                       ; --            ; --          ; --             ;
; MISC_FILE                          ; rg3.tdf                         ; --            ; --          ; --             ;
; MISC_FILE                          ; rg3.bsf                         ; --            ; --          ; --             ;
; MISC_FILE                          ; rg3.inc                         ; --            ; --          ; --             ;
; MISC_FILE                          ; andd5.tdf                       ; --            ; --          ; --             ;
; MISC_FILE                          ; andd5.bsf                       ; --            ; --          ; --             ;
; MISC_FILE                          ; andd5.inc                       ; --            ; --          ; --             ;
; MISC_FILE                          ; or55.tdf                        ; --            ; --          ; --             ;
; MISC_FILE                          ; or55.bsf                        ; --            ; --          ; --             ;
; MISC_FILE                          ; or55.inc                        ; --            ; --          ; --             ;
; MISC_FILE                          ; shift.tdf                       ; --            ; --          ; --             ;
; MISC_FILE                          ; shift.bsf                       ; --            ; --          ; --             ;
; MISC_FILE                          ; shift.inc                       ; --            ; --          ; --             ;
; MISC_FILE                          ; an11.tdf                        ; --            ; --          ; --             ;
; MISC_FILE                          ; an11.bsf                        ; --            ; --          ; --             ;
; MISC_FILE                          ; an11.inc                        ; --            ; --          ; --             ;
; NOMINAL_CORE_SUPPLY_VOLTAGE        ; 1.2V                            ; --            ; --          ; --             ;
; PARTITION_COLOR                    ; 16764057                        ; --            ; --          ; Top            ;
; PARTITION_NETLIST_TYPE             ; SOURCE                          ; --            ; --          ; Top            ;
; USE_GENERATED_PHYSICAL_CONSTRAINTS ; Off                             ; --            ; --          ; eda_blast_fpga ;
+------------------------------------+---------------------------------+---------------+-------------+----------------+


+-------------------------------------------------------------------------------------------------------------------------------+
; Flow Elapsed Time                                                                                                             ;
+---------------------------+--------------+-------------------------+---------------------+------------------------------------+
; Module Name               ; Elapsed Time ; Average Processors Used ; Peak Virtual Memory ; Total CPU Time (on all processors) ;
+---------------------------+--------------+-------------------------+---------------------+------------------------------------+
; Analysis & Synthesis      ; 00:00:14     ; 1.0                     ; 4454 MB             ; 00:00:06                           ;
; Fitter                    ; 00:00:15     ; 1.0                     ; 4533 MB             ; 00:00:06                           ;
; TimeQuest Timing Analyzer ; 00:00:06     ; 1.4                     ; 4454 MB             ; 00:00:03                           ;
; Assembler                 ; 00:00:00     ; 1.0                     ; 4358 MB             ; 00:00:00                           ;
; Total                     ; 00:00:35     ; --                      ; --                  ; 00:00:15                           ;
+---------------------------+--------------+-------------------------+---------------------+------------------------------------+


+--------------------------------------------------------------------------------------------+
; Flow OS Summary                                                                            ;
+---------------------------+------------------+---------------+------------+----------------+
; Module Name               ; Machine Hostname ; OS Name       ; OS Version ; Processor type ;
+---------------------------+------------------+---------------+------------+----------------+
; Analysis & Synthesis      ; DESKTOP-TDT08OD  ; Windows Vista ; 6.2        ; x86_64         ;
; Fitter                    ; DESKTOP-TDT08OD  ; Windows Vista ; 6.2        ; x86_64         ;
; Assembler                 ; DESKTOP-TDT08OD  ; Windows Vista ; 6.2        ; x86_64         ;
; TimeQuest Timing Analyzer ; DESKTOP-TDT08OD  ; Windows Vista ; 6.2        ; x86_64         ;
+---------------------------+------------------+---------------+------------+----------------+


------------
; Flow Log ;
------------
quartus_map --read_settings_files=on --write_settings_files=off laba1 -c laba1
quartus_fit --read_settings_files=off --write_settings_files=off laba1 -c laba1
quartus_asm --read_settings_files=off --write_settings_files=off laba1 -c laba1
quartus_sta laba1 -c laba1



