Analysis & Synthesis report for laba1
Tue Mar 12 01:15:25 2019
Quartus II 64-Bit Version 9.1 Build 222 10/21/2009 SJ Full Version


---------------------
; Table of Contents ;
---------------------
  1. Legal Notice
  2. Analysis & Synthesis Summary
  3. Analysis & Synthesis Settings
  4. Parallel Compilation
  5. Analysis & Synthesis Source Files Read
  6. Analysis & Synthesis Resource Usage Summary
  7. Analysis & Synthesis Resource Utilization by Entity
  8. Registers Removed During Synthesis
  9. General Register Statistics
 10. Inverted Register Statistics
 11. Source assignments for ct:inst24|lpm_counter:lpm_counter_component
 12. Source assignments for ct:inst7|lpm_counter:lpm_counter_component
 13. Parameter Settings for User Entity Instance: ct:inst24|lpm_counter:lpm_counter_component
 14. Parameter Settings for User Entity Instance: sm:inst11|lpm_add_sub:lpm_add_sub_component
 15. Parameter Settings for User Entity Instance: rg4:inst4|lpm_shiftreg:lpm_shiftreg_component
 16. Parameter Settings for User Entity Instance: xorks:inst20|lpm_xor:lpm_xor_component
 17. Parameter Settings for User Entity Instance: mux11:inst23|lpm_mux:lpm_mux_component
 18. Parameter Settings for User Entity Instance: rg3:inst22|lpm_shiftreg:lpm_shiftreg_component
 19. Parameter Settings for User Entity Instance: sum11:inst19|lpm_add_sub:lpm_add_sub_component
 20. Parameter Settings for User Entity Instance: RG:inst3|lpm_shiftreg:lpm_shiftreg_component
 21. Parameter Settings for User Entity Instance: an11:inst38|lpm_and:lpm_and_component
 22. Parameter Settings for User Entity Instance: xorks:inst13|lpm_xor:lpm_xor_component
 23. Parameter Settings for User Entity Instance: RG2:inst2|lpm_shiftreg:lpm_shiftreg_component
 24. Parameter Settings for User Entity Instance: mux11:inst15|lpm_mux:lpm_mux_component
 25. Parameter Settings for User Entity Instance: mux11:inst17|lpm_mux:lpm_mux_component
 26. Parameter Settings for User Entity Instance: ct:inst7|lpm_counter:lpm_counter_component
 27. Parameter Settings for User Entity Instance: or55:inst27|lpm_or:lpm_or_component
 28. Parameter Settings for User Entity Instance: mux11:inst36|lpm_mux:lpm_mux_component
 29. Parameter Settings for User Entity Instance: shift:inst37|lpm_clshift:lpm_clshift_component
 30. Parameter Settings for User Entity Instance: xorks:inst33|lpm_xor:lpm_xor_component
 31. Parameter Settings for User Entity Instance: mux11:inst25|lpm_mux:lpm_mux_component
 32. lpm_shiftreg Parameter Settings by Entity Instance
 33. Analysis & Synthesis Messages



----------------
; Legal Notice ;
----------------
Copyright (C) 1991-2009 Altera Corporation
Your use of Altera Corporation's design tools, logic functions 
and other software and tools, and its AMPP partner logic 
functions, and any output files from any of the foregoing 
(including device programming or simulation files), and any 
associated documentation or information are expressly subject 
to the terms and conditions of the Altera Program License 
Subscription Agreement, Altera MegaCore Function License 
Agreement, or other applicable license agreement, including, 
without limitation, that your use is for the sole purpose of 
programming logic devices manufactured by Altera and sold by 
Altera or its authorized distributors.  Please refer to the 
applicable agreement for further details.



+-------------------------------------------------------------------------------+
; Analysis & Synthesis Summary                                                  ;
+------------------------------------+------------------------------------------+
; Analysis & Synthesis Status        ; Successful - Tue Mar 12 01:15:25 2019    ;
; Quartus II 64-Bit Version          ; 9.1 Build 222 10/21/2009 SJ Full Version ;
; Revision Name                      ; laba1                                    ;
; Top-level Entity Name              ; laba1                                    ;
; Family                             ; Cyclone III                              ;
; Total logic elements               ; 163                                      ;
;     Total combinational functions  ; 161                                      ;
;     Dedicated logic registers      ; 66                                       ;
; Total registers                    ; 66                                       ;
; Total pins                         ; 53                                       ;
; Total virtual pins                 ; 0                                        ;
; Total memory bits                  ; 0                                        ;
; Embedded Multiplier 9-bit elements ; 0                                        ;
; Total PLLs                         ; 0                                        ;
+------------------------------------+------------------------------------------+


+----------------------------------------------------------------------------------------------------------------------+
; Analysis & Synthesis Settings                                                                                        ;
+----------------------------------------------------------------------------+--------------------+--------------------+
; Option                                                                     ; Setting            ; Default Value      ;
+----------------------------------------------------------------------------+--------------------+--------------------+
; Device                                                                     ; EP3C5F256C8        ;                    ;
; Top-level entity name                                                      ; laba1              ; laba1              ;
; Family name                                                                ; Cyclone III        ; Stratix II         ;
; Use Generated Physical Constraints File                                    ; Off                ;                    ;
; Use smart compilation                                                      ; Off                ; Off                ;
; Enable parallel Assembler and TimeQuest Timing Analyzer during compilation ; On                 ; On                 ;
; Enable compact report table                                                ; Off                ; Off                ;
; Restructure Multiplexers                                                   ; Auto               ; Auto               ;
; Create Debugging Nodes for IP Cores                                        ; Off                ; Off                ;
; Preserve fewer node names                                                  ; On                 ; On                 ;
; Disable OpenCore Plus hardware evaluation                                  ; Off                ; Off                ;
; Verilog Version                                                            ; Verilog_2001       ; Verilog_2001       ;
; VHDL Version                                                               ; VHDL_1993          ; VHDL_1993          ;
; State Machine Processing                                                   ; Auto               ; Auto               ;
; Safe State Machine                                                         ; Off                ; Off                ;
; Extract Verilog State Machines                                             ; On                 ; On                 ;
; Extract VHDL State Machines                                                ; On                 ; On                 ;
; Ignore Verilog initial constructs                                          ; Off                ; Off                ;
; Iteration limit for constant Verilog loops                                 ; 5000               ; 5000               ;
; Iteration limit for non-constant Verilog loops                             ; 250                ; 250                ;
; Add Pass-Through Logic to Inferred RAMs                                    ; On                 ; On                 ;
; Parallel Synthesis                                                         ; Off                ; Off                ;
; DSP Block Balancing                                                        ; Auto               ; Auto               ;
; NOT Gate Push-Back                                                         ; On                 ; On                 ;
; Power-Up Don't Care                                                        ; On                 ; On                 ;
; Remove Redundant Logic Cells                                               ; Off                ; Off                ;
; Remove Duplicate Registers                                                 ; On                 ; On                 ;
; Ignore CARRY Buffers                                                       ; Off                ; Off                ;
; Ignore CASCADE Buffers                                                     ; Off                ; Off                ;
; Ignore GLOBAL Buffers                                                      ; Off                ; Off                ;
; Ignore ROW GLOBAL Buffers                                                  ; Off                ; Off                ;
; Ignore LCELL Buffers                                                       ; Off                ; Off                ;
; Ignore SOFT Buffers                                                        ; On                 ; On                 ;
; Limit AHDL Integers to 32 Bits                                             ; Off                ; Off                ;
; Optimization Technique                                                     ; Balanced           ; Balanced           ;
; Carry Chain Length                                                         ; 70                 ; 70                 ;
; Auto Carry Chains                                                          ; On                 ; On                 ;
; Auto Open-Drain Pins                                                       ; On                 ; On                 ;
; Perform WYSIWYG Primitive Resynthesis                                      ; Off                ; Off                ;
; Auto ROM Replacement                                                       ; On                 ; On                 ;
; Auto RAM Replacement                                                       ; On                 ; On                 ;
; Auto DSP Block Replacement                                                 ; On                 ; On                 ;
; Auto Shift Register Replacement                                            ; Auto               ; Auto               ;
; Auto Clock Enable Replacement                                              ; On                 ; On                 ;
; Strict RAM Replacement                                                     ; Off                ; Off                ;
; Allow Synchronous Control Signals                                          ; On                 ; On                 ;
; Force Use of Synchronous Clear Signals                                     ; Off                ; Off                ;
; Auto RAM Block Balancing                                                   ; On                 ; On                 ;
; Auto RAM to Logic Cell Conversion                                          ; Off                ; Off                ;
; Auto Resource Sharing                                                      ; Off                ; Off                ;
; Allow Any RAM Size For Recognition                                         ; Off                ; Off                ;
; Allow Any ROM Size For Recognition                                         ; Off                ; Off                ;
; Allow Any Shift Register Size For Recognition                              ; Off                ; Off                ;
; Use LogicLock Constraints during Resource Balancing                        ; On                 ; On                 ;
; Ignore translate_off and synthesis_off directives                          ; Off                ; Off                ;
; Timing-Driven Synthesis                                                    ; Off                ; Off                ;
; Show Parameter Settings Tables in Synthesis Report                         ; On                 ; On                 ;
; Ignore Maximum Fan-Out Assignments                                         ; Off                ; Off                ;
; Synchronization Register Chain Length                                      ; 2                  ; 2                  ;
; PowerPlay Power Optimization                                               ; Normal compilation ; Normal compilation ;
; HDL message level                                                          ; Level2             ; Level2             ;
; Suppress Register Optimization Related Messages                            ; Off                ; Off                ;
; Number of Removed Registers Reported in Synthesis Report                   ; 100                ; 100                ;
; Number of Inverted Registers Reported in Synthesis Report                  ; 100                ; 100                ;
; Clock MUX Protection                                                       ; On                 ; On                 ;
; Auto Gated Clock Conversion                                                ; Off                ; Off                ;
; Block Design Naming                                                        ; Auto               ; Auto               ;
; SDC constraint protection                                                  ; Off                ; Off                ;
; Synthesis Effort                                                           ; Auto               ; Auto               ;
; Shift Register Replacement - Allow Asynchronous Clear Signal               ; On                 ; On                 ;
; Analysis & Synthesis Message Level                                         ; Medium             ; Medium             ;
; Disable Register Merging Across Hierarchies                                ; Auto               ; Auto               ;
; Resource Aware Inference For Block RAM                                     ; On                 ; On                 ;
+----------------------------------------------------------------------------+--------------------+--------------------+


+------------------------------------------+
; Parallel Compilation                     ;
+----------------------------+-------------+
; Processors                 ; Number      ;
+----------------------------+-------------+
; Number detected on machine ; 2           ;
; Maximum allowed            ; 2           ;
;                            ;             ;
; Average used               ; 1.00        ;
; Maximum used               ; 1           ;
;                            ;             ;
; Usage by Processor         ; % Time Used ;
;     1 processor            ; 100.0%      ;
;     2 processors           ;   0.0%      ;
+----------------------------+-------------+


+--------------------------------------------------------------------------------------------------------------------------------------------------------------------------------+
; Analysis & Synthesis Source Files Read                                                                                                                                         ;
+----------------------------------+-----------------+------------------------------------+--------------------------------------------------------------------------------------+
; File Name with User-Entered Path ; Used in Netlist ; File Type                          ; File Name with Absolute Path                                                         ;
+----------------------------------+-----------------+------------------------------------+--------------------------------------------------------------------------------------+
; laba1.bdf                        ; yes             ; User Block Diagram/Schematic File  ; D:/Documents/1курс/2курс/Курсовой проект по ТА/квартус_лаба_1/laba1.bdf              ;
; UA.v                             ; yes             ; User Verilog HDL File              ; D:/Documents/1курс/2курс/Курсовой проект по ТА/квартус_лаба_1/UA.v                   ;
; ct.tdf                           ; yes             ; Auto-Found Wizard-Generated File   ; D:/Documents/1курс/2курс/Курсовой проект по ТА/квартус_лаба_1/ct.tdf                 ;
; lpm_counter.inc                  ; yes             ; Megafunction                       ; c:/altera/91/quartus/libraries/megafunctions/lpm_counter.inc                         ;
; lpm_counter.tdf                  ; yes             ; Megafunction                       ; c:/altera/91/quartus/libraries/megafunctions/lpm_counter.tdf                         ;
; lpm_add_sub.inc                  ; yes             ; Megafunction                       ; c:/altera/91/quartus/libraries/megafunctions/lpm_add_sub.inc                         ;
; db/cntr_6cj.tdf                  ; yes             ; Auto-Generated Megafunction        ; D:/Documents/1курс/2курс/Курсовой проект по ТА/квартус_лаба_1/db/cntr_6cj.tdf        ;
; sm.tdf                           ; yes             ; Auto-Found Wizard-Generated File   ; D:/Documents/1курс/2курс/Курсовой проект по ТА/квартус_лаба_1/sm.tdf                 ;
; lpm_add_sub.tdf                  ; yes             ; Megafunction                       ; c:/altera/91/quartus/libraries/megafunctions/lpm_add_sub.tdf                         ;
; db/add_sub_c2i.tdf               ; yes             ; Auto-Generated Megafunction        ; D:/Documents/1курс/2курс/Курсовой проект по ТА/квартус_лаба_1/db/add_sub_c2i.tdf     ;
; rg4.tdf                          ; yes             ; Auto-Found Wizard-Generated File   ; D:/Documents/1курс/2курс/Курсовой проект по ТА/квартус_лаба_1/rg4.tdf                ;
; lpm_shiftreg.inc                 ; yes             ; Auto-Found AHDL File               ; c:/altera/91/quartus/libraries/megafunctions/lpm_shiftreg.inc                        ;
; lpm_shiftreg.tdf                 ; yes             ; Megafunction                       ; c:/altera/91/quartus/libraries/megafunctions/lpm_shiftreg.tdf                        ;
; xorks.tdf                        ; yes             ; Auto-Found Wizard-Generated File   ; D:/Documents/1курс/2курс/Курсовой проект по ТА/квартус_лаба_1/xorks.tdf              ;
; lpm_xor.inc                      ; yes             ; Auto-Found AHDL File               ; c:/altera/91/quartus/libraries/megafunctions/lpm_xor.inc                             ;
; lpm_xor.tdf                      ; yes             ; Megafunction                       ; c:/altera/91/quartus/libraries/megafunctions/lpm_xor.tdf                             ;
; mux11.tdf                        ; yes             ; Auto-Found Wizard-Generated File   ; D:/Documents/1курс/2курс/Курсовой проект по ТА/квартус_лаба_1/mux11.tdf              ;
; lpm_mux.inc                      ; yes             ; Auto-Found AHDL File               ; c:/altera/91/quartus/libraries/megafunctions/lpm_mux.inc                             ;
; lpm_mux.tdf                      ; yes             ; Megafunction                       ; c:/altera/91/quartus/libraries/megafunctions/lpm_mux.tdf                             ;
; db/mux_frc.tdf                   ; yes             ; Auto-Generated Megafunction        ; D:/Documents/1курс/2курс/Курсовой проект по ТА/квартус_лаба_1/db/mux_frc.tdf         ;
; rg3.tdf                          ; yes             ; Auto-Found Wizard-Generated File   ; D:/Documents/1курс/2курс/Курсовой проект по ТА/квартус_лаба_1/rg3.tdf                ;
; sum11.tdf                        ; yes             ; Auto-Found Wizard-Generated File   ; D:/Documents/1курс/2курс/Курсовой проект по ТА/квартус_лаба_1/sum11.tdf              ;
; db/add_sub_p3i.tdf               ; yes             ; Auto-Generated Megafunction        ; D:/Documents/1курс/2курс/Курсовой проект по ТА/квартус_лаба_1/db/add_sub_p3i.tdf     ;
; rg.tdf                           ; yes             ; Auto-Found Wizard-Generated File   ; D:/Documents/1курс/2курс/Курсовой проект по ТА/квартус_лаба_1/rg.tdf                 ;
; an11.tdf                         ; yes             ; Auto-Found Wizard-Generated File   ; D:/Documents/1курс/2курс/Курсовой проект по ТА/квартус_лаба_1/an11.tdf               ;
; lpm_and.inc                      ; yes             ; Auto-Found AHDL File               ; c:/altera/91/quartus/libraries/megafunctions/lpm_and.inc                             ;
; lpm_and.tdf                      ; yes             ; Megafunction                       ; c:/altera/91/quartus/libraries/megafunctions/lpm_and.tdf                             ;
; rg2.tdf                          ; yes             ; Auto-Found Wizard-Generated File   ; D:/Documents/1курс/2курс/Курсовой проект по ТА/квартус_лаба_1/rg2.tdf                ;
; or55.tdf                         ; yes             ; Auto-Found Wizard-Generated File   ; D:/Documents/1курс/2курс/Курсовой проект по ТА/квартус_лаба_1/or55.tdf               ;
; lpm_or.inc                       ; yes             ; Auto-Found AHDL File               ; c:/altera/91/quartus/libraries/megafunctions/lpm_or.inc                              ;
; lpm_or.tdf                       ; yes             ; Megafunction                       ; c:/altera/91/quartus/libraries/megafunctions/lpm_or.tdf                              ;
; shift.tdf                        ; yes             ; Auto-Found Wizard-Generated File   ; D:/Documents/1курс/2курс/Курсовой проект по ТА/квартус_лаба_1/shift.tdf              ;
; lpm_clshift.inc                  ; yes             ; Auto-Found AHDL File               ; c:/altera/91/quartus/libraries/megafunctions/lpm_clshift.inc                         ;
; lpm_clshift.tdf                  ; yes             ; Megafunction                       ; c:/altera/91/quartus/libraries/megafunctions/lpm_clshift.tdf                         ;
; db/lpm_clshift_nkb.tdf           ; yes             ; Auto-Generated Megafunction        ; D:/Documents/1курс/2курс/Курсовой проект по ТА/квартус_лаба_1/db/lpm_clshift_nkb.tdf ;
+----------------------------------+-----------------+------------------------------------+--------------------------------------------------------------------------------------+


+---------------------------------------------------------+
; Analysis & Synthesis Resource Usage Summary             ;
+---------------------------------------------+-----------+
; Resource                                    ; Usage     ;
+---------------------------------------------+-----------+
; Estimated Total logic elements              ; 163       ;
;                                             ;           ;
; Total combinational functions               ; 161       ;
; Logic element usage by number of LUT inputs ;           ;
;     -- 4 input functions                    ; 32        ;
;     -- 3 input functions                    ; 96        ;
;     -- <=2 input functions                  ; 33        ;
;                                             ;           ;
; Logic elements by mode                      ;           ;
;     -- normal mode                          ; 137       ;
;     -- arithmetic mode                      ; 24        ;
;                                             ;           ;
; Total registers                             ; 66        ;
;     -- Dedicated logic registers            ; 66        ;
;     -- I/O registers                        ; 0         ;
;                                             ;           ;
; I/O pins                                    ; 53        ;
; Maximum fan-out node                        ; clk~input ;
; Maximum fan-out                             ; 65        ;
; Total fan-out                               ; 761       ;
; Average fan-out                             ; 2.29      ;
+---------------------------------------------+-----------+


+-----------------------------------------------------------------------------------------------------------------------------------------------------------------------------------------------------------------------------------------------------------+
; Analysis & Synthesis Resource Utilization by Entity                                                                                                                                                                                                       ;
+---------------------------------------------+-------------------+--------------+-------------+--------------+---------+-----------+------+--------------+----------------------------------------------------------------------------------+--------------+
; Compilation Hierarchy Node                  ; LC Combinationals ; LC Registers ; Memory Bits ; DSP Elements ; DSP 9x9 ; DSP 18x18 ; Pins ; Virtual Pins ; Full Hierarchy Name                                                              ; Library Name ;
+---------------------------------------------+-------------------+--------------+-------------+--------------+---------+-----------+------+--------------+----------------------------------------------------------------------------------+--------------+
; |laba1                                      ; 161 (12)          ; 66 (2)       ; 0           ; 0            ; 0       ; 0         ; 53   ; 0            ; |laba1                                                                           ; work         ;
;    |RG2:inst2|                              ; 11 (0)            ; 11 (0)       ; 0           ; 0            ; 0       ; 0         ; 0    ; 0            ; |laba1|RG2:inst2                                                                 ; work         ;
;       |lpm_shiftreg:lpm_shiftreg_component| ; 11 (11)           ; 11 (11)      ; 0           ; 0            ; 0       ; 0         ; 0    ; 0            ; |laba1|RG2:inst2|lpm_shiftreg:lpm_shiftreg_component                             ;              ;
;    |RG:inst3|                               ; 10 (0)            ; 11 (0)       ; 0           ; 0            ; 0       ; 0         ; 0    ; 0            ; |laba1|RG:inst3                                                                  ; work         ;
;       |lpm_shiftreg:lpm_shiftreg_component| ; 10 (10)           ; 11 (11)      ; 0           ; 0            ; 0       ; 0         ; 0    ; 0            ; |laba1|RG:inst3|lpm_shiftreg:lpm_shiftreg_component                              ;              ;
;    |UA:inst39|                              ; 52 (52)           ; 16 (16)      ; 0           ; 0            ; 0       ; 0         ; 0    ; 0            ; |laba1|UA:inst39                                                                 ;              ;
;    |an11:inst38|                            ; 11 (0)            ; 0 (0)        ; 0           ; 0            ; 0       ; 0         ; 0    ; 0            ; |laba1|an11:inst38                                                               ; work         ;
;       |lpm_and:lpm_and_component|           ; 11 (11)           ; 0 (0)        ; 0           ; 0            ; 0       ; 0         ; 0    ; 0            ; |laba1|an11:inst38|lpm_and:lpm_and_component                                     ;              ;
;    |ct:inst24|                              ; 6 (0)             ; 5 (0)        ; 0           ; 0            ; 0       ; 0         ; 0    ; 0            ; |laba1|ct:inst24                                                                 ; work         ;
;       |lpm_counter:lpm_counter_component|   ; 6 (0)             ; 5 (0)        ; 0           ; 0            ; 0       ; 0         ; 0    ; 0            ; |laba1|ct:inst24|lpm_counter:lpm_counter_component                               ;              ;
;          |cntr_6cj:auto_generated|          ; 6 (6)             ; 5 (5)        ; 0           ; 0            ; 0       ; 0         ; 0    ; 0            ; |laba1|ct:inst24|lpm_counter:lpm_counter_component|cntr_6cj:auto_generated       ; work         ;
;    |ct:inst7|                               ; 6 (0)             ; 5 (0)        ; 0           ; 0            ; 0       ; 0         ; 0    ; 0            ; |laba1|ct:inst7                                                                  ; work         ;
;       |lpm_counter:lpm_counter_component|   ; 6 (0)             ; 5 (0)        ; 0           ; 0            ; 0       ; 0         ; 0    ; 0            ; |laba1|ct:inst7|lpm_counter:lpm_counter_component                                ;              ;
;          |cntr_6cj:auto_generated|          ; 6 (6)             ; 5 (5)        ; 0           ; 0            ; 0       ; 0         ; 0    ; 0            ; |laba1|ct:inst7|lpm_counter:lpm_counter_component|cntr_6cj:auto_generated        ; work         ;
;    |mux11:inst36|                           ; 11 (0)            ; 0 (0)        ; 0           ; 0            ; 0       ; 0         ; 0    ; 0            ; |laba1|mux11:inst36                                                              ;              ;
;       |lpm_mux:lpm_mux_component|           ; 11 (0)            ; 0 (0)        ; 0           ; 0            ; 0       ; 0         ; 0    ; 0            ; |laba1|mux11:inst36|lpm_mux:lpm_mux_component                                    ; work         ;
;          |mux_frc:auto_generated|           ; 11 (11)           ; 0 (0)        ; 0           ; 0            ; 0       ; 0         ; 0    ; 0            ; |laba1|mux11:inst36|lpm_mux:lpm_mux_component|mux_frc:auto_generated             ;              ;
;    |rg3:inst22|                             ; 11 (0)            ; 11 (0)       ; 0           ; 0            ; 0       ; 0         ; 0    ; 0            ; |laba1|rg3:inst22                                                                ;              ;
;       |lpm_shiftreg:lpm_shiftreg_component| ; 11 (11)           ; 11 (11)      ; 0           ; 0            ; 0       ; 0         ; 0    ; 0            ; |laba1|rg3:inst22|lpm_shiftreg:lpm_shiftreg_component                            ; work         ;
;    |rg4:inst4|                              ; 5 (0)             ; 5 (0)        ; 0           ; 0            ; 0       ; 0         ; 0    ; 0            ; |laba1|rg4:inst4                                                                 ; work         ;
;       |lpm_shiftreg:lpm_shiftreg_component| ; 5 (5)             ; 5 (5)        ; 0           ; 0            ; 0       ; 0         ; 0    ; 0            ; |laba1|rg4:inst4|lpm_shiftreg:lpm_shiftreg_component                             ;              ;
;    |sm:inst11|                              ; 6 (0)             ; 0 (0)        ; 0           ; 0            ; 0       ; 0         ; 0    ; 0            ; |laba1|sm:inst11                                                                 ;              ;
;       |lpm_add_sub:lpm_add_sub_component|   ; 6 (0)             ; 0 (0)        ; 0           ; 0            ; 0       ; 0         ; 0    ; 0            ; |laba1|sm:inst11|lpm_add_sub:lpm_add_sub_component                               ; work         ;
;          |add_sub_c2i:auto_generated|       ; 6 (6)             ; 0 (0)        ; 0           ; 0            ; 0       ; 0         ; 0    ; 0            ; |laba1|sm:inst11|lpm_add_sub:lpm_add_sub_component|add_sub_c2i:auto_generated    ;              ;
;    |sum11:inst19|                           ; 12 (0)            ; 0 (0)        ; 0           ; 0            ; 0       ; 0         ; 0    ; 0            ; |laba1|sum11:inst19                                                              ;              ;
;       |lpm_add_sub:lpm_add_sub_component|   ; 12 (0)            ; 0 (0)        ; 0           ; 0            ; 0       ; 0         ; 0    ; 0            ; |laba1|sum11:inst19|lpm_add_sub:lpm_add_sub_component                            ; work         ;
;          |add_sub_p3i:auto_generated|       ; 12 (12)           ; 0 (0)        ; 0           ; 0            ; 0       ; 0         ; 0    ; 0            ; |laba1|sum11:inst19|lpm_add_sub:lpm_add_sub_component|add_sub_p3i:auto_generated ;              ;
;    |xorks:inst20|                           ; 4 (0)             ; 0 (0)        ; 0           ; 0            ; 0       ; 0         ; 0    ; 0            ; |laba1|xorks:inst20                                                              ; work         ;
;       |lpm_xor:lpm_xor_component|           ; 4 (4)             ; 0 (0)        ; 0           ; 0            ; 0       ; 0         ; 0    ; 0            ; |laba1|xorks:inst20|lpm_xor:lpm_xor_component                                    ;              ;
;    |xorks:inst33|                           ; 4 (0)             ; 0 (0)        ; 0           ; 0            ; 0       ; 0         ; 0    ; 0            ; |laba1|xorks:inst33                                                              ;              ;
;       |lpm_xor:lpm_xor_component|           ; 4 (4)             ; 0 (0)        ; 0           ; 0            ; 0       ; 0         ; 0    ; 0            ; |laba1|xorks:inst33|lpm_xor:lpm_xor_component                                    ; work         ;
+---------------------------------------------+-------------------+--------------+-------------+--------------+---------+-----------+------+--------------+----------------------------------------------------------------------------------+--------------+
Note: For table entries with two numbers listed, the numbers in parentheses indicate the number of resources of the given type used by the specific entity alone. The numbers listed outside of parentheses indicate the total resources of the given type used by the specific entity and all of its sub-entities in the hierarchy.


+---------------------------------------------------------------------------------+
; Registers Removed During Synthesis                                              ;
+----------------------------------------+----------------------------------------+
; Register name                          ; Reason for Removal                     ;
+----------------------------------------+----------------------------------------+
; UA:inst39|pc[4,7..31]                  ; Stuck at GND due to stuck port data_in ;
; UA:inst39|pc[5]                        ; Merged with UA:inst39|pc[6]            ;
; Total Number of Removed Registers = 27 ;                                        ;
+----------------------------------------+----------------------------------------+


+------------------------------------------------------+
; General Register Statistics                          ;
+----------------------------------------------+-------+
; Statistic                                    ; Value ;
+----------------------------------------------+-------+
; Total registers                              ; 66    ;
; Number of registers using Synchronous Clear  ; 11    ;
; Number of registers using Synchronous Load   ; 10    ;
; Number of registers using Asynchronous Clear ; 1     ;
; Number of registers using Asynchronous Load  ; 0     ;
; Number of registers using Clock Enable       ; 32    ;
; Number of registers using Preset             ; 0     ;
+----------------------------------------------+-------+


+--------------------------------------------------+
; Inverted Register Statistics                     ;
+----------------------------------------+---------+
; Inverted Register                      ; Fan out ;
+----------------------------------------+---------+
; UA:inst39|pc[0]                        ; 16      ;
; Total number of inverted registers = 1 ;         ;
+----------------------------------------+---------+


+--------------------------------------------------------------------+
; Source assignments for ct:inst24|lpm_counter:lpm_counter_component ;
+---------------------------+-------+------+-------------------------+
; Assignment                ; Value ; From ; To                      ;
+---------------------------+-------+------+-------------------------+
; SUPPRESS_DA_RULE_INTERNAL ; a101  ; -    ; -                       ;
; SUPPRESS_DA_RULE_INTERNAL ; s102  ; -    ; -                       ;
; SUPPRESS_DA_RULE_INTERNAL ; s103  ; -    ; -                       ;
+---------------------------+-------+------+-------------------------+


+-------------------------------------------------------------------+
; Source assignments for ct:inst7|lpm_counter:lpm_counter_component ;
+---------------------------+-------+------+------------------------+
; Assignment                ; Value ; From ; To                     ;
+---------------------------+-------+------+------------------------+
; SUPPRESS_DA_RULE_INTERNAL ; a101  ; -    ; -                      ;
; SUPPRESS_DA_RULE_INTERNAL ; s102  ; -    ; -                      ;
; SUPPRESS_DA_RULE_INTERNAL ; s103  ; -    ; -                      ;
+---------------------------+-------+------+------------------------+


+------------------------------------------------------------------------------------------+
; Parameter Settings for User Entity Instance: ct:inst24|lpm_counter:lpm_counter_component ;
+------------------------+-------------+---------------------------------------------------+
; Parameter Name         ; Value       ; Type                                              ;
+------------------------+-------------+---------------------------------------------------+
; AUTO_CARRY_CHAINS      ; ON          ; AUTO_CARRY                                        ;
; IGNORE_CARRY_BUFFERS   ; OFF         ; IGNORE_CARRY                                      ;
; AUTO_CASCADE_CHAINS    ; ON          ; AUTO_CASCADE                                      ;
; IGNORE_CASCADE_BUFFERS ; OFF         ; IGNORE_CASCADE                                    ;
; LPM_WIDTH              ; 5           ; Untyped                                           ;
; LPM_DIRECTION          ; UP          ; Untyped                                           ;
; LPM_MODULUS            ; 0           ; Untyped                                           ;
; LPM_AVALUE             ; UNUSED      ; Untyped                                           ;
; LPM_SVALUE             ; UNUSED      ; Untyped                                           ;
; LPM_PORT_UPDOWN        ; PORT_UNUSED ; Untyped                                           ;
; DEVICE_FAMILY          ; Cyclone III ; Untyped                                           ;
; CARRY_CHAIN            ; MANUAL      ; Untyped                                           ;
; CARRY_CHAIN_LENGTH     ; 48          ; CARRY_CHAIN_LENGTH                                ;
; NOT_GATE_PUSH_BACK     ; ON          ; NOT_GATE_PUSH_BACK                                ;
; CARRY_CNT_EN           ; SMART       ; Untyped                                           ;
; LABWIDE_SCLR           ; ON          ; Untyped                                           ;
; USE_NEW_VERSION        ; TRUE        ; Untyped                                           ;
; CBXI_PARAMETER         ; cntr_6cj    ; Untyped                                           ;
+------------------------+-------------+---------------------------------------------------+
Note: In order to hide this table in the UI and the text report file, please set the "Show Parameter Settings Tables in Synthesis Report" option in "Analysis and Synthesis Settings -> More Settings" to "Off".


+------------------------------------------------------------------------------------------+
; Parameter Settings for User Entity Instance: sm:inst11|lpm_add_sub:lpm_add_sub_component ;
+------------------------+-------------+---------------------------------------------------+
; Parameter Name         ; Value       ; Type                                              ;
+------------------------+-------------+---------------------------------------------------+
; LPM_WIDTH              ; 5           ; Untyped                                           ;
; LPM_REPRESENTATION     ; UNSIGNED    ; Untyped                                           ;
; LPM_DIRECTION          ; ADD         ; Untyped                                           ;
; ONE_INPUT_IS_CONSTANT  ; NO          ; Untyped                                           ;
; LPM_PIPELINE           ; 0           ; Untyped                                           ;
; MAXIMIZE_SPEED         ; 5           ; Untyped                                           ;
; REGISTERED_AT_END      ; 0           ; Untyped                                           ;
; OPTIMIZE_FOR_SPEED     ; 5           ; Untyped                                           ;
; USE_CS_BUFFERS         ; 1           ; Untyped                                           ;
; CARRY_CHAIN            ; MANUAL      ; Untyped                                           ;
; CARRY_CHAIN_LENGTH     ; 48          ; CARRY_CHAIN_LENGTH                                ;
; DEVICE_FAMILY          ; Cyclone III ; Untyped                                           ;
; USE_WYS                ; OFF         ; Untyped                                           ;
; STYLE                  ; FAST        ; Untyped                                           ;
; CBXI_PARAMETER         ; add_sub_c2i ; Untyped                                           ;
; AUTO_CARRY_CHAINS      ; ON          ; AUTO_CARRY                                        ;
; IGNORE_CARRY_BUFFERS   ; OFF         ; IGNORE_CARRY                                      ;
; AUTO_CASCADE_CHAINS    ; ON          ; AUTO_CASCADE                                      ;
; IGNORE_CASCADE_BUFFERS ; OFF         ; IGNORE_CASCADE                                    ;
+------------------------+-------------+---------------------------------------------------+
Note: In order to hide this table in the UI and the text report file, please set the "Show Parameter Settings Tables in Synthesis Report" option in "Analysis and Synthesis Settings -> More Settings" to "Off".


+--------------------------------------------------------------------------------------------+
; Parameter Settings for User Entity Instance: rg4:inst4|lpm_shiftreg:lpm_shiftreg_component ;
+------------------------+-------------+-----------------------------------------------------+
; Parameter Name         ; Value       ; Type                                                ;
+------------------------+-------------+-----------------------------------------------------+
; LPM_WIDTH              ; 5           ; Untyped                                             ;
; LPM_DIRECTION          ; LEFT        ; Untyped                                             ;
; LPM_AVALUE             ; UNUSED      ; Untyped                                             ;
; LPM_SVALUE             ; UNUSED      ; Untyped                                             ;
; DEVICE_FAMILY          ; Cyclone III ; Untyped                                             ;
; AUTO_CARRY_CHAINS      ; ON          ; AUTO_CARRY                                          ;
; IGNORE_CARRY_BUFFERS   ; OFF         ; IGNORE_CARRY                                        ;
; AUTO_CASCADE_CHAINS    ; ON          ; AUTO_CASCADE                                        ;
; IGNORE_CASCADE_BUFFERS ; OFF         ; IGNORE_CASCADE                                      ;
+------------------------+-------------+-----------------------------------------------------+
Note: In order to hide this table in the UI and the text report file, please set the "Show Parameter Settings Tables in Synthesis Report" option in "Analysis and Synthesis Settings -> More Settings" to "Off".


+-------------------------------------------------------------------------------------+
; Parameter Settings for User Entity Instance: xorks:inst20|lpm_xor:lpm_xor_component ;
+----------------+-------+------------------------------------------------------------+
; Parameter Name ; Value ; Type                                                       ;
+----------------+-------+------------------------------------------------------------+
; LPM_WIDTH      ; 11    ; Untyped                                                    ;
; LPM_SIZE       ; 2     ; Untyped                                                    ;
+----------------+-------+------------------------------------------------------------+
Note: In order to hide this table in the UI and the text report file, please set the "Show Parameter Settings Tables in Synthesis Report" option in "Analysis and Synthesis Settings -> More Settings" to "Off".


+-------------------------------------------------------------------------------------+
; Parameter Settings for User Entity Instance: mux11:inst23|lpm_mux:lpm_mux_component ;
+------------------------+-------------+----------------------------------------------+
; Parameter Name         ; Value       ; Type                                         ;
+------------------------+-------------+----------------------------------------------+
; AUTO_CARRY_CHAINS      ; ON          ; AUTO_CARRY                                   ;
; IGNORE_CARRY_BUFFERS   ; OFF         ; IGNORE_CARRY                                 ;
; AUTO_CASCADE_CHAINS    ; ON          ; AUTO_CASCADE                                 ;
; IGNORE_CASCADE_BUFFERS ; OFF         ; IGNORE_CASCADE                               ;
; LPM_WIDTH              ; 11          ; Untyped                                      ;
; LPM_SIZE               ; 2           ; Untyped                                      ;
; LPM_WIDTHS             ; 1           ; Untyped                                      ;
; LPM_PIPELINE           ; 0           ; Untyped                                      ;
; CBXI_PARAMETER         ; mux_frc     ; Untyped                                      ;
; DEVICE_FAMILY          ; Cyclone III ; Untyped                                      ;
+------------------------+-------------+----------------------------------------------+
Note: In order to hide this table in the UI and the text report file, please set the "Show Parameter Settings Tables in Synthesis Report" option in "Analysis and Synthesis Settings -> More Settings" to "Off".


+---------------------------------------------------------------------------------------------+
; Parameter Settings for User Entity Instance: rg3:inst22|lpm_shiftreg:lpm_shiftreg_component ;
+------------------------+-------------+------------------------------------------------------+
; Parameter Name         ; Value       ; Type                                                 ;
+------------------------+-------------+------------------------------------------------------+
; LPM_WIDTH              ; 11          ; Untyped                                              ;
; LPM_DIRECTION          ; LEFT        ; Untyped                                              ;
; LPM_AVALUE             ; UNUSED      ; Untyped                                              ;
; LPM_SVALUE             ; UNUSED      ; Untyped                                              ;
; DEVICE_FAMILY          ; Cyclone III ; Untyped                                              ;
; AUTO_CARRY_CHAINS      ; ON          ; AUTO_CARRY                                           ;
; IGNORE_CARRY_BUFFERS   ; OFF         ; IGNORE_CARRY                                         ;
; AUTO_CASCADE_CHAINS    ; ON          ; AUTO_CASCADE                                         ;
; IGNORE_CASCADE_BUFFERS ; OFF         ; IGNORE_CASCADE                                       ;
+------------------------+-------------+------------------------------------------------------+
Note: In order to hide this table in the UI and the text report file, please set the "Show Parameter Settings Tables in Synthesis Report" option in "Analysis and Synthesis Settings -> More Settings" to "Off".


+---------------------------------------------------------------------------------------------+
; Parameter Settings for User Entity Instance: sum11:inst19|lpm_add_sub:lpm_add_sub_component ;
+------------------------+-------------+------------------------------------------------------+
; Parameter Name         ; Value       ; Type                                                 ;
+------------------------+-------------+------------------------------------------------------+
; LPM_WIDTH              ; 11          ; Untyped                                              ;
; LPM_REPRESENTATION     ; UNSIGNED    ; Untyped                                              ;
; LPM_DIRECTION          ; ADD         ; Untyped                                              ;
; ONE_INPUT_IS_CONSTANT  ; NO          ; Untyped                                              ;
; LPM_PIPELINE           ; 0           ; Untyped                                              ;
; MAXIMIZE_SPEED         ; 5           ; Untyped                                              ;
; REGISTERED_AT_END      ; 0           ; Untyped                                              ;
; OPTIMIZE_FOR_SPEED     ; 5           ; Untyped                                              ;
; USE_CS_BUFFERS         ; 1           ; Untyped                                              ;
; CARRY_CHAIN            ; MANUAL      ; Untyped                                              ;
; CARRY_CHAIN_LENGTH     ; 48          ; CARRY_CHAIN_LENGTH                                   ;
; DEVICE_FAMILY          ; Cyclone III ; Untyped                                              ;
; USE_WYS                ; OFF         ; Untyped                                              ;
; STYLE                  ; FAST        ; Untyped                                              ;
; CBXI_PARAMETER         ; add_sub_p3i ; Untyped                                              ;
; AUTO_CARRY_CHAINS      ; ON          ; AUTO_CARRY                                           ;
; IGNORE_CARRY_BUFFERS   ; OFF         ; IGNORE_CARRY                                         ;
; AUTO_CASCADE_CHAINS    ; ON          ; AUTO_CASCADE                                         ;
; IGNORE_CASCADE_BUFFERS ; OFF         ; IGNORE_CASCADE                                       ;
+------------------------+-------------+------------------------------------------------------+
Note: In order to hide this table in the UI and the text report file, please set the "Show Parameter Settings Tables in Synthesis Report" option in "Analysis and Synthesis Settings -> More Settings" to "Off".


+-------------------------------------------------------------------------------------------+
; Parameter Settings for User Entity Instance: RG:inst3|lpm_shiftreg:lpm_shiftreg_component ;
+------------------------+-------------+----------------------------------------------------+
; Parameter Name         ; Value       ; Type                                               ;
+------------------------+-------------+----------------------------------------------------+
; LPM_WIDTH              ; 11          ; Untyped                                            ;
; LPM_DIRECTION          ; RIGHT       ; Untyped                                            ;
; LPM_AVALUE             ; UNUSED      ; Untyped                                            ;
; LPM_SVALUE             ; UNUSED      ; Untyped                                            ;
; DEVICE_FAMILY          ; Cyclone III ; Untyped                                            ;
; AUTO_CARRY_CHAINS      ; ON          ; AUTO_CARRY                                         ;
; IGNORE_CARRY_BUFFERS   ; OFF         ; IGNORE_CARRY                                       ;
; AUTO_CASCADE_CHAINS    ; ON          ; AUTO_CASCADE                                       ;
; IGNORE_CASCADE_BUFFERS ; OFF         ; IGNORE_CASCADE                                     ;
+------------------------+-------------+----------------------------------------------------+
Note: In order to hide this table in the UI and the text report file, please set the "Show Parameter Settings Tables in Synthesis Report" option in "Analysis and Synthesis Settings -> More Settings" to "Off".


+------------------------------------------------------------------------------------+
; Parameter Settings for User Entity Instance: an11:inst38|lpm_and:lpm_and_component ;
+------------------------+-------------+---------------------------------------------+
; Parameter Name         ; Value       ; Type                                        ;
+------------------------+-------------+---------------------------------------------+
; AUTO_CARRY_CHAINS      ; ON          ; AUTO_CARRY                                  ;
; IGNORE_CARRY_BUFFERS   ; OFF         ; IGNORE_CARRY                                ;
; AUTO_CASCADE_CHAINS    ; ON          ; AUTO_CASCADE                                ;
; IGNORE_CASCADE_BUFFERS ; OFF         ; IGNORE_CASCADE                              ;
; LPM_WIDTH              ; 11          ; Untyped                                     ;
; LPM_SIZE               ; 2           ; Untyped                                     ;
; CARRY_CHAIN_LENGTH     ; 48          ; CARRY_CHAIN_LENGTH                          ;
; CARRY_CHAIN            ; MANUAL      ; Untyped                                     ;
; CASCADE_CHAIN          ; MANUAL      ; Untyped                                     ;
; DEVICE_FAMILY          ; Cyclone III ; Untyped                                     ;
+------------------------+-------------+---------------------------------------------+
Note: In order to hide this table in the UI and the text report file, please set the "Show Parameter Settings Tables in Synthesis Report" option in "Analysis and Synthesis Settings -> More Settings" to "Off".


+-------------------------------------------------------------------------------------+
; Parameter Settings for User Entity Instance: xorks:inst13|lpm_xor:lpm_xor_component ;
+----------------+-------+------------------------------------------------------------+
; Parameter Name ; Value ; Type                                                       ;
+----------------+-------+------------------------------------------------------------+
; LPM_WIDTH      ; 11    ; Untyped                                                    ;
; LPM_SIZE       ; 2     ; Untyped                                                    ;
+----------------+-------+------------------------------------------------------------+
Note: In order to hide this table in the UI and the text report file, please set the "Show Parameter Settings Tables in Synthesis Report" option in "Analysis and Synthesis Settings -> More Settings" to "Off".


+--------------------------------------------------------------------------------------------+
; Parameter Settings for User Entity Instance: RG2:inst2|lpm_shiftreg:lpm_shiftreg_component ;
+------------------------+-------------+-----------------------------------------------------+
; Parameter Name         ; Value       ; Type                                                ;
+------------------------+-------------+-----------------------------------------------------+
; LPM_WIDTH              ; 11          ; Untyped                                             ;
; LPM_DIRECTION          ; LEFT        ; Untyped                                             ;
; LPM_AVALUE             ; UNUSED      ; Untyped                                             ;
; LPM_SVALUE             ; UNUSED      ; Untyped                                             ;
; DEVICE_FAMILY          ; Cyclone III ; Untyped                                             ;
; AUTO_CARRY_CHAINS      ; ON          ; AUTO_CARRY                                          ;
; IGNORE_CARRY_BUFFERS   ; OFF         ; IGNORE_CARRY                                        ;
; AUTO_CASCADE_CHAINS    ; ON          ; AUTO_CASCADE                                        ;
; IGNORE_CASCADE_BUFFERS ; OFF         ; IGNORE_CASCADE                                      ;
+------------------------+-------------+-----------------------------------------------------+
Note: In order to hide this table in the UI and the text report file, please set the "Show Parameter Settings Tables in Synthesis Report" option in "Analysis and Synthesis Settings -> More Settings" to "Off".


+-------------------------------------------------------------------------------------+
; Parameter Settings for User Entity Instance: mux11:inst15|lpm_mux:lpm_mux_component ;
+------------------------+-------------+----------------------------------------------+
; Parameter Name         ; Value       ; Type                                         ;
+------------------------+-------------+----------------------------------------------+
; AUTO_CARRY_CHAINS      ; ON          ; AUTO_CARRY                                   ;
; IGNORE_CARRY_BUFFERS   ; OFF         ; IGNORE_CARRY                                 ;
; AUTO_CASCADE_CHAINS    ; ON          ; AUTO_CASCADE                                 ;
; IGNORE_CASCADE_BUFFERS ; OFF         ; IGNORE_CASCADE                               ;
; LPM_WIDTH              ; 11          ; Untyped                                      ;
; LPM_SIZE               ; 2           ; Untyped                                      ;
; LPM_WIDTHS             ; 1           ; Untyped                                      ;
; LPM_PIPELINE           ; 0           ; Untyped                                      ;
; CBXI_PARAMETER         ; mux_frc     ; Untyped                                      ;
; DEVICE_FAMILY          ; Cyclone III ; Untyped                                      ;
+------------------------+-------------+----------------------------------------------+
Note: In order to hide this table in the UI and the text report file, please set the "Show Parameter Settings Tables in Synthesis Report" option in "Analysis and Synthesis Settings -> More Settings" to "Off".


+-------------------------------------------------------------------------------------+
; Parameter Settings for User Entity Instance: mux11:inst17|lpm_mux:lpm_mux_component ;
+------------------------+-------------+----------------------------------------------+
; Parameter Name         ; Value       ; Type                                         ;
+------------------------+-------------+----------------------------------------------+
; AUTO_CARRY_CHAINS      ; ON          ; AUTO_CARRY                                   ;
; IGNORE_CARRY_BUFFERS   ; OFF         ; IGNORE_CARRY                                 ;
; AUTO_CASCADE_CHAINS    ; ON          ; AUTO_CASCADE                                 ;
; IGNORE_CASCADE_BUFFERS ; OFF         ; IGNORE_CASCADE                               ;
; LPM_WIDTH              ; 11          ; Untyped                                      ;
; LPM_SIZE               ; 2           ; Untyped                                      ;
; LPM_WIDTHS             ; 1           ; Untyped                                      ;
; LPM_PIPELINE           ; 0           ; Untyped                                      ;
; CBXI_PARAMETER         ; mux_frc     ; Untyped                                      ;
; DEVICE_FAMILY          ; Cyclone III ; Untyped                                      ;
+------------------------+-------------+----------------------------------------------+
Note: In order to hide this table in the UI and the text report file, please set the "Show Parameter Settings Tables in Synthesis Report" option in "Analysis and Synthesis Settings -> More Settings" to "Off".


+-----------------------------------------------------------------------------------------+
; Parameter Settings for User Entity Instance: ct:inst7|lpm_counter:lpm_counter_component ;
+------------------------+-------------+--------------------------------------------------+
; Parameter Name         ; Value       ; Type                                             ;
+------------------------+-------------+--------------------------------------------------+
; AUTO_CARRY_CHAINS      ; ON          ; AUTO_CARRY                                       ;
; IGNORE_CARRY_BUFFERS   ; OFF         ; IGNORE_CARRY                                     ;
; AUTO_CASCADE_CHAINS    ; ON          ; AUTO_CASCADE                                     ;
; IGNORE_CASCADE_BUFFERS ; OFF         ; IGNORE_CASCADE                                   ;
; LPM_WIDTH              ; 5           ; Untyped                                          ;
; LPM_DIRECTION          ; UP          ; Untyped                                          ;
; LPM_MODULUS            ; 0           ; Untyped                                          ;
; LPM_AVALUE             ; UNUSED      ; Untyped                                          ;
; LPM_SVALUE             ; UNUSED      ; Untyped                                          ;
; LPM_PORT_UPDOWN        ; PORT_UNUSED ; Untyped                                          ;
; DEVICE_FAMILY          ; Cyclone III ; Untyped                                          ;
; CARRY_CHAIN            ; MANUAL      ; Untyped                                          ;
; CARRY_CHAIN_LENGTH     ; 48          ; CARRY_CHAIN_LENGTH                               ;
; NOT_GATE_PUSH_BACK     ; ON          ; NOT_GATE_PUSH_BACK                               ;
; CARRY_CNT_EN           ; SMART       ; Untyped                                          ;
; LABWIDE_SCLR           ; ON          ; Untyped                                          ;
; USE_NEW_VERSION        ; TRUE        ; Untyped                                          ;
; CBXI_PARAMETER         ; cntr_6cj    ; Untyped                                          ;
+------------------------+-------------+--------------------------------------------------+
Note: In order to hide this table in the UI and the text report file, please set the "Show Parameter Settings Tables in Synthesis Report" option in "Analysis and Synthesis Settings -> More Settings" to "Off".


+----------------------------------------------------------------------------------+
; Parameter Settings for User Entity Instance: or55:inst27|lpm_or:lpm_or_component ;
+------------------------+-------------+-------------------------------------------+
; Parameter Name         ; Value       ; Type                                      ;
+------------------------+-------------+-------------------------------------------+
; AUTO_CARRY_CHAINS      ; ON          ; AUTO_CARRY                                ;
; IGNORE_CARRY_BUFFERS   ; OFF         ; IGNORE_CARRY                              ;
; AUTO_CASCADE_CHAINS    ; ON          ; AUTO_CASCADE                              ;
; IGNORE_CASCADE_BUFFERS ; OFF         ; IGNORE_CASCADE                            ;
; LPM_WIDTH              ; 1           ; Untyped                                   ;
; LPM_SIZE               ; 4           ; Untyped                                   ;
; CARRY_CHAIN_LENGTH     ; 48          ; CARRY_CHAIN_LENGTH                        ;
; CARRY_CHAIN            ; MANUAL      ; Untyped                                   ;
; CASCADE_CHAIN          ; MANUAL      ; Untyped                                   ;
; DEVICE_FAMILY          ; Cyclone III ; Untyped                                   ;
+------------------------+-------------+-------------------------------------------+
Note: In order to hide this table in the UI and the text report file, please set the "Show Parameter Settings Tables in Synthesis Report" option in "Analysis and Synthesis Settings -> More Settings" to "Off".


+-------------------------------------------------------------------------------------+
; Parameter Settings for User Entity Instance: mux11:inst36|lpm_mux:lpm_mux_component ;
+------------------------+-------------+----------------------------------------------+
; Parameter Name         ; Value       ; Type                                         ;
+------------------------+-------------+----------------------------------------------+
; AUTO_CARRY_CHAINS      ; ON          ; AUTO_CARRY                                   ;
; IGNORE_CARRY_BUFFERS   ; OFF         ; IGNORE_CARRY                                 ;
; AUTO_CASCADE_CHAINS    ; ON          ; AUTO_CASCADE                                 ;
; IGNORE_CASCADE_BUFFERS ; OFF         ; IGNORE_CASCADE                               ;
; LPM_WIDTH              ; 11          ; Untyped                                      ;
; LPM_SIZE               ; 2           ; Untyped                                      ;
; LPM_WIDTHS             ; 1           ; Untyped                                      ;
; LPM_PIPELINE           ; 0           ; Untyped                                      ;
; CBXI_PARAMETER         ; mux_frc     ; Untyped                                      ;
; DEVICE_FAMILY          ; Cyclone III ; Untyped                                      ;
+------------------------+-------------+----------------------------------------------+
Note: In order to hide this table in the UI and the text report file, please set the "Show Parameter Settings Tables in Synthesis Report" option in "Analysis and Synthesis Settings -> More Settings" to "Off".


+---------------------------------------------------------------------------------------------+
; Parameter Settings for User Entity Instance: shift:inst37|lpm_clshift:lpm_clshift_component ;
+----------------+-----------------+----------------------------------------------------------+
; Parameter Name ; Value           ; Type                                                     ;
+----------------+-----------------+----------------------------------------------------------+
; LPM_PIPELINE   ; 0               ; Untyped                                                  ;
; LPM_SHIFTTYPE  ; LOGICAL         ; Untyped                                                  ;
; LPM_WIDTH      ; 11              ; Untyped                                                  ;
; LPM_WIDTHDIST  ; 1               ; Untyped                                                  ;
; CBXI_PARAMETER ; lpm_clshift_nkb ; Untyped                                                  ;
+----------------+-----------------+----------------------------------------------------------+
Note: In order to hide this table in the UI and the text report file, please set the "Show Parameter Settings Tables in Synthesis Report" option in "Analysis and Synthesis Settings -> More Settings" to "Off".


+-------------------------------------------------------------------------------------+
; Parameter Settings for User Entity Instance: xorks:inst33|lpm_xor:lpm_xor_component ;
+----------------+-------+------------------------------------------------------------+
; Parameter Name ; Value ; Type                                                       ;
+----------------+-------+------------------------------------------------------------+
; LPM_WIDTH      ; 11    ; Untyped                                                    ;
; LPM_SIZE       ; 2     ; Untyped                                                    ;
+----------------+-------+------------------------------------------------------------+
Note: In order to hide this table in the UI and the text report file, please set the "Show Parameter Settings Tables in Synthesis Report" option in "Analysis and Synthesis Settings -> More Settings" to "Off".


+-------------------------------------------------------------------------------------+
; Parameter Settings for User Entity Instance: mux11:inst25|lpm_mux:lpm_mux_component ;
+------------------------+-------------+----------------------------------------------+
; Parameter Name         ; Value       ; Type                                         ;
+------------------------+-------------+----------------------------------------------+
; AUTO_CARRY_CHAINS      ; ON          ; AUTO_CARRY                                   ;
; IGNORE_CARRY_BUFFERS   ; OFF         ; IGNORE_CARRY                                 ;
; AUTO_CASCADE_CHAINS    ; ON          ; AUTO_CASCADE                                 ;
; IGNORE_CASCADE_BUFFERS ; OFF         ; IGNORE_CASCADE                               ;
; LPM_WIDTH              ; 11          ; Untyped                                      ;
; LPM_SIZE               ; 2           ; Untyped                                      ;
; LPM_WIDTHS             ; 1           ; Untyped                                      ;
; LPM_PIPELINE           ; 0           ; Untyped                                      ;
; CBXI_PARAMETER         ; mux_frc     ; Untyped                                      ;
; DEVICE_FAMILY          ; Cyclone III ; Untyped                                      ;
+------------------------+-------------+----------------------------------------------+
Note: In order to hide this table in the UI and the text report file, please set the "Show Parameter Settings Tables in Synthesis Report" option in "Analysis and Synthesis Settings -> More Settings" to "Off".


+-----------------------------------------------------------------------------+
; lpm_shiftreg Parameter Settings by Entity Instance                          ;
+----------------------------+------------------------------------------------+
; Name                       ; Value                                          ;
+----------------------------+------------------------------------------------+
; Number of entity instances ; 4                                              ;
; Entity Instance            ; rg4:inst4|lpm_shiftreg:lpm_shiftreg_component  ;
;     -- LPM_WIDTH           ; 5                                              ;
;     -- LPM_DIRECTION       ; LEFT                                           ;
; Entity Instance            ; rg3:inst22|lpm_shiftreg:lpm_shiftreg_component ;
;     -- LPM_WIDTH           ; 11                                             ;
;     -- LPM_DIRECTION       ; LEFT                                           ;
; Entity Instance            ; RG:inst3|lpm_shiftreg:lpm_shiftreg_component   ;
;     -- LPM_WIDTH           ; 11                                             ;
;     -- LPM_DIRECTION       ; RIGHT                                          ;
; Entity Instance            ; RG2:inst2|lpm_shiftreg:lpm_shiftreg_component  ;
;     -- LPM_WIDTH           ; 11                                             ;
;     -- LPM_DIRECTION       ; LEFT                                           ;
+----------------------------+------------------------------------------------+


+-------------------------------+
; Analysis & Synthesis Messages ;
+-------------------------------+
Info: *******************************************************************
Info: Running Quartus II 64-Bit Analysis & Synthesis
    Info: Version 9.1 Build 222 10/21/2009 SJ Full Version
    Info: Processing started: Tue Mar 12 01:15:10 2019
Info: Command: quartus_map --read_settings_files=on --write_settings_files=off laba1 -c laba1
Info: Parallel compilation is enabled and will use 2 of the 2 processors detected
Info: Found 1 design units, including 1 entities, in source file laba1.bdf
    Info: Found entity 1: laba1
Info: Found 1 design units, including 1 entities, in source file ua.v
    Info: Found entity 1: UA
Info: Elaborating entity "laba1" for the top level hierarchy
Info: Elaborating entity "UA" for hierarchy "UA:inst39"
Warning (10762): Verilog HDL Case Statement warning at UA.v(46): can't check case statement for completeness because the case expression has too many possible states
Warning: Using design file ct.tdf, which is not specified as a design file for the current project, but contains definitions for 1 design units and 1 entities in project
    Info: Found entity 1: ct
Info: Elaborating entity "ct" for hierarchy "ct:inst24"
Info: Elaborating entity "lpm_counter" for hierarchy "ct:inst24|lpm_counter:lpm_counter_component"
Info: Elaborated megafunction instantiation "ct:inst24|lpm_counter:lpm_counter_component"
Info: Instantiated megafunction "ct:inst24|lpm_counter:lpm_counter_component" with the following parameter:
    Info: Parameter "LPM_TYPE" = "LPM_COUNTER"
    Info: Parameter "LPM_WIDTH" = "5"
    Info: Parameter "LPM_DIRECTION" = "UP"
    Info: Parameter "LPM_PORT_UPDOWN" = "PORT_UNUSED"
Info: Found 1 design units, including 1 entities, in source file db/cntr_6cj.tdf
    Info: Found entity 1: cntr_6cj
Info: Elaborating entity "cntr_6cj" for hierarchy "ct:inst24|lpm_counter:lpm_counter_component|cntr_6cj:auto_generated"
Warning: Using design file sm.tdf, which is not specified as a design file for the current project, but contains definitions for 1 design units and 1 entities in project
    Info: Found entity 1: sm
Info: Elaborating entity "sm" for hierarchy "sm:inst11"
Info: Elaborating entity "lpm_add_sub" for hierarchy "sm:inst11|lpm_add_sub:lpm_add_sub_component"
Info: Elaborated megafunction instantiation "sm:inst11|lpm_add_sub:lpm_add_sub_component"
Info: Instantiated megafunction "sm:inst11|lpm_add_sub:lpm_add_sub_component" with the following parameter:
    Info: Parameter "LPM_TYPE" = "LPM_ADD_SUB"
    Info: Parameter "LPM_HINT" = "ONE_INPUT_IS_CONSTANT=NO,CIN_USED=YES"
    Info: Parameter "LPM_WIDTH" = "5"
    Info: Parameter "LPM_REPRESENTATION" = "UNSIGNED"
    Info: Parameter "LPM_DIRECTION" = "ADD"
Info: Found 1 design units, including 1 entities, in source file db/add_sub_c2i.tdf
    Info: Found entity 1: add_sub_c2i
Info: Elaborating entity "add_sub_c2i" for hierarchy "sm:inst11|lpm_add_sub:lpm_add_sub_component|add_sub_c2i:auto_generated"
Warning: Using design file rg4.tdf, which is not specified as a design file for the current project, but contains definitions for 1 design units and 1 entities in project
    Info: Found entity 1: rg4
Info: Elaborating entity "rg4" for hierarchy "rg4:inst4"
Info: Elaborating entity "lpm_shiftreg" for hierarchy "rg4:inst4|lpm_shiftreg:lpm_shiftreg_component"
Info: Elaborated megafunction instantiation "rg4:inst4|lpm_shiftreg:lpm_shiftreg_component"
Info: Instantiated megafunction "rg4:inst4|lpm_shiftreg:lpm_shiftreg_component" with the following parameter:
    Info: Parameter "LPM_TYPE" = "LPM_SHIFTREG"
    Info: Parameter "LPM_WIDTH" = "5"
    Info: Parameter "LPM_DIRECTION" = "LEFT"
Warning: Using design file xorks.tdf, which is not specified as a design file for the current project, but contains definitions for 1 design units and 1 entities in project
    Info: Found entity 1: xorks
Info: Elaborating entity "xorks" for hierarchy "xorks:inst20"
Info: Elaborating entity "lpm_xor" for hierarchy "xorks:inst20|lpm_xor:lpm_xor_component"
Info: Elaborated megafunction instantiation "xorks:inst20|lpm_xor:lpm_xor_component"
Info: Instantiated megafunction "xorks:inst20|lpm_xor:lpm_xor_component" with the following parameter:
    Info: Parameter "LPM_TYPE" = "LPM_XOR"
    Info: Parameter "LPM_WIDTH" = "11"
    Info: Parameter "LPM_SIZE" = "2"
Warning: Using design file mux11.tdf, which is not specified as a design file for the current project, but contains definitions for 1 design units and 1 entities in project
    Info: Found entity 1: mux11
Info: Elaborating entity "mux11" for hierarchy "mux11:inst23"
Info: Elaborating entity "lpm_mux" for hierarchy "mux11:inst23|lpm_mux:lpm_mux_component"
Info: Elaborated megafunction instantiation "mux11:inst23|lpm_mux:lpm_mux_component"
Info: Instantiated megafunction "mux11:inst23|lpm_mux:lpm_mux_component" with the following parameter:
    Info: Parameter "LPM_TYPE" = "LPM_MUX"
    Info: Parameter "LPM_WIDTH" = "11"
    Info: Parameter "LPM_SIZE" = "2"
    Info: Parameter "LPM_WIDTHS" = "1"
Info: Found 1 design units, including 1 entities, in source file db/mux_frc.tdf
    Info: Found entity 1: mux_frc
Info: Elaborating entity "mux_frc" for hierarchy "mux11:inst23|lpm_mux:lpm_mux_component|mux_frc:auto_generated"
Warning: Using design file rg3.tdf, which is not specified as a design file for the current project, but contains definitions for 1 design units and 1 entities in project
    Info: Found entity 1: rg3
Info: Elaborating entity "rg3" for hierarchy "rg3:inst22"
Info: Elaborating entity "lpm_shiftreg" for hierarchy "rg3:inst22|lpm_shiftreg:lpm_shiftreg_component"
Info: Elaborated megafunction instantiation "rg3:inst22|lpm_shiftreg:lpm_shiftreg_component"
Info: Instantiated megafunction "rg3:inst22|lpm_shiftreg:lpm_shiftreg_component" with the following parameter:
    Info: Parameter "LPM_TYPE" = "LPM_SHIFTREG"
    Info: Parameter "LPM_WIDTH" = "11"
    Info: Parameter "LPM_DIRECTION" = "LEFT"
Warning: Using design file sum11.tdf, which is not specified as a design file for the current project, but contains definitions for 1 design units and 1 entities in project
    Info: Found entity 1: sum11
Info: Elaborating entity "sum11" for hierarchy "sum11:inst19"
Info: Elaborating entity "lpm_add_sub" for hierarchy "sum11:inst19|lpm_add_sub:lpm_add_sub_component"
Info: Elaborated megafunction instantiation "sum11:inst19|lpm_add_sub:lpm_add_sub_component"
Info: Instantiated megafunction "sum11:inst19|lpm_add_sub:lpm_add_sub_component" with the following parameter:
    Info: Parameter "LPM_TYPE" = "LPM_ADD_SUB"
    Info: Parameter "LPM_HINT" = "ONE_INPUT_IS_CONSTANT=NO,CIN_USED=YES"
    Info: Parameter "LPM_WIDTH" = "11"
    Info: Parameter "LPM_REPRESENTATION" = "UNSIGNED"
    Info: Parameter "LPM_DIRECTION" = "ADD"
Info: Found 1 design units, including 1 entities, in source file db/add_sub_p3i.tdf
    Info: Found entity 1: add_sub_p3i
Info: Elaborating entity "add_sub_p3i" for hierarchy "sum11:inst19|lpm_add_sub:lpm_add_sub_component|add_sub_p3i:auto_generated"
Warning: Using design file rg.tdf, which is not specified as a design file for the current project, but contains definitions for 1 design units and 1 entities in project
    Info: Found entity 1: RG
Warning (12300): Found the following files while searching for definition of entity "RG", but did not use these files because already using a different file containing the entity definition
    Warning: File: RG.vhd
Info: Elaborating entity "RG" for hierarchy "RG:inst3"
Info: Elaborating entity "lpm_shiftreg" for hierarchy "RG:inst3|lpm_shiftreg:lpm_shiftreg_component"
Info: Elaborated megafunction instantiation "RG:inst3|lpm_shiftreg:lpm_shiftreg_component"
Info: Instantiated megafunction "RG:inst3|lpm_shiftreg:lpm_shiftreg_component" with the following parameter:
    Info: Parameter "LPM_TYPE" = "LPM_SHIFTREG"
    Info: Parameter "LPM_WIDTH" = "11"
    Info: Parameter "LPM_DIRECTION" = "RIGHT"
Warning: Using design file an11.tdf, which is not specified as a design file for the current project, but contains definitions for 1 design units and 1 entities in project
    Info: Found entity 1: an11
Info: Elaborating entity "an11" for hierarchy "an11:inst38"
Info: Elaborating entity "lpm_and" for hierarchy "an11:inst38|lpm_and:lpm_and_component"
Info: Elaborated megafunction instantiation "an11:inst38|lpm_and:lpm_and_component"
Info: Instantiated megafunction "an11:inst38|lpm_and:lpm_and_component" with the following parameter:
    Info: Parameter "LPM_TYPE" = "LPM_AND"
    Info: Parameter "LPM_WIDTH" = "11"
    Info: Parameter "LPM_SIZE" = "2"
Info: Elaborating entity "xorks" for hierarchy "xorks:inst13"
Warning: Using design file rg2.tdf, which is not specified as a design file for the current project, but contains definitions for 1 design units and 1 entities in project
    Info: Found entity 1: RG2
Info: Elaborating entity "RG2" for hierarchy "RG2:inst2"
Info: Elaborating entity "lpm_shiftreg" for hierarchy "RG2:inst2|lpm_shiftreg:lpm_shiftreg_component"
Info: Elaborated megafunction instantiation "RG2:inst2|lpm_shiftreg:lpm_shiftreg_component"
Info: Instantiated megafunction "RG2:inst2|lpm_shiftreg:lpm_shiftreg_component" with the following parameter:
    Info: Parameter "LPM_TYPE" = "LPM_SHIFTREG"
    Info: Parameter "LPM_WIDTH" = "11"
    Info: Parameter "LPM_DIRECTION" = "LEFT"
Info: Elaborating entity "mux11" for hierarchy "mux11:inst15"
Info: Elaborating entity "ct" for hierarchy "ct:inst7"
Warning: Using design file or55.tdf, which is not specified as a design file for the current project, but contains definitions for 1 design units and 1 entities in project
    Info: Found entity 1: or55
Info: Elaborating entity "or55" for hierarchy "or55:inst27"
Info: Elaborating entity "lpm_or" for hierarchy "or55:inst27|lpm_or:lpm_or_component"
Info: Elaborated megafunction instantiation "or55:inst27|lpm_or:lpm_or_component"
Info: Instantiated megafunction "or55:inst27|lpm_or:lpm_or_component" with the following parameter:
    Info: Parameter "LPM_TYPE" = "LPM_OR"
    Info: Parameter "LPM_WIDTH" = "1"
    Info: Parameter "LPM_SIZE" = "4"
Info: Elaborating entity "mux11" for hierarchy "mux11:inst36"
Warning: Using design file shift.tdf, which is not specified as a design file for the current project, but contains definitions for 1 design units and 1 entities in project
    Info: Found entity 1: shift
Info: Elaborating entity "shift" for hierarchy "shift:inst37"
Info: Elaborating entity "lpm_clshift" for hierarchy "shift:inst37|lpm_clshift:lpm_clshift_component"
Info: Elaborated megafunction instantiation "shift:inst37|lpm_clshift:lpm_clshift_component"
Info: Instantiated megafunction "shift:inst37|lpm_clshift:lpm_clshift_component" with the following parameter:
    Info: Parameter "LPM_TYPE" = "LPM_CLSHIFT"
    Info: Parameter "LPM_SHIFTTYPE" = "LOGICAL"
    Info: Parameter "LPM_WIDTH" = "11"
    Info: Parameter "LPM_WIDTHDIST" = "1"
Info: Found 1 design units, including 1 entities, in source file db/lpm_clshift_nkb.tdf
    Info: Found entity 1: lpm_clshift_nkb
Info: Elaborating entity "lpm_clshift_nkb" for hierarchy "shift:inst37|lpm_clshift:lpm_clshift_component|lpm_clshift_nkb:auto_generated"
Info: Elaborating entity "xorks" for hierarchy "xorks:inst33"
Info: Elaborating entity "mux11" for hierarchy "mux11:inst25"
Info: Implemented 220 device resources after synthesis - the final resource count might be different
    Info: Implemented 17 input pins
    Info: Implemented 36 output pins
    Info: Implemented 167 logic cells
Info: Quartus II 64-Bit Analysis & Synthesis was successful. 0 errors, 15 warnings
    Info: Peak virtual memory: 4454 megabytes
    Info: Processing ended: Tue Mar 12 01:15:26 2019
    Info: Elapsed time: 00:00:16
    Info: Total CPU time (on all processors): 00:00:06


