d:\documents\1курс\2курс\тп\lab3\lab3\lab3\debug\vc141.pdb
d:\documents\1курс\2курс\тп\lab3\lab3\lab3\debug\vc141.idb
d:\documents\1курс\2курс\тп\lab3\lab3\lab3\debug\solve1.obj
d:\documents\1курс\2курс\тп\lab3\lab3\lab3\debug\source.obj
d:\documents\1курс\2курс\тп\lab3\lab3\lab3\debug\mindist.obj
d:\documents\1курс\2курс\тп\lab3\lab3\lab3\debug\source.obj.enc
d:\documents\1курс\2курс\тп\lab3\lab3\debug\lab3.pdb
d:\documents\1курс\2курс\тп\lab3\lab3\lab3\debug\lab3.tlog\cl.command.1.tlog
d:\documents\1курс\2курс\тп\lab3\lab3\lab3\debug\lab3.tlog\cl.read.1.tlog
d:\documents\1курс\2курс\тп\lab3\lab3\lab3\debug\lab3.tlog\cl.write.1.tlog
d:\documents\1курс\2курс\тп\lab3\lab3\lab3\debug\lab3.tlog\lab3.write.1u.tlog
d:\documents\1курс\2курс\тп\lab3\lab3\lab3\debug\lab3.tlog\link-cvtres.read.1.tlog
d:\documents\1курс\2курс\тп\lab3\lab3\lab3\debug\lab3.tlog\link-cvtres.write.1.tlog
d:\documents\1курс\2курс\тп\lab3\lab3\lab3\debug\lab3.tlog\link-rc.read.1.tlog
d:\documents\1курс\2курс\тп\lab3\lab3\lab3\debug\lab3.tlog\link-rc.write.1.tlog
d:\documents\1курс\2курс\тп\lab3\lab3\lab3\debug\lab3.tlog\link.16168-cvtres.read.1.tlog
d:\documents\1курс\2курс\тп\lab3\lab3\lab3\debug\lab3.tlog\link.16168-cvtres.write.1.tlog
d:\documents\1курс\2курс\тп\lab3\lab3\lab3\debug\lab3.tlog\link.16168-rc.read.1.tlog
d:\documents\1курс\2курс\тп\lab3\lab3\lab3\debug\lab3.tlog\link.16168-rc.write.1.tlog
d:\documents\1курс\2курс\тп\lab3\lab3\lab3\debug\lab3.tlog\link.16168.read.1.tlog
d:\documents\1курс\2курс\тп\lab3\lab3\lab3\debug\lab3.tlog\link.16168.write.1.tlog
d:\documents\1курс\2курс\тп\lab3\lab3\lab3\debug\lab3.tlog\link.command.1.tlog
d:\documents\1курс\2курс\тп\lab3\lab3\lab3\debug\lab3.tlog\link.read.1.tlog
d:\documents\1курс\2курс\тп\lab3\lab3\lab3\debug\lab3.tlog\link.write.1.tlog
